2025-05-06 01:51:25,564 - Solver - INFO - Attempting to load solver data from: solver_inputs/solver_inputs_119008041.pkl
2025-05-06 01:51:25,566 - Solver - INFO - Successfully loaded data for UID: 119008041
2025-05-06 01:51:25,566 - Solver - INFO - Initializing KEM to generate Matrix A...
2025-05-06 01:51:25,566 - Solver - INFO - KEM Params: q=32768, n=640, nbar=8, Mod_Approx=8192
2025-05-06 01:51:25,566 - Solver - INFO - Generating matrix A (this might take a moment)...
2025-05-06 01:51:25,708 - Solver - INFO - Matrix A generated ((640, 640))
2025-05-06 01:51:25,709 - Solver - INFO - Matrix B loaded ((640, 8))
2025-05-06 01:51:25,709 - Solver - INFO - Constructing S_known matrix from approximations...
2025-05-06 01:51:25,713 - Solver - INFO - S_known_matrix (mod 8192) constructed. Processed: 5120, Missing: 0.
2025-05-06 01:51:25,716 - Solver - INFO - Attempting to solve 8 columns using 8 workers.
2025-05-06 01:51:25,716 - Solver - INFO - BKZ Parameters: Block Size = 20, Float Type = mp
2025-05-06 01:51:25,716 - Solver - INFO - Starting parallel lattice reduction...
2025-05-06 01:51:25,740 - Solver - INFO - [Worker 0] Starting...
2025-05-06 01:51:25,746 - Solver - INFO - [Worker 0] Constructing basis matrix (641x641)...
2025-05-06 01:51:25,747 - Solver - INFO - [Worker 1] Starting...
2025-05-06 01:51:25,753 - Solver - INFO - [Worker 2] Starting...
2025-05-06 01:51:25,753 - Solver - INFO - [Worker 1] Constructing basis matrix (641x641)...
2025-05-06 01:51:25,758 - Solver - INFO - [Worker 3] Starting...
2025-05-06 01:51:25,759 - Solver - INFO - [Worker 2] Constructing basis matrix (641x641)...
2025-05-06 01:51:25,764 - Solver - INFO - [Worker 4] Starting...
2025-05-06 01:51:25,764 - Solver - INFO - [Worker 3] Constructing basis matrix (641x641)...
2025-05-06 01:51:25,769 - Solver - INFO - [Worker 5] Starting...
2025-05-06 01:51:25,769 - Solver - INFO - [Worker 4] Constructing basis matrix (641x641)...
2025-05-06 01:51:25,774 - Solver - INFO - [Worker 6] Starting...
2025-05-06 01:51:25,774 - Solver - INFO - [Worker 5] Constructing basis matrix (641x641)...
2025-05-06 01:51:25,779 - Solver - INFO - [Worker 7] Starting...
2025-05-06 01:51:25,780 - Solver - INFO - [Worker 6] Constructing basis matrix (641x641)...
2025-05-06 01:51:25,785 - Solver - INFO - [Worker 7] Constructing basis matrix (641x641)...
2025-05-06 01:51:25,879 - Solver - INFO - [Worker 0] Basis matrix created.
2025-05-06 01:51:25,879 - Solver - INFO - [Worker 0] Starting BKZ reduction (block size 20)...
2025-05-06 01:51:25,886 - Solver - INFO - [Worker 1] Basis matrix created.
2025-05-06 01:51:25,886 - Solver - INFO - [Worker 1] Starting BKZ reduction (block size 20)...
2025-05-06 01:51:25,892 - Solver - INFO - [Worker 2] Basis matrix created.
2025-05-06 01:51:25,892 - Solver - INFO - [Worker 2] Starting BKZ reduction (block size 20)...
2025-05-06 01:51:25,897 - Solver - INFO - [Worker 3] Basis matrix created.
2025-05-06 01:51:25,897 - Solver - INFO - [Worker 3] Starting BKZ reduction (block size 20)...
2025-05-06 01:51:25,902 - Solver - INFO - [Worker 4] Basis matrix created.
2025-05-06 01:51:25,903 - Solver - INFO - [Worker 4] Starting BKZ reduction (block size 20)...
2025-05-06 01:51:25,907 - Solver - INFO - [Worker 5] Basis matrix created.
2025-05-06 01:51:25,907 - Solver - INFO - [Worker 5] Starting BKZ reduction (block size 20)...
2025-05-06 01:51:25,913 - Solver - INFO - [Worker 6] Basis matrix created.
2025-05-06 01:51:25,913 - Solver - INFO - [Worker 6] Starting BKZ reduction (block size 20)...
2025-05-06 01:51:25,917 - Solver - INFO - [Worker 7] Basis matrix created.
2025-05-06 01:51:25,917 - Solver - INFO - [Worker 7] Starting BKZ reduction (block size 20)...
2025-05-06 01:51:39,086 - Solver - INFO - [Worker 7] BKZ reduction finished in 13.17s.
2025-05-06 01:51:39,086 - Solver - INFO - [Worker 7] Analyzing first few vectors of reduced basis...
2025-05-06 01:51:39,086 - Solver - INFO - [Worker 7] Checking first 5 basis vectors (Block size: 20).
2025-05-06 01:51:39,086 - Solver - INFO - [Worker 7] Found candidate vector 3 with last coord -1 (non-zero s part).
2025-05-06 01:51:39,087 - Solver - INFO - [Worker 7] Candidate 3 check: Max absolute error = 10
2025-05-06 01:51:39,087 - Solver - INFO - [Worker 7] Candidate vector 3 verified (error seems small). Solution found.
2025-05-06 01:51:39,099 - Solver - INFO - Successfully processed column 7.
2025-05-06 01:51:39,192 - Solver - INFO - [Worker 4] BKZ reduction finished in 13.29s.
2025-05-06 01:51:39,192 - Solver - INFO - [Worker 4] Analyzing first few vectors of reduced basis...
2025-05-06 01:51:39,192 - Solver - INFO - [Worker 4] Checking first 5 basis vectors (Block size: 20).
2025-05-06 01:51:39,193 - Solver - INFO - [Worker 4] Found candidate vector 3 with last coord 1 (non-zero s part).
2025-05-06 01:51:39,193 - Solver - INFO - [Worker 4] Candidate 3 check: Max absolute error = 10
2025-05-06 01:51:39,194 - Solver - INFO - [Worker 4] Candidate vector 3 verified (error seems small). Solution found.
2025-05-06 01:51:39,206 - Solver - INFO - Successfully processed column 4.
2025-05-06 01:51:39,212 - Solver - INFO - [Worker 6] BKZ reduction finished in 13.30s.
2025-05-06 01:51:39,213 - Solver - INFO - [Worker 6] Analyzing first few vectors of reduced basis...
2025-05-06 01:51:39,213 - Solver - INFO - [Worker 6] Checking first 5 basis vectors (Block size: 20).
2025-05-06 01:51:39,213 - Solver - WARNING - [Worker 6] No suitable solution vector found in the first 5 basis vectors.
2025-05-06 01:51:39,215 - Solver - INFO - [Worker 0] BKZ reduction finished in 13.34s.
2025-05-06 01:51:39,215 - Solver - INFO - [Worker 0] Analyzing first few vectors of reduced basis...
2025-05-06 01:51:39,215 - Solver - INFO - [Worker 0] Checking first 5 basis vectors (Block size: 20).
2025-05-06 01:51:39,215 - Solver - INFO - [Worker 0] Found candidate vector 2 with last coord -1 (non-zero s part).
2025-05-06 01:51:39,216 - Solver - INFO - [Worker 0] Candidate 2 check: Max absolute error = 9
2025-05-06 01:51:39,216 - Solver - INFO - [Worker 0] Candidate vector 2 verified (error seems small). Solution found.
2025-05-06 01:51:39,225 - Solver - ERROR - Failed to find solution for column 6.
2025-05-06 01:51:39,230 - Solver - INFO - Successfully processed column 0.
2025-05-06 01:51:39,241 - Solver - INFO - [Worker 1] BKZ reduction finished in 13.35s.
2025-05-06 01:51:39,241 - Solver - INFO - [Worker 1] Analyzing first few vectors of reduced basis...
2025-05-06 01:51:39,241 - Solver - INFO - [Worker 1] Checking first 5 basis vectors (Block size: 20).
2025-05-06 01:51:39,242 - Solver - WARNING - [Worker 1] No suitable solution vector found in the first 5 basis vectors.
2025-05-06 01:51:39,253 - Solver - ERROR - Failed to find solution for column 1.
2025-05-06 01:51:39,321 - Solver - INFO - [Worker 2] BKZ reduction finished in 13.43s.
2025-05-06 01:51:39,321 - Solver - INFO - [Worker 2] Analyzing first few vectors of reduced basis...
2025-05-06 01:51:39,321 - Solver - INFO - [Worker 2] Checking first 5 basis vectors (Block size: 20).
2025-05-06 01:51:39,321 - Solver - INFO - [Worker 3] BKZ reduction finished in 13.42s.
2025-05-06 01:51:39,321 - Solver - INFO - [Worker 3] Analyzing first few vectors of reduced basis...
2025-05-06 01:51:39,321 - Solver - INFO - [Worker 3] Checking first 5 basis vectors (Block size: 20).
2025-05-06 01:51:39,321 - Solver - WARNING - [Worker 2] No suitable solution vector found in the first 5 basis vectors.
2025-05-06 01:51:39,322 - Solver - INFO - [Worker 3] Found candidate vector 1 with last coord -1 (non-zero s part).
2025-05-06 01:51:39,322 - Solver - INFO - [Worker 3] Candidate 1 check: Max absolute error = 9
2025-05-06 01:51:39,322 - Solver - INFO - [Worker 3] Candidate vector 1 verified (error seems small). Solution found.
2025-05-06 01:51:39,333 - Solver - ERROR - Failed to find solution for column 2.
2025-05-06 01:51:39,334 - Solver - INFO - Successfully processed column 3.
2025-05-06 01:51:39,365 - Solver - INFO - [Worker 5] BKZ reduction finished in 13.46s.
2025-05-06 01:51:39,365 - Solver - INFO - [Worker 5] Analyzing first few vectors of reduced basis...
2025-05-06 01:51:39,365 - Solver - INFO - [Worker 5] Checking first 5 basis vectors (Block size: 20).
2025-05-06 01:51:39,366 - Solver - INFO - [Worker 5] Found candidate vector 2 with last coord -1 (non-zero s part).
2025-05-06 01:51:39,366 - Solver - INFO - [Worker 5] Candidate 2 check: Max absolute error = 11
2025-05-06 01:51:39,366 - Solver - INFO - [Worker 5] Candidate vector 2 verified (error seems small). Solution found.
2025-05-06 01:51:39,378 - Solver - INFO - Successfully processed column 5.
2025-05-06 01:51:39,407 - Solver - INFO - Initial parallel solving finished in 13.69s.
2025-05-06 01:51:39,407 - Solver - INFO - --- Retrying 3 failed columns ([1, 2, 6]) with DOUBLED BKZ block size 40 ---
2025-05-06 01:51:39,425 - Solver - INFO - [Worker 1] Starting...
2025-05-06 01:51:39,430 - Solver - INFO - [Worker 1] Constructing basis matrix (641x641)...
2025-05-06 01:51:39,430 - Solver - INFO - [Worker 2] Starting...
2025-05-06 01:51:39,436 - Solver - INFO - [Worker 6] Starting...
2025-05-06 01:51:39,436 - Solver - INFO - [Worker 2] Constructing basis matrix (641x641)...
2025-05-06 01:51:39,441 - Solver - INFO - [Worker 6] Constructing basis matrix (641x641)...
2025-05-06 01:51:39,564 - Solver - INFO - [Worker 1] Basis matrix created.
2025-05-06 01:51:39,564 - Solver - INFO - [Worker 1] Starting BKZ reduction (block size 40)...
2025-05-06 01:51:39,570 - Solver - INFO - [Worker 2] Basis matrix created.
2025-05-06 01:51:39,570 - Solver - INFO - [Worker 2] Starting BKZ reduction (block size 40)...
2025-05-06 01:51:39,575 - Solver - INFO - [Worker 6] Basis matrix created.
2025-05-06 01:51:39,575 - Solver - INFO - [Worker 6] Starting BKZ reduction (block size 40)...
2025-05-06 01:51:52,867 - Solver - INFO - [Worker 1] BKZ reduction finished in 13.30s.
2025-05-06 01:51:52,867 - Solver - INFO - [Worker 1] Analyzing first few vectors of reduced basis...
2025-05-06 01:51:52,867 - Solver - INFO - [Worker 1] Checking first 9 basis vectors (Block size: 40).
2025-05-06 01:51:52,869 - Solver - WARNING - [Worker 1] No suitable solution vector found in the first 9 basis vectors.
2025-05-06 01:51:52,874 - Solver - INFO - [Worker 6] BKZ reduction finished in 13.30s.
2025-05-06 01:51:52,874 - Solver - INFO - [Worker 6] Analyzing first few vectors of reduced basis...
2025-05-06 01:51:52,874 - Solver - INFO - [Worker 6] Checking first 9 basis vectors (Block size: 40).
2025-05-06 01:51:52,875 - Solver - INFO - [Worker 6] Found candidate vector 5 with last coord 1 (non-zero s part).
2025-05-06 01:51:52,875 - Solver - INFO - [Worker 6] Candidate 5 check: Max absolute error = 9
2025-05-06 01:51:52,875 - Solver - INFO - [Worker 6] Candidate vector 5 verified (error seems small). Solution found.
2025-05-06 01:51:52,881 - Solver - ERROR - Failed to find solution for column 1 on RETRY (BKZ 40).
2025-05-06 01:51:52,887 - Solver - INFO - Successfully processed column 6 on RETRY (BKZ 40).
2025-05-06 01:51:52,967 - Solver - INFO - [Worker 2] BKZ reduction finished in 13.40s.
2025-05-06 01:51:52,967 - Solver - INFO - [Worker 2] Analyzing first few vectors of reduced basis...
2025-05-06 01:51:52,967 - Solver - INFO - [Worker 2] Checking first 9 basis vectors (Block size: 40).
2025-05-06 01:51:52,969 - Solver - WARNING - [Worker 2] No suitable solution vector found in the first 9 basis vectors.
2025-05-06 01:51:52,980 - Solver - ERROR - Failed to find solution for column 2 on RETRY (BKZ 40).
2025-05-06 01:51:52,994 - Solver - INFO - Retry phase (BKZ 40) finished in 13.59s.
2025-05-06 01:51:52,994 - Solver - INFO - --- Retrying 2 failed columns ([1, 2]) with DOUBLED BKZ block size 80 ---
2025-05-06 01:51:53,011 - Solver - INFO - [Worker 1] Starting...
2025-05-06 01:51:53,017 - Solver - INFO - [Worker 1] Constructing basis matrix (641x641)...
2025-05-06 01:51:53,017 - Solver - INFO - [Worker 2] Starting...
2025-05-06 01:51:53,022 - Solver - INFO - [Worker 2] Constructing basis matrix (641x641)...
2025-05-06 01:51:53,150 - Solver - INFO - [Worker 1] Basis matrix created.
2025-05-06 01:51:53,150 - Solver - INFO - [Worker 1] Starting BKZ reduction (block size 80)...
2025-05-06 01:51:53,155 - Solver - INFO - [Worker 2] Basis matrix created.
2025-05-06 01:51:53,155 - Solver - INFO - [Worker 2] Starting BKZ reduction (block size 80)...
2025-05-06 01:52:06,449 - Solver - INFO - [Worker 1] BKZ reduction finished in 13.30s.
2025-05-06 01:52:06,449 - Solver - INFO - [Worker 1] Analyzing first few vectors of reduced basis...
2025-05-06 01:52:06,449 - Solver - INFO - [Worker 1] Checking first 17 basis vectors (Block size: 80).
2025-05-06 01:52:06,450 - Solver - INFO - [Worker 1] Found candidate vector 9 with last coord -1 (non-zero s part).
2025-05-06 01:52:06,451 - Solver - INFO - [Worker 1] Candidate 9 check: Max absolute error = 9
2025-05-06 01:52:06,451 - Solver - INFO - [Worker 1] Candidate vector 9 verified (error seems small). Solution found.
2025-05-06 01:52:06,463 - Solver - INFO - Successfully processed column 1 on RETRY (BKZ 80).
2025-05-06 01:52:06,501 - Solver - INFO - [Worker 2] BKZ reduction finished in 13.35s.
2025-05-06 01:52:06,502 - Solver - INFO - [Worker 2] Analyzing first few vectors of reduced basis...
2025-05-06 01:52:06,502 - Solver - INFO - [Worker 2] Checking first 17 basis vectors (Block size: 80).
2025-05-06 01:52:06,504 - Solver - INFO - [Worker 2] Found candidate vector 16 with last coord -1 (non-zero s part).
2025-05-06 01:52:06,504 - Solver - INFO - [Worker 2] Candidate 16 check: Max absolute error = 10
2025-05-06 01:52:06,504 - Solver - INFO - [Worker 2] Candidate vector 16 verified (error seems small). Solution found.
2025-05-06 01:52:06,516 - Solver - INFO - Successfully processed column 2 on RETRY (BKZ 80).
2025-05-06 01:52:06,530 - Solver - INFO - Retry phase (BKZ 80) finished in 13.54s.
2025-05-06 01:52:06,530 - Solver - INFO - All columns successfully processed (potentially after retries).
2025-05-06 01:52:06,530 - Solver - INFO - Reconstructing final S matrix (using results from initial run and retries)...
2025-05-06 01:52:06,530 - Solver - INFO - Reconstructed column 0.
2025-05-06 01:52:06,531 - Solver - INFO - Reconstructed column 1.
2025-05-06 01:52:06,531 - Solver - INFO - Reconstructed column 2.
2025-05-06 01:52:06,531 - Solver - INFO - Reconstructed column 3.
2025-05-06 01:52:06,531 - Solver - INFO - Reconstructed column 4.
2025-05-06 01:52:06,532 - Solver - INFO - Reconstructed column 5.
2025-05-06 01:52:06,532 - Solver - INFO - Reconstructed column 6.
2025-05-06 01:52:06,532 - Solver - INFO - Reconstructed column 7.
2025-05-06 01:52:06,532 - Solver - INFO - Successfully reconstructed all attempted columns of S.
2025-05-06 01:52:06,532 - Solver - INFO - Performing final verification: Check if || B - AS || is small...
2025-05-06 01:52:06,535 - Solver - INFO - Verification Check: Max Abs Error = 11, Mean Abs Error = 2.20
2025-05-06 01:52:06,535 - Solver - INFO - Verification SUCCESS: Recovered error matrix E seems small, S is likely correct.
2025-05-06 01:52:06,535 - Solver - INFO - Saved recovered S matrix (shape (640, 8)) to recovered_S_119008041.npy
2025-05-06 01:52:06,535 - Solver - INFO - Solver script finished.

Recovered S matrix (first 5 rows, 8 columns):
[[ 0  0 -2  0  2  1 -3  0]
 [-2 -5 -3 -5  3  1 -1 -3]
 [ 0  1  4 -6  3 -1  2 -1]
 [-5 -1 -2 -3  2 -3 -1  4]
 [ 5  4  4  1 -3  3  2  4]]
[[ 0  0 -2 ...  1 -3  0]
 [-2 -5 -3 ...  1 -1 -3]
 [ 0  1  4 ... -1  2 -1]
 ...
 [-6  0  4 ... -6 -1 -2]
 [ 0 -2  1 ... -2 -5 -3]
 [ 0  3 -5 ...  3 -2  1]]
