2025-05-02 22:27:23,461 - Solver - INFO - Attempting to load solver data from: solver_inputs/solver_inputs_119008041.pkl
2025-05-02 22:27:23,463 - Solver - INFO - Successfully loaded data for UID: 119008041
2025-05-02 22:27:23,463 - Solver - INFO - Initializing KEM to generate Matrix A...
2025-05-02 22:27:23,463 - Solver - INFO - KEM Params: q=32768, n=640, nbar=8, Mod_Approx=8192
2025-05-02 22:27:23,463 - Solver - INFO - Generating matrix A (this might take a moment)...
2025-05-02 22:27:23,607 - Solver - INFO - Matrix A generated ((640, 640))
2025-05-02 22:27:23,608 - Solver - INFO - Matrix B loaded ((640, 8))
2025-05-02 22:27:23,608 - Solver - INFO - Constructing S_known matrix from approximations...
2025-05-02 22:27:23,612 - Solver - INFO - S_known_matrix (mod 8192) constructed. Processed: 5120, Missing: 0.
2025-05-02 22:27:23,615 - Solver - INFO -   SUCCESS: S_known column matches S_true column (mod 8192)!
2025-05-02 22:27:23,615 - Solver - INFO - --- Single Column Mode: Targeting column j=3 ---
2025-05-02 22:27:23,615 - Solver - INFO - Attempting to solve 1 columns using 1 workers.
2025-05-02 22:27:23,615 - Solver - INFO - BKZ Parameters: Block Size = 20, Float Type = mp
2025-05-02 22:27:23,615 - Solver - INFO - Preparing task for column 3
2025-05-02 22:27:23,615 - Solver - INFO - Starting parallel lattice reduction...
2025-05-02 22:27:23,632 - Solver - INFO - [Worker 3] Starting...
2025-05-02 22:27:23,637 - Solver - INFO - [Worker 3] Constructing basis matrix (641x641)...
2025-05-02 22:27:23,771 - Solver - INFO - [Worker 3] Basis matrix created.
2025-05-02 22:27:23,771 - Solver - INFO - [Worker 3] Starting BKZ reduction (block size 20)...
2025-05-02 22:28:53,567 - Solver - INFO - [Worker 3] BKZ reduction finished in 89.80s.
2025-05-02 22:28:53,567 - Solver - INFO - [Worker 3] Analyzing first few vectors of reduced basis...
2025-05-02 22:28:53,567 - Solver - INFO - [Worker 3] Found candidate vector 2 with last coord -1 (non-zero s part).
2025-05-02 22:28:53,568 - Solver - INFO - [Worker 3] Candidate 2 check: Max absolute error = 9
2025-05-02 22:28:53,568 - Solver - INFO - [Worker 3] Candidate vector 2 verified (error seems small). Solution found.
2025-05-02 22:28:53,579 - Solver - INFO - Successfully processed column 3.
2025-05-02 22:28:53,591 - Solver - INFO - Parallel solving finished in 89.98s.
2025-05-02 22:28:53,592 - Solver - INFO - Reconstructing final S matrix...
2025-05-02 22:28:53,592 - Solver - ERROR - Error reconstructing column 3: list indices must be integers or slices, not tuple
2025-05-02 22:28:53,592 - Solver - ERROR - Failed to recover all attempted columns of S. Cannot verify full matrix.
2025-05-02 22:28:53,592 - Solver - INFO - Saved recovered S matrix (shape (640, 8)) to recovered_S_119008041.npy
2025-05-02 22:28:53,592 - Solver - INFO - Solver script finished.

Recovered S matrix (first 5 rows, 1 columns):
[[-999]
 [-999]
 [-999]
 [-999]
 [-999]]
