2025-05-02 22:52:04,798 - Solver - INFO - Attempting to load solver data from: solver_inputs/solver_inputs_119008041.pkl
2025-05-02 22:52:04,800 - Solver - INFO - Successfully loaded data for UID: 119008041
2025-05-02 22:52:04,800 - Solver - INFO - Initializing KEM to generate Matrix A...
2025-05-02 22:52:04,800 - Solver - INFO - KEM Params: q=32768, n=640, nbar=8, Mod_Approx=8192
2025-05-02 22:52:04,800 - Solver - INFO - Generating matrix A (this might take a moment)...
2025-05-02 22:52:04,941 - Solver - INFO - Matrix A generated ((640, 640))
2025-05-02 22:52:04,941 - Solver - INFO - Matrix B loaded ((640, 8))
2025-05-02 22:52:04,941 - Solver - INFO - Constructing S_known matrix from approximations...
2025-05-02 22:52:04,945 - Solver - INFO - S_known_matrix (mod 8192) constructed. Processed: 5120, Missing: 0.
2025-05-02 22:52:04,948 - Solver - INFO - Attempting to solve 8 columns using 8 workers.
2025-05-02 22:52:04,948 - Solver - INFO - BKZ Parameters: Block Size = 20, Float Type = mp
2025-05-02 22:52:04,948 - Solver - INFO - Starting parallel lattice reduction...
2025-05-02 22:52:04,972 - Solver - INFO - [Worker 0] Starting...
2025-05-02 22:52:04,978 - Solver - INFO - [Worker 0] Constructing basis matrix (641x641)...
2025-05-02 22:52:04,981 - Solver - INFO - [Worker 1] Starting...
2025-05-02 22:52:04,986 - Solver - INFO - [Worker 1] Constructing basis matrix (641x641)...
2025-05-02 22:52:04,988 - Solver - INFO - [Worker 2] Starting...
2025-05-02 22:52:04,993 - Solver - INFO - [Worker 2] Constructing basis matrix (641x641)...
2025-05-02 22:52:04,994 - Solver - INFO - [Worker 3] Starting...
2025-05-02 22:52:05,000 - Solver - INFO - [Worker 3] Constructing basis matrix (641x641)...
2025-05-02 22:52:05,002 - Solver - INFO - [Worker 4] Starting...
2025-05-02 22:52:05,007 - Solver - INFO - [Worker 4] Constructing basis matrix (641x641)...
2025-05-02 22:52:05,009 - Solver - INFO - [Worker 5] Starting...
2025-05-02 22:52:05,014 - Solver - INFO - [Worker 5] Constructing basis matrix (641x641)...
2025-05-02 22:52:05,016 - Solver - INFO - [Worker 6] Starting...
2025-05-02 22:52:05,021 - Solver - INFO - [Worker 6] Constructing basis matrix (641x641)...
2025-05-02 22:52:05,022 - Solver - INFO - [Worker 7] Starting...
2025-05-02 22:52:05,028 - Solver - INFO - [Worker 7] Constructing basis matrix (641x641)...
2025-05-02 22:52:05,113 - Solver - INFO - [Worker 0] Basis matrix created.
2025-05-02 22:52:05,113 - Solver - INFO - [Worker 0] Starting BKZ reduction (block size 20)...
2025-05-02 22:52:05,120 - Solver - INFO - [Worker 1] Basis matrix created.
2025-05-02 22:52:05,120 - Solver - INFO - [Worker 1] Starting BKZ reduction (block size 20)...
2025-05-02 22:52:05,127 - Solver - INFO - [Worker 2] Basis matrix created.
2025-05-02 22:52:05,127 - Solver - INFO - [Worker 2] Starting BKZ reduction (block size 20)...
2025-05-02 22:52:05,133 - Solver - INFO - [Worker 3] Basis matrix created.
2025-05-02 22:52:05,133 - Solver - INFO - [Worker 3] Starting BKZ reduction (block size 20)...
2025-05-02 22:52:05,140 - Solver - INFO - [Worker 4] Basis matrix created.
2025-05-02 22:52:05,140 - Solver - INFO - [Worker 4] Starting BKZ reduction (block size 20)...
2025-05-02 22:52:05,148 - Solver - INFO - [Worker 5] Basis matrix created.
2025-05-02 22:52:05,148 - Solver - INFO - [Worker 5] Starting BKZ reduction (block size 20)...
2025-05-02 22:52:05,155 - Solver - INFO - [Worker 6] Basis matrix created.
2025-05-02 22:52:05,155 - Solver - INFO - [Worker 6] Starting BKZ reduction (block size 20)...
2025-05-02 22:52:05,161 - Solver - INFO - [Worker 7] Basis matrix created.
2025-05-02 22:52:05,161 - Solver - INFO - [Worker 7] Starting BKZ reduction (block size 20)...
2025-05-02 22:53:17,995 - Solver - INFO - [Worker 6] BKZ reduction finished in 72.84s.
2025-05-02 22:53:17,995 - Solver - INFO - [Worker 6] Analyzing first few vectors of reduced basis...
2025-05-02 22:53:17,996 - Solver - WARNING - [Worker 6] No suitable solution vector found in the first 5 basis vectors.
2025-05-02 22:53:18,007 - Solver - ERROR - Failed to find solution for column 6.
2025-05-02 22:53:27,267 - Solver - INFO - [Worker 5] BKZ reduction finished in 82.12s.
2025-05-02 22:53:27,268 - Solver - INFO - [Worker 5] Analyzing first few vectors of reduced basis...
2025-05-02 22:53:27,268 - Solver - INFO - [Worker 5] Found candidate vector 3 with last coord -1 (non-zero s part).
2025-05-02 22:53:27,269 - Solver - INFO - [Worker 5] Candidate 3 check: Max absolute error = 9
2025-05-02 22:53:27,269 - Solver - INFO - [Worker 5] Candidate vector 3 verified (error seems small). Solution found.
2025-05-02 22:53:27,280 - Solver - INFO - Successfully processed column 5.
2025-05-02 22:53:30,250 - Solver - INFO - [Worker 7] BKZ reduction finished in 85.09s.
2025-05-02 22:53:30,250 - Solver - INFO - [Worker 7] Analyzing first few vectors of reduced basis...
2025-05-02 22:53:30,251 - Solver - WARNING - [Worker 7] No suitable solution vector found in the first 5 basis vectors.
2025-05-02 22:53:30,262 - Solver - ERROR - Failed to find solution for column 7.
2025-05-02 22:53:32,656 - Solver - INFO - [Worker 3] BKZ reduction finished in 87.52s.
2025-05-02 22:53:32,656 - Solver - INFO - [Worker 3] Analyzing first few vectors of reduced basis...
2025-05-02 22:53:32,657 - Solver - INFO - [Worker 3] Found candidate vector 2 with last coord -1 (non-zero s part).
2025-05-02 22:53:32,657 - Solver - INFO - [Worker 3] Candidate 2 check: Max absolute error = 9
2025-05-02 22:53:32,657 - Solver - INFO - [Worker 3] Candidate vector 2 verified (error seems small). Solution found.
2025-05-02 22:53:32,669 - Solver - INFO - Successfully processed column 3.
2025-05-02 22:53:39,384 - Solver - INFO - [Worker 4] BKZ reduction finished in 94.24s.
2025-05-02 22:53:39,384 - Solver - INFO - [Worker 4] Analyzing first few vectors of reduced basis...
2025-05-02 22:53:39,385 - Solver - INFO - [Worker 4] Found candidate vector 2 with last coord -1 (non-zero s part).
2025-05-02 22:53:39,385 - Solver - INFO - [Worker 4] Candidate 2 check: Max absolute error = 9
2025-05-02 22:53:39,385 - Solver - INFO - [Worker 4] Candidate vector 2 verified (error seems small). Solution found.
2025-05-02 22:53:39,396 - Solver - INFO - Successfully processed column 4.
2025-05-02 22:53:40,018 - Solver - INFO - [Worker 2] BKZ reduction finished in 94.89s.
2025-05-02 22:53:40,018 - Solver - INFO - [Worker 2] Analyzing first few vectors of reduced basis...
2025-05-02 22:53:40,019 - Solver - INFO - [Worker 2] Found candidate vector 3 with last coord -1 (non-zero s part).
2025-05-02 22:53:40,019 - Solver - INFO - [Worker 2] Candidate 3 check: Max absolute error = 9
2025-05-02 22:53:40,019 - Solver - INFO - [Worker 2] Candidate vector 3 verified (error seems small). Solution found.
2025-05-02 22:53:40,030 - Solver - INFO - Successfully processed column 2.
2025-05-02 22:53:42,188 - Solver - INFO - [Worker 1] BKZ reduction finished in 97.07s.
2025-05-02 22:53:42,188 - Solver - INFO - [Worker 1] Analyzing first few vectors of reduced basis...
2025-05-02 22:53:42,189 - Solver - INFO - [Worker 1] Found candidate vector 4 with last coord 1 (non-zero s part).
2025-05-02 22:53:42,190 - Solver - INFO - [Worker 1] Candidate 4 check: Max absolute error = 10
2025-05-02 22:53:42,190 - Solver - INFO - [Worker 1] Candidate vector 4 verified (error seems small). Solution found.
2025-05-02 22:53:42,201 - Solver - INFO - Successfully processed column 1.
2025-05-02 22:53:45,035 - Solver - INFO - [Worker 0] BKZ reduction finished in 99.92s.
2025-05-02 22:53:45,036 - Solver - INFO - [Worker 0] Analyzing first few vectors of reduced basis...
2025-05-02 22:53:45,036 - Solver - INFO - [Worker 0] Found candidate vector 1 with last coord 1 (non-zero s part).
2025-05-02 22:53:45,036 - Solver - INFO - [Worker 0] Candidate 1 check: Max absolute error = 9
2025-05-02 22:53:45,037 - Solver - INFO - [Worker 0] Candidate vector 1 verified (error seems small). Solution found.
2025-05-02 22:53:45,048 - Solver - INFO - Successfully processed column 0.
2025-05-02 22:53:45,070 - Solver - INFO - Initial parallel solving finished in 100.12s.
2025-05-02 22:53:45,070 - Solver - INFO - --- Retrying 2 failed columns ([6, 7]) with BKZ block size 40 ---
2025-05-02 22:53:45,087 - Solver - INFO - [Worker 6] Starting...
2025-05-02 22:53:45,092 - Solver - INFO - [Worker 6] Constructing basis matrix (641x641)...
2025-05-02 22:53:45,092 - Solver - INFO - [Worker 7] Starting...
2025-05-02 22:53:45,097 - Solver - INFO - [Worker 7] Constructing basis matrix (641x641)...
2025-05-02 22:53:45,225 - Solver - INFO - [Worker 6] Basis matrix created.
2025-05-02 22:53:45,225 - Solver - INFO - [Worker 6] Starting BKZ reduction (block size 40)...
2025-05-02 22:53:45,230 - Solver - INFO - [Worker 7] Basis matrix created.
2025-05-02 22:53:45,230 - Solver - INFO - [Worker 7] Starting BKZ reduction (block size 40)...
2025-05-02 22:54:50,893 - Solver - INFO - [Worker 7] BKZ reduction finished in 65.66s.
2025-05-02 22:54:50,893 - Solver - INFO - [Worker 7] Analyzing first few vectors of reduced basis...
2025-05-02 22:54:50,894 - Solver - WARNING - [Worker 7] No suitable solution vector found in the first 5 basis vectors.
2025-05-02 22:54:50,905 - Solver - ERROR - Failed to find solution for column 7 on RETRY (BKZ 40).
2025-05-02 22:54:52,240 - Solver - INFO - [Worker 6] BKZ reduction finished in 67.02s.
2025-05-02 22:54:52,240 - Solver - INFO - [Worker 6] Analyzing first few vectors of reduced basis...
2025-05-02 22:54:52,241 - Solver - WARNING - [Worker 6] No suitable solution vector found in the first 5 basis vectors.
2025-05-02 22:54:52,252 - Solver - ERROR - Failed to find solution for column 6 on RETRY (BKZ 40).
2025-05-02 22:54:52,264 - Solver - INFO - Retry phase (BKZ 40) finished in 67.19s.
2025-05-02 22:54:52,264 - Solver - INFO - --- Retrying 2 failed columns ([6, 7]) with BKZ block size 60 ---
2025-05-02 22:54:52,281 - Solver - INFO - [Worker 6] Starting...
2025-05-02 22:54:52,286 - Solver - INFO - [Worker 6] Constructing basis matrix (641x641)...
2025-05-02 22:54:52,286 - Solver - INFO - [Worker 7] Starting...
2025-05-02 22:54:52,291 - Solver - INFO - [Worker 7] Constructing basis matrix (641x641)...
2025-05-02 22:54:52,419 - Solver - INFO - [Worker 6] Basis matrix created.
2025-05-02 22:54:52,419 - Solver - INFO - [Worker 6] Starting BKZ reduction (block size 60)...
2025-05-02 22:54:52,424 - Solver - INFO - [Worker 7] Basis matrix created.
2025-05-02 22:54:52,424 - Solver - INFO - [Worker 7] Starting BKZ reduction (block size 60)...
2025-05-02 22:56:10,908 - Solver - INFO - [Worker 7] BKZ reduction finished in 78.48s.
2025-05-02 22:56:10,908 - Solver - INFO - [Worker 7] Analyzing first few vectors of reduced basis...
2025-05-02 22:56:10,908 - Solver - WARNING - [Worker 7] No suitable solution vector found in the first 5 basis vectors.
2025-05-02 22:56:10,920 - Solver - ERROR - Failed to find solution for column 7 on RETRY (BKZ 60).
2025-05-02 22:56:14,873 - Solver - INFO - [Worker 6] BKZ reduction finished in 82.45s.
2025-05-02 22:56:14,873 - Solver - INFO - [Worker 6] Analyzing first few vectors of reduced basis...
2025-05-02 22:56:14,874 - Solver - WARNING - [Worker 6] No suitable solution vector found in the first 5 basis vectors.
2025-05-02 22:56:14,885 - Solver - ERROR - Failed to find solution for column 6 on RETRY (BKZ 60).
2025-05-02 22:56:14,898 - Solver - INFO - Retry phase (BKZ 60) finished in 82.63s.
2025-05-02 22:56:14,898 - Solver - INFO - --- Retrying 2 failed columns ([6, 7]) with BKZ block size 80 ---
2025-05-02 22:56:14,915 - Solver - INFO - [Worker 6] Starting...
2025-05-02 22:56:14,919 - Solver - INFO - [Worker 6] Constructing basis matrix (641x641)...
2025-05-02 22:56:14,920 - Solver - INFO - [Worker 7] Starting...
2025-05-02 22:56:14,924 - Solver - INFO - [Worker 7] Constructing basis matrix (641x641)...
2025-05-02 22:56:15,052 - Solver - INFO - [Worker 6] Basis matrix created.
2025-05-02 22:56:15,052 - Solver - INFO - [Worker 6] Starting BKZ reduction (block size 80)...
2025-05-02 22:56:15,057 - Solver - INFO - [Worker 7] Basis matrix created.
2025-05-02 22:56:15,057 - Solver - INFO - [Worker 7] Starting BKZ reduction (block size 80)...
2025-05-02 22:58:55,039 - Solver - INFO - [Worker 6] BKZ reduction finished in 159.99s.
2025-05-02 22:58:55,039 - Solver - INFO - [Worker 6] Analyzing first few vectors of reduced basis...
2025-05-02 22:58:55,040 - Solver - WARNING - [Worker 6] No suitable solution vector found in the first 5 basis vectors.
2025-05-02 22:58:55,051 - Solver - ERROR - Failed to find solution for column 6 on RETRY (BKZ 80).
2025-05-02 22:59:07,918 - Solver - INFO - [Worker 7] BKZ reduction finished in 172.86s.
2025-05-02 22:59:07,919 - Solver - INFO - [Worker 7] Analyzing first few vectors of reduced basis...
2025-05-02 22:59:07,919 - Solver - WARNING - [Worker 7] No suitable solution vector found in the first 5 basis vectors.
2025-05-02 22:59:07,930 - Solver - ERROR - Failed to find solution for column 7 on RETRY (BKZ 80).
2025-05-02 22:59:07,943 - Solver - INFO - Retry phase (BKZ 80) finished in 173.05s.
2025-05-02 22:59:07,943 - Solver - WARNING - Reached max retry block size (80). Stopping retries for columns: [6, 7]
2025-05-02 22:59:07,943 - Solver - ERROR - Columns [6, 7] failed to solve even after retrying up to block size 100.
2025-05-02 22:59:07,943 - Solver - INFO - Reconstructing final S matrix (using results from initial run and retries)...
2025-05-02 22:59:07,943 - Solver - INFO - Reconstructed column 0.
2025-05-02 22:59:07,944 - Solver - INFO - Reconstructed column 1.
2025-05-02 22:59:07,944 - Solver - INFO - Reconstructed column 2.
2025-05-02 22:59:07,944 - Solver - INFO - Reconstructed column 3.
2025-05-02 22:59:07,945 - Solver - INFO - Reconstructed column 4.
2025-05-02 22:59:07,945 - Solver - INFO - Reconstructed column 5.
2025-05-02 22:59:07,945 - Solver - ERROR - Column 6 data is missing. Final matrix will be incomplete.
2025-05-02 22:59:07,945 - Solver - ERROR - Column 7 data is missing. Final matrix will be incomplete.
2025-05-02 22:59:07,945 - Solver - ERROR - Failed to recover all attempted columns of S. Cannot verify full matrix.
2025-05-02 22:59:07,945 - Solver - INFO - Saved recovered S matrix (shape (640, 8)) to recovered_S_119008041.npy
2025-05-02 22:59:07,945 - Solver - INFO - Solver script finished.

Recovered S matrix (first 5 rows, 8 columns):
[[   1   -1   -4   -1    0    0 -999 -999]
 [  -4   -3   -2    1   -2   -2 -999 -999]
 [  -3   -1   -6   -2   -1    1 -999 -999]
 [  -5    0    0   -2   -1   -4 -999 -999]
 [   1   -7    0    3   -7   -2 -999 -999]]
