2025-05-02 22:46:26,177 - Solver - INFO - Attempting to load solver data from: solver_inputs/solver_inputs_119008041.pkl
2025-05-02 22:46:26,179 - Solver - INFO - Successfully loaded data for UID: 119008041
2025-05-02 22:46:26,179 - Solver - INFO - Initializing KEM to generate Matrix A...
2025-05-02 22:46:26,179 - Solver - INFO - KEM Params: q=32768, n=640, nbar=8, Mod_Approx=8192
2025-05-02 22:46:26,179 - Solver - INFO - Generating matrix A (this might take a moment)...
2025-05-02 22:46:26,321 - Solver - INFO - Matrix A generated ((640, 640))
2025-05-02 22:46:26,321 - Solver - INFO - Matrix B loaded ((640, 8))
2025-05-02 22:46:26,321 - Solver - INFO - Constructing S_known matrix from approximations...
2025-05-02 22:46:26,325 - Solver - INFO - S_known_matrix (mod 8192) constructed. Processed: 5120, Missing: 0.
2025-05-02 22:46:26,328 - Solver - INFO - Attempting to solve 8 columns using 8 workers.
2025-05-02 22:46:26,328 - Solver - INFO - BKZ Parameters: Block Size = 20, Float Type = mp
2025-05-02 22:46:26,328 - Solver - INFO - Starting parallel lattice reduction...
2025-05-02 22:46:26,352 - Solver - INFO - [Worker 0] Starting...
2025-05-02 22:46:26,358 - Solver - INFO - [Worker 0] Constructing basis matrix (641x641)...
2025-05-02 22:46:26,358 - Solver - INFO - [Worker 1] Starting...
2025-05-02 22:46:26,364 - Solver - INFO - [Worker 2] Starting...
2025-05-02 22:46:26,364 - Solver - INFO - [Worker 1] Constructing basis matrix (641x641)...
2025-05-02 22:46:26,369 - Solver - INFO - [Worker 3] Starting...
2025-05-02 22:46:26,369 - Solver - INFO - [Worker 2] Constructing basis matrix (641x641)...
2025-05-02 22:46:26,374 - Solver - INFO - [Worker 4] Starting...
2025-05-02 22:46:26,374 - Solver - INFO - [Worker 3] Constructing basis matrix (641x641)...
2025-05-02 22:46:26,379 - Solver - INFO - [Worker 5] Starting...
2025-05-02 22:46:26,380 - Solver - INFO - [Worker 4] Constructing basis matrix (641x641)...
2025-05-02 22:46:26,384 - Solver - INFO - [Worker 6] Starting...
2025-05-02 22:46:26,384 - Solver - INFO - [Worker 5] Constructing basis matrix (641x641)...
2025-05-02 22:46:26,389 - Solver - INFO - [Worker 7] Starting...
2025-05-02 22:46:26,390 - Solver - INFO - [Worker 6] Constructing basis matrix (641x641)...
2025-05-02 22:46:26,395 - Solver - INFO - [Worker 7] Constructing basis matrix (641x641)...
2025-05-02 22:46:26,492 - Solver - INFO - [Worker 0] Basis matrix created.
2025-05-02 22:46:26,492 - Solver - INFO - [Worker 0] Starting BKZ reduction (block size 20)...
2025-05-02 22:46:26,498 - Solver - INFO - [Worker 1] Basis matrix created.
2025-05-02 22:46:26,498 - Solver - INFO - [Worker 1] Starting BKZ reduction (block size 20)...
2025-05-02 22:46:26,503 - Solver - INFO - [Worker 2] Basis matrix created.
2025-05-02 22:46:26,503 - Solver - INFO - [Worker 2] Starting BKZ reduction (block size 20)...
2025-05-02 22:46:26,509 - Solver - INFO - [Worker 3] Basis matrix created.
2025-05-02 22:46:26,509 - Solver - INFO - [Worker 3] Starting BKZ reduction (block size 20)...
2025-05-02 22:46:26,513 - Solver - INFO - [Worker 4] Basis matrix created.
2025-05-02 22:46:26,513 - Solver - INFO - [Worker 4] Starting BKZ reduction (block size 20)...
2025-05-02 22:46:26,520 - Solver - INFO - [Worker 5] Basis matrix created.
2025-05-02 22:46:26,520 - Solver - INFO - [Worker 5] Starting BKZ reduction (block size 20)...
2025-05-02 22:46:26,523 - Solver - INFO - [Worker 6] Basis matrix created.
2025-05-02 22:46:26,524 - Solver - INFO - [Worker 6] Starting BKZ reduction (block size 20)...
2025-05-02 22:46:26,529 - Solver - INFO - [Worker 7] Basis matrix created.
2025-05-02 22:46:26,529 - Solver - INFO - [Worker 7] Starting BKZ reduction (block size 20)...
2025-05-02 22:47:39,415 - Solver - INFO - [Worker 6] BKZ reduction finished in 72.89s.
2025-05-02 22:47:39,415 - Solver - INFO - [Worker 6] Analyzing first few vectors of reduced basis...
2025-05-02 22:47:39,416 - Solver - WARNING - [Worker 6] No suitable solution vector found in the first 5 basis vectors.
2025-05-02 22:47:39,427 - Solver - ERROR - Failed to find solution for column 6.
2025-05-02 22:47:48,607 - Solver - INFO - [Worker 5] BKZ reduction finished in 82.09s.
2025-05-02 22:47:48,607 - Solver - INFO - [Worker 5] Analyzing first few vectors of reduced basis...
2025-05-02 22:47:48,608 - Solver - INFO - [Worker 5] Found candidate vector 3 with last coord -1 (non-zero s part).
2025-05-02 22:47:48,608 - Solver - INFO - [Worker 5] Candidate 3 check: Max absolute error = 9
2025-05-02 22:47:48,609 - Solver - INFO - [Worker 5] Candidate vector 3 verified (error seems small). Solution found.
2025-05-02 22:47:48,620 - Solver - INFO - Successfully processed column 5.
2025-05-02 22:47:51,535 - Solver - INFO - [Worker 7] BKZ reduction finished in 85.01s.
2025-05-02 22:47:51,535 - Solver - INFO - [Worker 7] Analyzing first few vectors of reduced basis...
2025-05-02 22:47:51,536 - Solver - WARNING - [Worker 7] No suitable solution vector found in the first 5 basis vectors.
2025-05-02 22:47:51,547 - Solver - ERROR - Failed to find solution for column 7.
2025-05-02 22:47:53,960 - Solver - INFO - [Worker 3] BKZ reduction finished in 87.45s.
2025-05-02 22:47:53,960 - Solver - INFO - [Worker 3] Analyzing first few vectors of reduced basis...
2025-05-02 22:47:53,960 - Solver - INFO - [Worker 3] Found candidate vector 2 with last coord -1 (non-zero s part).
2025-05-02 22:47:53,961 - Solver - INFO - [Worker 3] Candidate 2 check: Max absolute error = 9
2025-05-02 22:47:53,961 - Solver - INFO - [Worker 3] Candidate vector 2 verified (error seems small). Solution found.
2025-05-02 22:47:53,972 - Solver - INFO - Successfully processed column 3.
2025-05-02 22:48:00,657 - Solver - INFO - [Worker 4] BKZ reduction finished in 94.14s.
2025-05-02 22:48:00,657 - Solver - INFO - [Worker 4] Analyzing first few vectors of reduced basis...
2025-05-02 22:48:00,658 - Solver - INFO - [Worker 4] Found candidate vector 2 with last coord -1 (non-zero s part).
2025-05-02 22:48:00,658 - Solver - INFO - [Worker 4] Candidate 2 check: Max absolute error = 9
2025-05-02 22:48:00,658 - Solver - INFO - [Worker 4] Candidate vector 2 verified (error seems small). Solution found.
2025-05-02 22:48:00,670 - Solver - INFO - Successfully processed column 4.
2025-05-02 22:48:01,141 - Solver - INFO - [Worker 2] BKZ reduction finished in 94.64s.
2025-05-02 22:48:01,141 - Solver - INFO - [Worker 2] Analyzing first few vectors of reduced basis...
2025-05-02 22:48:01,141 - Solver - INFO - [Worker 2] Found candidate vector 3 with last coord -1 (non-zero s part).
2025-05-02 22:48:01,142 - Solver - INFO - [Worker 2] Candidate 3 check: Max absolute error = 9
2025-05-02 22:48:01,142 - Solver - INFO - [Worker 2] Candidate vector 3 verified (error seems small). Solution found.
2025-05-02 22:48:01,153 - Solver - INFO - Successfully processed column 2.
2025-05-02 22:48:03,395 - Solver - INFO - [Worker 1] BKZ reduction finished in 96.90s.
2025-05-02 22:48:03,395 - Solver - INFO - [Worker 1] Analyzing first few vectors of reduced basis...
2025-05-02 22:48:03,396 - Solver - INFO - [Worker 1] Found candidate vector 4 with last coord 1 (non-zero s part).
2025-05-02 22:48:03,397 - Solver - INFO - [Worker 1] Candidate 4 check: Max absolute error = 10
2025-05-02 22:48:03,397 - Solver - INFO - [Worker 1] Candidate vector 4 verified (error seems small). Solution found.
2025-05-02 22:48:03,408 - Solver - INFO - Successfully processed column 1.
2025-05-02 22:48:06,441 - Solver - INFO - [Worker 0] BKZ reduction finished in 99.95s.
2025-05-02 22:48:06,441 - Solver - INFO - [Worker 0] Analyzing first few vectors of reduced basis...
2025-05-02 22:48:06,441 - Solver - INFO - [Worker 0] Found candidate vector 1 with last coord 1 (non-zero s part).
2025-05-02 22:48:06,442 - Solver - INFO - [Worker 0] Candidate 1 check: Max absolute error = 9
2025-05-02 22:48:06,442 - Solver - INFO - [Worker 0] Candidate vector 1 verified (error seems small). Solution found.
2025-05-02 22:48:06,453 - Solver - INFO - Successfully processed column 0.
2025-05-02 22:48:06,476 - Solver - INFO - Parallel solving finished in 100.15s.
2025-05-02 22:48:06,476 - Solver - INFO - --- Retrying 2 failed columns ([6, 7]) with BKZ block size 40 ---
2025-05-02 22:48:06,493 - Solver - INFO - [Worker 6] Starting...
2025-05-02 22:48:06,499 - Solver - INFO - [Worker 6] Constructing basis matrix (641x641)...
2025-05-02 22:48:06,499 - Solver - INFO - [Worker 7] Starting...
2025-05-02 22:48:06,504 - Solver - INFO - [Worker 7] Constructing basis matrix (641x641)...
2025-05-02 22:48:06,632 - Solver - INFO - [Worker 6] Basis matrix created.
2025-05-02 22:48:06,632 - Solver - INFO - [Worker 6] Starting BKZ reduction (block size 40)...
2025-05-02 22:48:06,637 - Solver - INFO - [Worker 7] Basis matrix created.
2025-05-02 22:48:06,637 - Solver - INFO - [Worker 7] Starting BKZ reduction (block size 40)...
2025-05-02 22:49:12,243 - Solver - INFO - [Worker 7] BKZ reduction finished in 65.61s.
2025-05-02 22:49:12,243 - Solver - INFO - [Worker 7] Analyzing first few vectors of reduced basis...
2025-05-02 22:49:12,244 - Solver - WARNING - [Worker 7] No suitable solution vector found in the first 5 basis vectors.
2025-05-02 22:49:12,255 - Solver - ERROR - Failed to find solution for column 7 even on RETRY.
2025-05-02 22:49:13,604 - Solver - INFO - [Worker 6] BKZ reduction finished in 66.97s.
2025-05-02 22:49:13,604 - Solver - INFO - [Worker 6] Analyzing first few vectors of reduced basis...
2025-05-02 22:49:13,605 - Solver - WARNING - [Worker 6] No suitable solution vector found in the first 5 basis vectors.
2025-05-02 22:49:13,616 - Solver - ERROR - Failed to find solution for column 6 even on RETRY.
2025-05-02 22:49:13,628 - Solver - INFO - Retry phase finished in 67.15s.
2025-05-02 22:49:13,628 - Solver - INFO - Reconstructing final S matrix (using results from initial run and retries)...
2025-05-02 22:49:13,629 - Solver - INFO - Reconstructed column 0.
2025-05-02 22:49:13,629 - Solver - INFO - Reconstructed column 1.
2025-05-02 22:49:13,630 - Solver - INFO - Reconstructed column 2.
2025-05-02 22:49:13,630 - Solver - INFO - Reconstructed column 3.
2025-05-02 22:49:13,630 - Solver - INFO - Reconstructed column 4.
2025-05-02 22:49:13,630 - Solver - INFO - Reconstructed column 5.
2025-05-02 22:49:13,630 - Solver - ERROR - Column 6 data is missing. Final matrix will be incomplete.
2025-05-02 22:49:13,630 - Solver - ERROR - Column 7 data is missing. Final matrix will be incomplete.
2025-05-02 22:49:13,630 - Solver - ERROR - Failed to recover all attempted columns of S. Cannot verify full matrix.
2025-05-02 22:49:13,631 - Solver - INFO - Saved recovered S matrix (shape (640, 8)) to recovered_S_119008041.npy
2025-05-02 22:49:13,631 - Solver - INFO - Solver script finished.

Recovered S matrix (first 5 rows, 8 columns):
[[   1   -1   -4   -1    0    0 -999 -999]
 [  -4   -3   -2    1   -2   -2 -999 -999]
 [  -3   -1   -6   -2   -1    1 -999 -999]
 [  -5    0    0   -2   -1   -4 -999 -999]
 [   1   -7    0    3   -7   -2 -999 -999]]
