2025-05-02 22:36:46,138 - Solver - INFO - Attempting to load solver data from: solver_inputs/solver_inputs_119008041.pkl
2025-05-02 22:36:46,140 - Solver - INFO - Successfully loaded data for UID: 119008041
2025-05-02 22:36:46,140 - Solver - INFO - Initializing KEM to generate Matrix A...
2025-05-02 22:36:46,140 - Solver - INFO - KEM Params: q=32768, n=640, nbar=8, Mod_Approx=8192
2025-05-02 22:36:46,140 - Solver - INFO - Generating matrix A (this might take a moment)...
2025-05-02 22:36:46,279 - Solver - INFO - Matrix A generated ((640, 640))
2025-05-02 22:36:46,280 - Solver - INFO - Matrix B loaded ((640, 8))
2025-05-02 22:36:46,280 - Solver - INFO - Constructing S_known matrix from approximations...
2025-05-02 22:36:46,284 - Solver - INFO - S_known_matrix (mod 8192) constructed. Processed: 5120, Missing: 0.
2025-05-02 22:36:46,287 - Solver - INFO -   SUCCESS: S_known column matches S_true column (mod 8192)!
2025-05-02 22:36:46,287 - Solver - INFO - --- Single Column Mode: Targeting column j=3 ---
2025-05-02 22:36:46,287 - Solver - INFO - Attempting to solve 1 columns using 1 workers.
2025-05-02 22:36:46,287 - Solver - INFO - BKZ Parameters: Block Size = 1, Float Type = mp
2025-05-02 22:36:46,287 - Solver - INFO - Preparing task for column 3
2025-05-02 22:36:46,287 - Solver - INFO - Starting parallel lattice reduction...
2025-05-02 22:36:46,304 - Solver - INFO - [Worker 3] Starting...
2025-05-02 22:36:46,310 - Solver - INFO - [Worker 3] Constructing basis matrix (641x641)...
2025-05-02 22:36:46,444 - Solver - INFO - [Worker 3] Basis matrix created.
2025-05-02 22:36:46,444 - Solver - INFO - [Worker 3] Starting BKZ reduction (block size 1)...
2025-05-02 22:36:59,495 - Solver - INFO - [Worker 3] BKZ reduction finished in 13.05s.
2025-05-02 22:36:59,495 - Solver - INFO - [Worker 3] Analyzing first few vectors of reduced basis...
2025-05-02 22:36:59,496 - Solver - WARNING - [Worker 3] No suitable solution vector found in the first 5 basis vectors.
2025-05-02 22:36:59,507 - Solver - ERROR - Failed to find solution for column 3.
2025-05-02 22:36:59,519 - Solver - INFO - Parallel solving finished in 13.23s.
2025-05-02 22:36:59,519 - Solver - INFO - Reconstructing final S matrix...
2025-05-02 22:36:59,519 - Solver - ERROR - Column 3 data is missing. Final matrix will be incomplete.
2025-05-02 22:36:59,519 - Solver - ERROR - Failed to recover all attempted columns of S. Cannot verify full matrix.
2025-05-02 22:36:59,519 - Solver - INFO - Saved recovered S matrix (shape (640, 8)) to recovered_S_119008041.npy
2025-05-02 22:36:59,519 - Solver - INFO - Solver script finished.

Recovered S matrix (first 5 rows, 1 columns):
[[-999]
 [-999]
 [-999]
 [-999]
 [-999]]
