2025-05-02 14:34:38,044 - Solver - INFO - Attempting to load solver data from: solver_inputs/solver_inputs_119008041.pkl
2025-05-02 14:34:38,046 - Solver - INFO - Successfully loaded data for UID: 119008041
2025-05-02 14:34:38,046 - Solver - INFO - Initializing KEM to generate Matrix A...
2025-05-02 14:34:38,046 - Solver - INFO - KEM Params: q=32768, n=640, nbar=8, Mod_Approx=8192
2025-05-02 14:34:38,046 - Solver - INFO - Generating matrix A (this might take a moment)...
2025-05-02 14:34:38,185 - Solver - INFO - Matrix A generated ((640, 640))
2025-05-02 14:34:38,186 - Solver - INFO - Matrix B loaded ((640, 8))
2025-05-02 14:34:38,186 - Solver - INFO - Constructing S_known matrix from approximations...
2025-05-02 14:34:38,190 - Solver - INFO - S_known_matrix (mod 8192) constructed. Processed: 5120, Missing: 0.
2025-05-02 14:34:38,190 - Solver - WARNING - Reminder: Conversion from delta_thresh to S_known is currently a PLACEHOLDER.
2025-05-02 14:34:38,193 - Solver - INFO - Attempting to solve first 8 columns using 8 workers.
2025-05-02 14:34:38,193 - Solver - INFO - BKZ Parameters: Block Size = 60, Float Type = mp
2025-05-02 14:34:38,193 - Solver - INFO - Starting parallel lattice reduction...
2025-05-02 14:34:38,218 - Solver - INFO - [Worker 0] Starting...
2025-05-02 14:34:38,223 - Solver - INFO - [Worker 0] Constructing basis matrix (641x641)...
2025-05-02 14:34:38,224 - Solver - INFO - [Worker 1] Starting...
2025-05-02 14:34:38,230 - Solver - INFO - [Worker 1] Constructing basis matrix (641x641)...
2025-05-02 14:34:38,230 - Solver - INFO - [Worker 2] Starting...
2025-05-02 14:34:38,235 - Solver - INFO - [Worker 3] Starting...
2025-05-02 14:34:38,235 - Solver - INFO - [Worker 2] Constructing basis matrix (641x641)...
2025-05-02 14:34:38,240 - Solver - INFO - [Worker 4] Starting...
2025-05-02 14:34:38,240 - Solver - INFO - [Worker 3] Constructing basis matrix (641x641)...
2025-05-02 14:34:38,245 - Solver - INFO - [Worker 4] Constructing basis matrix (641x641)...
2025-05-02 14:34:38,245 - Solver - INFO - [Worker 5] Starting...
2025-05-02 14:34:38,251 - Solver - INFO - [Worker 6] Starting...
2025-05-02 14:34:38,251 - Solver - INFO - [Worker 5] Constructing basis matrix (641x641)...
2025-05-02 14:34:38,256 - Solver - INFO - [Worker 6] Constructing basis matrix (641x641)...
2025-05-02 14:34:38,256 - Solver - INFO - [Worker 7] Starting...
2025-05-02 14:34:38,261 - Solver - INFO - [Worker 7] Constructing basis matrix (641x641)...
2025-05-02 14:34:38,355 - Solver - INFO - [Worker 0] Basis matrix created.
2025-05-02 14:34:38,355 - Solver - INFO - [Worker 0] Starting BKZ reduction (block size 60)...
2025-05-02 14:34:38,362 - Solver - INFO - [Worker 1] Basis matrix created.
2025-05-02 14:34:38,362 - Solver - INFO - [Worker 1] Starting BKZ reduction (block size 60)...
2025-05-02 14:34:38,367 - Solver - INFO - [Worker 2] Basis matrix created.
2025-05-02 14:34:38,367 - Solver - INFO - [Worker 2] Starting BKZ reduction (block size 60)...
2025-05-02 14:34:38,372 - Solver - INFO - [Worker 3] Basis matrix created.
2025-05-02 14:34:38,372 - Solver - INFO - [Worker 3] Starting BKZ reduction (block size 60)...
2025-05-02 14:34:38,377 - Solver - INFO - [Worker 4] Basis matrix created.
2025-05-02 14:34:38,377 - Solver - INFO - [Worker 4] Starting BKZ reduction (block size 60)...
2025-05-02 14:34:38,384 - Solver - INFO - [Worker 5] Basis matrix created.
2025-05-02 14:34:38,384 - Solver - INFO - [Worker 5] Starting BKZ reduction (block size 60)...
2025-05-02 14:34:38,388 - Solver - INFO - [Worker 6] Basis matrix created.
2025-05-02 14:34:38,388 - Solver - INFO - [Worker 6] Starting BKZ reduction (block size 60)...
2025-05-02 14:34:38,393 - Solver - INFO - [Worker 7] Basis matrix created.
2025-05-02 14:34:38,393 - Solver - INFO - [Worker 7] Starting BKZ reduction (block size 60)...
2025-05-02 14:35:48,925 - Solver - INFO - [Worker 1] BKZ reduction finished in 70.56s.
2025-05-02 14:35:48,925 - Solver - INFO - [Worker 1] Analyzing reduced basis...
2025-05-02 14:35:48,925 - Solver - WARNING - [Worker 1] First vector of reduced basis doesn't seem to be solution (last coord: 32768). Further analysis or higher BKZ block size might be needed.
2025-05-02 14:35:48,937 - Solver - ERROR - Failed to find solution for column 1.
2025-05-02 14:35:49,251 - Solver - INFO - [Worker 0] BKZ reduction finished in 70.90s.
2025-05-02 14:35:49,251 - Solver - INFO - [Worker 0] Analyzing reduced basis...
2025-05-02 14:35:49,252 - Solver - WARNING - [Worker 0] First vector of reduced basis doesn't seem to be solution (last coord: 32768). Further analysis or higher BKZ block size might be needed.
2025-05-02 14:35:49,263 - Solver - ERROR - Failed to find solution for column 0.
2025-05-02 14:35:57,013 - Solver - INFO - [Worker 3] BKZ reduction finished in 78.64s.
2025-05-02 14:35:57,013 - Solver - INFO - [Worker 3] Analyzing reduced basis...
2025-05-02 14:35:57,014 - Solver - WARNING - [Worker 3] First vector of reduced basis doesn't seem to be solution (last coord: 32768). Further analysis or higher BKZ block size might be needed.
2025-05-02 14:35:57,025 - Solver - ERROR - Failed to find solution for column 3.
2025-05-02 14:35:59,268 - Solver - INFO - [Worker 6] BKZ reduction finished in 80.88s.
2025-05-02 14:35:59,268 - Solver - INFO - [Worker 6] Analyzing reduced basis...
2025-05-02 14:35:59,268 - Solver - WARNING - [Worker 6] First vector of reduced basis doesn't seem to be solution (last coord: 32768). Further analysis or higher BKZ block size might be needed.
2025-05-02 14:35:59,279 - Solver - ERROR - Failed to find solution for column 6.
2025-05-02 14:36:05,869 - Solver - INFO - [Worker 2] BKZ reduction finished in 87.50s.
2025-05-02 14:36:05,869 - Solver - INFO - [Worker 2] Analyzing reduced basis...
2025-05-02 14:36:05,869 - Solver - WARNING - [Worker 2] First vector of reduced basis doesn't seem to be solution (last coord: 32768). Further analysis or higher BKZ block size might be needed.
2025-05-02 14:36:05,880 - Solver - ERROR - Failed to find solution for column 2.
2025-05-02 14:36:09,699 - Solver - INFO - [Worker 7] BKZ reduction finished in 91.31s.
2025-05-02 14:36:09,699 - Solver - INFO - [Worker 7] Analyzing reduced basis...
2025-05-02 14:36:09,699 - Solver - WARNING - [Worker 7] First vector of reduced basis doesn't seem to be solution (last coord: 32768). Further analysis or higher BKZ block size might be needed.
2025-05-02 14:36:09,710 - Solver - ERROR - Failed to find solution for column 7.
2025-05-02 14:36:11,309 - Solver - INFO - [Worker 5] BKZ reduction finished in 92.93s.
2025-05-02 14:36:11,309 - Solver - INFO - [Worker 5] Analyzing reduced basis...
2025-05-02 14:36:11,309 - Solver - WARNING - [Worker 5] First vector of reduced basis doesn't seem to be solution (last coord: 32768). Further analysis or higher BKZ block size might be needed.
2025-05-02 14:36:11,321 - Solver - ERROR - Failed to find solution for column 5.
2025-05-02 14:36:15,190 - Solver - INFO - [Worker 4] BKZ reduction finished in 96.81s.
2025-05-02 14:36:15,190 - Solver - INFO - [Worker 4] Analyzing reduced basis...
2025-05-02 14:36:15,191 - Solver - WARNING - [Worker 4] First vector of reduced basis doesn't seem to be solution (last coord: 32768). Further analysis or higher BKZ block size might be needed.
2025-05-02 14:36:15,202 - Solver - ERROR - Failed to find solution for column 4.
2025-05-02 14:36:15,224 - Solver - INFO - Parallel solving finished in 97.03s.
2025-05-02 14:36:15,224 - Solver - INFO - Reconstructing final S matrix...
2025-05-02 14:36:15,224 - Solver - ERROR - Column 0 data is missing. Final matrix will be incomplete.
2025-05-02 14:36:15,224 - Solver - ERROR - Column 1 data is missing. Final matrix will be incomplete.
2025-05-02 14:36:15,224 - Solver - ERROR - Column 2 data is missing. Final matrix will be incomplete.
2025-05-02 14:36:15,224 - Solver - ERROR - Column 3 data is missing. Final matrix will be incomplete.
2025-05-02 14:36:15,224 - Solver - ERROR - Column 4 data is missing. Final matrix will be incomplete.
2025-05-02 14:36:15,224 - Solver - ERROR - Column 5 data is missing. Final matrix will be incomplete.
2025-05-02 14:36:15,224 - Solver - ERROR - Column 6 data is missing. Final matrix will be incomplete.
2025-05-02 14:36:15,224 - Solver - ERROR - Column 7 data is missing. Final matrix will be incomplete.
2025-05-02 14:36:15,224 - Solver - ERROR - Failed to recover all attempted columns of S. Cannot verify.
2025-05-02 14:36:15,224 - Solver - INFO - Saved recovered S matrix (shape (640, 8)) to recovered_S_119008041.npy
2025-05-02 14:36:15,224 - Solver - INFO - Solver script finished.

Recovered S matrix (first 5 rows, 8 columns):
[[-999 -999 -999 -999 -999 -999 -999 -999]
 [-999 -999 -999 -999 -999 -999 -999 -999]
 [-999 -999 -999 -999 -999 -999 -999 -999]
 [-999 -999 -999 -999 -999 -999 -999 -999]
 [-999 -999 -999 -999 -999 -999 -999 -999]]
