2025-05-02 17:13:53,412 - INFO - Setting up server for UID: 119008041, Deterministic: False
2025-05-02 17:13:54,116 - INFO - Received Public Key (PK): D6236EC242...ED58961170
2025-05-02 17:13:54,192 - INFO - Parsed seedA and unpacked b into matrix B (640x8)
2025-05-02 17:13:54,192 - INFO - Starting recovery using 32 workers... Salt length: 32
2025-05-02 17:13:54,192 - INFO - Targeting entries up to k=639, l=7
Server is up and running!
Key pair generated and stored
2025-05-02 17:13:57,427 - WARNING - No threshold delta found for M[0][0] in range [0, 4096]
2025-05-02 17:13:57,427 - WARNING - Worker failed to find threshold for S[0][0]
2025-05-02 17:13:57,445 - WARNING - No threshold delta found for M[2][2] in range [0, 4096]
2025-05-02 17:13:57,445 - WARNING - Worker failed to find threshold for S[0][2]
2025-05-02 17:13:57,459 - WARNING - No threshold delta found for M[6][6] in range [0, 4096]
2025-05-02 17:13:57,459 - WARNING - Worker failed to find threshold for S[0][6]
2025-05-02 17:13:57,472 - WARNING - No threshold delta found for M[7][7] in range [0, 4096]
2025-05-02 17:13:57,472 - WARNING - Worker failed to find threshold for S[0][7]
2025-05-02 17:13:57,476 - WARNING - No threshold delta found for M[0][0] in range [0, 4096]
2025-05-02 17:13:57,476 - WARNING - Worker failed to find threshold for S[1][0]
2025-05-02 17:13:57,476 - WARNING - No threshold delta found for M[1][1] in range [0, 4096]
2025-05-02 17:13:57,477 - WARNING - Worker failed to find threshold for S[1][1]
2025-05-02 17:13:57,555 - WARNING - No threshold delta found for M[3][3] in range [0, 4096]
2025-05-02 17:13:57,555 - WARNING - Worker failed to find threshold for S[3][3]
2025-05-02 17:13:57,558 - WARNING - No threshold delta found for M[7][7] in range [0, 4096]
2025-05-02 17:13:57,558 - WARNING - Worker failed to find threshold for S[1][7]
2025-05-02 17:13:57,560 - WARNING - No threshold delta found for M[2][2] in range [0, 4096]
2025-05-02 17:13:57,560 - WARNING - Worker failed to find threshold for S[3][2]
2025-05-02 17:13:57,560 - WARNING - No threshold delta found for M[2][2] in range [0, 4096]
2025-05-02 17:13:57,560 - WARNING - Worker failed to find threshold for S[2][2]
2025-05-02 17:13:57,561 - WARNING - No threshold delta found for M[5][5] in range [0, 4096]
2025-05-02 17:13:57,561 - WARNING - Worker failed to find threshold for S[2][5]
2025-05-02 17:13:57,561 - WARNING - No threshold delta found for M[6][6] in range [0, 4096]
2025-05-02 17:13:57,561 - WARNING - Worker failed to find threshold for S[1][6]
2025-05-02 17:13:57,591 - WARNING - No threshold delta found for M[5][5] in range [0, 4096]
2025-05-02 17:13:57,592 - WARNING - Worker failed to find threshold for S[3][5]
2025-05-02 17:13:57,729 - WARNING - No threshold delta found for M[3][3] in range [0, 4096]
2025-05-02 17:13:57,730 - WARNING - Worker failed to find threshold for S[1][3]
2025-05-02 17:13:57,729 - WARNING - No threshold delta found for M[6][6] in range [0, 4096]
2025-05-02 17:13:57,730 - WARNING - Worker failed to find threshold for S[2][6]
2025-05-02 17:13:57,732 - WARNING - No threshold delta found for M[1][1] in range [0, 4096]
2025-05-02 17:13:57,732 - WARNING - Worker failed to find threshold for S[2][1]
2025-05-02 17:13:57,735 - WARNING - No threshold delta found for M[4][4] in range [0, 4096]
2025-05-02 17:13:57,735 - WARNING - Worker failed to find threshold for S[1][4]
2025-05-02 17:13:57,749 - WARNING - No threshold delta found for M[5][5] in range [0, 4096]
2025-05-02 17:13:57,749 - WARNING - Worker failed to find threshold for S[1][5]
2025-05-02 17:13:57,749 - WARNING - No threshold delta found for M[1][1] in range [0, 4096]
2025-05-02 17:13:57,749 - WARNING - Worker failed to find threshold for S[3][1]
2025-05-02 17:14:00,505 - WARNING - No threshold delta found for M[0][0] in range [0, 4096]
2025-05-02 17:14:00,505 - WARNING - Worker failed to find threshold for S[4][0]
2025-05-02 17:14:00,598 - WARNING - No threshold delta found for M[2][2] in range [0, 4096]
2025-05-02 17:14:00,599 - WARNING - Worker failed to find threshold for S[4][2]
2025-05-02 17:14:00,601 - WARNING - No threshold delta found for M[1][1] in range [0, 4096]
2025-05-02 17:14:00,601 - WARNING - Worker failed to find threshold for S[4][1]
2025-05-02 17:14:00,684 - WARNING - No threshold delta found for M[3][3] in range [0, 4096]
2025-05-02 17:14:00,684 - WARNING - Worker failed to find threshold for S[4][3]
2025-05-02 17:14:00,807 - WARNING - No threshold delta found for M[1][1] in range [0, 4096]
2025-05-02 17:14:00,808 - WARNING - Worker failed to find threshold for S[6][1]
2025-05-02 17:14:00,813 - WARNING - No threshold delta found for M[3][3] in range [0, 4096]
2025-05-02 17:14:00,813 - WARNING - Worker failed to find threshold for S[6][3]
2025-05-02 17:14:00,814 - WARNING - No threshold delta found for M[2][2] in range [0, 4096]
2025-05-02 17:14:00,814 - WARNING - Worker failed to find threshold for S[6][2]
2025-05-02 17:14:00,819 - WARNING - No threshold delta found for M[4][4] in range [0, 4096]
2025-05-02 17:14:00,819 - WARNING - Worker failed to find threshold for S[6][4]
2025-05-02 17:14:00,820 - WARNING - No threshold delta found for M[5][5] in range [0, 4096]
2025-05-02 17:14:00,820 - WARNING - Worker failed to find threshold for S[6][5]
2025-05-02 17:14:00,943 - WARNING - No threshold delta found for M[6][6] in range [0, 4096]
2025-05-02 17:14:00,944 - WARNING - Worker failed to find threshold for S[5][6]
2025-05-02 17:14:00,949 - WARNING - No threshold delta found for M[0][0] in range [0, 4096]
2025-05-02 17:14:00,949 - WARNING - Worker failed to find threshold for S[6][0]
2025-05-02 17:14:01,138 - WARNING - No threshold delta found for M[2][2] in range [0, 4096]
2025-05-02 17:14:01,139 - WARNING - Worker failed to find threshold for S[7][2]
2025-05-02 17:14:01,149 - WARNING - No threshold delta found for M[5][5] in range [0, 4096]
2025-05-02 17:14:01,150 - WARNING - Worker failed to find threshold for S[7][5]
2025-05-02 17:14:01,192 - WARNING - No threshold delta found for M[7][7] in range [0, 4096]
2025-05-02 17:14:01,193 - WARNING - Worker failed to find threshold for S[7][7]
2025-05-02 17:14:01,193 - WARNING - No threshold delta found for M[6][6] in range [0, 4096]
2025-05-02 17:14:01,193 - WARNING - Worker failed to find threshold for S[7][6]
2025-05-02 17:14:03,730 - WARNING - No threshold delta found for M[0][0] in range [0, 4096]
2025-05-02 17:14:03,730 - WARNING - Worker failed to find threshold for S[8][0]
2025-05-02 17:14:03,743 - WARNING - No threshold delta found for M[1][1] in range [0, 4096]
2025-05-02 17:14:03,744 - WARNING - Worker failed to find threshold for S[8][1]
2025-05-02 17:14:03,755 - WARNING - No threshold delta found for M[4][4] in range [0, 4096]
2025-05-02 17:14:03,755 - WARNING - Worker failed to find threshold for S[8][4]
2025-05-02 17:14:03,765 - WARNING - No threshold delta found for M[6][6] in range [0, 4096]
2025-05-02 17:14:03,766 - WARNING - Worker failed to find threshold for S[8][6]
2025-05-02 17:14:03,852 - WARNING - No threshold delta found for M[7][7] in range [0, 4096]
2025-05-02 17:14:03,852 - WARNING - Worker failed to find threshold for S[8][7]
2025-05-02 17:14:03,891 - WARNING - No threshold delta found for M[1][1] in range [0, 4096]
2025-05-02 17:14:03,891 - WARNING - Worker failed to find threshold for S[9][1]
2025-05-02 17:14:03,985 - WARNING - No threshold delta found for M[5][5] in range [0, 4096]
2025-05-02 17:14:03,985 - WARNING - Worker failed to find threshold for S[9][5]
2025-05-02 17:14:04,060 - WARNING - No threshold delta found for M[0][0] in range [0, 4096]
2025-05-02 17:14:04,060 - WARNING - Worker failed to find threshold for S[10][0]
2025-05-02 17:14:04,067 - WARNING - No threshold delta found for M[2][2] in range [0, 4096]
2025-05-02 17:14:04,067 - WARNING - Worker failed to find threshold for S[10][2]
2025-05-02 17:14:04,084 - WARNING - No threshold delta found for M[4][4] in range [0, 4096]
2025-05-02 17:14:04,084 - WARNING - Worker failed to find threshold for S[10][4]
2025-05-02 17:14:04,367 - WARNING - No threshold delta found for M[3][3] in range [0, 4096]
2025-05-02 17:14:04,368 - WARNING - Worker failed to find threshold for S[11][3]
2025-05-02 17:14:04,375 - WARNING - No threshold delta found for M[1][1] in range [0, 4096]
2025-05-02 17:14:04,376 - WARNING - Worker failed to find threshold for S[11][1]
2025-05-02 17:14:04,379 - WARNING - No threshold delta found for M[2][2] in range [0, 4096]
2025-05-02 17:14:04,379 - WARNING - Worker failed to find threshold for S[11][2]
2025-05-02 17:14:04,501 - WARNING - No threshold delta found for M[4][4] in range [0, 4096]
2025-05-02 17:14:04,501 - WARNING - Worker failed to find threshold for S[11][4]
2025-05-02 17:14:04,570 - WARNING - No threshold delta found for M[5][5] in range [0, 4096]
2025-05-02 17:14:04,571 - WARNING - Worker failed to find threshold for S[11][5]
2025-05-02 17:14:06,810 - WARNING - No threshold delta found for M[2][2] in range [0, 4096]
2025-05-02 17:14:06,810 - WARNING - Worker failed to find threshold for S[12][2]
2025-05-02 17:14:06,993 - WARNING - No threshold delta found for M[4][4] in range [0, 4096]
2025-05-02 17:14:06,993 - WARNING - Worker failed to find threshold for S[12][4]
2025-05-02 17:14:07,122 - WARNING - No threshold delta found for M[3][3] in range [0, 4096]
2025-05-02 17:14:07,122 - WARNING - Worker failed to find threshold for S[13][3]
2025-05-02 17:14:07,324 - WARNING - No threshold delta found for M[3][3] in range [0, 4096]
2025-05-02 17:14:07,324 - WARNING - Worker failed to find threshold for S[14][3]
2025-05-02 17:14:07,347 - WARNING - No threshold delta found for M[5][5] in range [0, 4096]
2025-05-02 17:14:07,348 - WARNING - Worker failed to find threshold for S[14][5]
2025-05-02 17:14:07,351 - WARNING - No threshold delta found for M[4][4] in range [0, 4096]
2025-05-02 17:14:07,351 - WARNING - Worker failed to find threshold for S[14][4]
2025-05-02 17:14:07,439 - WARNING - No threshold delta found for M[6][6] in range [0, 4096]
2025-05-02 17:14:07,439 - WARNING - Worker failed to find threshold for S[14][6]
2025-05-02 17:14:07,822 - WARNING - No threshold delta found for M[3][3] in range [0, 4096]
2025-05-02 17:14:07,822 - WARNING - Worker failed to find threshold for S[15][3]
2025-05-02 17:14:07,835 - WARNING - No threshold delta found for M[6][6] in range [0, 4096]
2025-05-02 17:14:07,835 - WARNING - Worker failed to find threshold for S[15][6]
2025-05-02 17:14:07,862 - WARNING - No threshold delta found for M[4][4] in range [0, 4096]
2025-05-02 17:14:07,862 - WARNING - Worker failed to find threshold for S[15][4]
2025-05-02 17:14:07,868 - WARNING - No threshold delta found for M[5][5] in range [0, 4096]
2025-05-02 17:14:07,868 - WARNING - Worker failed to find threshold for S[15][5]
2025-05-02 17:14:10,042 - WARNING - No threshold delta found for M[3][3] in range [0, 4096]
2025-05-02 17:14:10,042 - WARNING - Worker failed to find threshold for S[16][3]
2025-05-02 17:14:10,073 - WARNING - No threshold delta found for M[6][6] in range [0, 4096]
2025-05-02 17:14:10,073 - WARNING - Worker failed to find threshold for S[16][6]
2025-05-02 17:14:10,084 - WARNING - No threshold delta found for M[7][7] in range [0, 4096]
2025-05-02 17:14:10,084 - WARNING - Worker failed to find threshold for S[16][7]
2025-05-02 17:14:10,174 - WARNING - No threshold delta found for M[0][0] in range [0, 4096]
2025-05-02 17:14:10,175 - WARNING - Worker failed to find threshold for S[17][0]
2025-05-02 17:14:10,308 - WARNING - No threshold delta found for M[1][1] in range [0, 4096]
2025-05-02 17:14:10,308 - WARNING - Worker failed to find threshold for S[17][1]
2025-05-02 17:14:10,361 - WARNING - No threshold delta found for M[4][4] in range [0, 4096]
2025-05-02 17:14:10,361 - WARNING - Worker failed to find threshold for S[17][4]
2025-05-02 17:14:10,373 - WARNING - No threshold delta found for M[5][5] in range [0, 4096]
2025-05-02 17:14:10,373 - WARNING - Worker failed to find threshold for S[17][5]
2025-05-02 17:14:10,418 - WARNING - No threshold delta found for M[3][3] in range [0, 4096]
2025-05-02 17:14:10,418 - WARNING - Worker failed to find threshold for S[17][3]
2025-05-02 17:14:10,426 - WARNING - No threshold delta found for M[1][1] in range [0, 4096]
2025-05-02 17:14:10,426 - WARNING - Worker failed to find threshold for S[18][1]
2025-05-02 17:14:10,532 - WARNING - No threshold delta found for M[6][6] in range [0, 4096]
2025-05-02 17:14:10,532 - WARNING - Worker failed to find threshold for S[17][6]
2025-05-02 17:14:10,553 - WARNING - No threshold delta found for M[7][7] in range [0, 4096]
2025-05-02 17:14:10,554 - WARNING - Worker failed to find threshold for S[17][7]
2025-05-02 17:14:10,590 - WARNING - No threshold delta found for M[4][4] in range [0, 4096]
2025-05-02 17:14:10,590 - WARNING - Worker failed to find threshold for S[18][4]
2025-05-02 17:14:10,611 - WARNING - No threshold delta found for M[5][5] in range [0, 4096]
2025-05-02 17:14:10,611 - WARNING - Worker failed to find threshold for S[18][5]
2025-05-02 17:14:10,672 - WARNING - No threshold delta found for M[6][6] in range [0, 4096]
2025-05-02 17:14:10,672 - WARNING - Worker failed to find threshold for S[18][6]
2025-05-02 17:14:10,707 - WARNING - No threshold delta found for M[3][3] in range [0, 4096]
2025-05-02 17:14:10,707 - WARNING - Worker failed to find threshold for S[18][3]
2025-05-02 17:14:10,907 - WARNING - No threshold delta found for M[0][0] in range [0, 4096]
2025-05-02 17:14:10,907 - WARNING - Worker failed to find threshold for S[19][0]
2025-05-02 17:14:11,209 - WARNING - No threshold delta found for M[4][4] in range [0, 4096]
2025-05-02 17:14:11,209 - WARNING - Worker failed to find threshold for S[19][4]
2025-05-02 17:14:11,240 - WARNING - No threshold delta found for M[2][2] in range [0, 4096]
2025-05-02 17:14:11,240 - WARNING - Worker failed to find threshold for S[19][2]
2025-05-02 17:14:11,312 - WARNING - No threshold delta found for M[5][5] in range [0, 4096]
2025-05-02 17:14:11,312 - WARNING - Worker failed to find threshold for S[19][5]
2025-05-02 17:14:11,313 - WARNING - No threshold delta found for M[6][6] in range [0, 4096]
2025-05-02 17:14:11,314 - WARNING - Worker failed to find threshold for S[19][6]
2025-05-02 17:14:13,110 - WARNING - No threshold delta found for M[0][0] in range [0, 4096]
2025-05-02 17:14:13,110 - WARNING - Worker failed to find threshold for S[20][0]
2025-05-02 17:14:13,122 - WARNING - No threshold delta found for M[1][1] in range [0, 4096]
2025-05-02 17:14:13,122 - WARNING - Worker failed to find threshold for S[20][1]
2025-05-02 17:14:13,222 - WARNING - No threshold delta found for M[4][4] in range [0, 4096]
2025-05-02 17:14:13,222 - WARNING - Worker failed to find threshold for S[20][4]
2025-05-02 17:14:13,345 - WARNING - No threshold delta found for M[7][7] in range [0, 4096]
2025-05-02 17:14:13,345 - WARNING - Worker failed to find threshold for S[20][7]
2025-05-02 17:14:13,572 - WARNING - No threshold delta found for M[2][2] in range [0, 4096]
2025-05-02 17:14:13,573 - WARNING - Worker failed to find threshold for S[21][2]
2025-05-02 17:14:13,646 - WARNING - No threshold delta found for M[3][3] in range [0, 4096]
2025-05-02 17:14:13,647 - WARNING - Worker failed to find threshold for S[21][3]
2025-05-02 17:14:13,650 - WARNING - No threshold delta found for M[5][5] in range [0, 4096]
2025-05-02 17:14:13,650 - WARNING - Worker failed to find threshold for S[21][5]
2025-05-02 17:14:13,776 - WARNING - No threshold delta found for M[7][7] in range [0, 4096]
2025-05-02 17:14:13,777 - WARNING - Worker failed to find threshold for S[21][7]
2025-05-02 17:14:13,882 - WARNING - No threshold delta found for M[5][5] in range [0, 4096]
2025-05-02 17:14:13,882 - WARNING - Worker failed to find threshold for S[22][5]
2025-05-02 17:14:13,952 - WARNING - No threshold delta found for M[1][1] in range [0, 4096]
2025-05-02 17:14:13,953 - WARNING - Worker failed to find threshold for S[22][1]
2025-05-02 17:14:14,001 - WARNING - No threshold delta found for M[2][2] in range [0, 4096]
2025-05-02 17:14:14,001 - WARNING - Worker failed to find threshold for S[22][2]
2025-05-02 17:14:14,022 - WARNING - No threshold delta found for M[6][6] in range [0, 4096]
2025-05-02 17:14:14,022 - WARNING - Worker failed to find threshold for S[22][6]
2025-05-02 17:14:14,119 - WARNING - No threshold delta found for M[7][7] in range [0, 4096]
2025-05-02 17:14:14,120 - WARNING - Worker failed to find threshold for S[22][7]
2025-05-02 17:14:14,212 - WARNING - No threshold delta found for M[0][0] in range [0, 4096]
2025-05-02 17:14:14,212 - WARNING - Worker failed to find threshold for S[23][0]
2025-05-02 17:14:14,320 - WARNING - No threshold delta found for M[1][1] in range [0, 4096]
2025-05-02 17:14:14,320 - WARNING - Worker failed to find threshold for S[23][1]
2025-05-02 17:14:14,767 - WARNING - No threshold delta found for M[5][5] in range [0, 4096]
2025-05-02 17:14:14,767 - WARNING - Worker failed to find threshold for S[23][5]
2025-05-02 17:14:14,846 - WARNING - No threshold delta found for M[7][7] in range [0, 4096]
2025-05-02 17:14:14,846 - WARNING - Worker failed to find threshold for S[23][7]
2025-05-02 17:14:16,382 - WARNING - No threshold delta found for M[1][1] in range [0, 4096]
2025-05-02 17:14:16,382 - WARNING - Worker failed to find threshold for S[24][1]
2025-05-02 17:14:16,409 - WARNING - No threshold delta found for M[4][4] in range [0, 4096]
2025-05-02 17:14:16,409 - WARNING - Worker failed to find threshold for S[24][4]
2025-05-02 17:14:16,410 - WARNING - No threshold delta found for M[2][2] in range [0, 4096]
2025-05-02 17:14:16,410 - WARNING - Worker failed to find threshold for S[24][2]
2025-05-02 17:14:16,434 - WARNING - No threshold delta found for M[6][6] in range [0, 4096]
2025-05-02 17:14:16,435 - WARNING - Worker failed to find threshold for S[24][6]
2025-05-02 17:14:16,441 - WARNING - No threshold delta found for M[5][5] in range [0, 4096]
2025-05-02 17:14:16,441 - WARNING - Worker failed to find threshold for S[24][5]
2025-05-02 17:14:16,498 - WARNING - No threshold delta found for M[7][7] in range [0, 4096]
2025-05-02 17:14:16,499 - WARNING - Worker failed to find threshold for S[24][7]
2025-05-02 17:14:16,937 - WARNING - No threshold delta found for M[6][6] in range [0, 4096]
2025-05-02 17:14:16,937 - WARNING - Worker failed to find threshold for S[25][6]
2025-05-02 17:14:16,947 - WARNING - No threshold delta found for M[7][7] in range [0, 4096]
2025-05-02 17:14:16,947 - WARNING - Worker failed to find threshold for S[25][7]
2025-05-02 17:14:17,378 - WARNING - No threshold delta found for M[3][3] in range [0, 4096]
2025-05-02 17:14:17,379 - WARNING - Worker failed to find threshold for S[26][3]
2025-05-02 17:14:17,445 - WARNING - No threshold delta found for M[5][5] in range [0, 4096]
2025-05-02 17:14:17,446 - WARNING - Worker failed to find threshold for S[26][5]
2025-05-02 17:14:18,005 - WARNING - No threshold delta found for M[5][5] in range [0, 4096]
2025-05-02 17:14:18,005 - WARNING - Worker failed to find threshold for S[27][5]
2025-05-02 17:14:18,221 - WARNING - No threshold delta found for M[6][6] in range [0, 4096]
2025-05-02 17:14:18,222 - WARNING - Worker failed to find threshold for S[27][6]
2025-05-02 17:14:18,274 - WARNING - No threshold delta found for M[7][7] in range [0, 4096]
2025-05-02 17:14:18,274 - WARNING - Worker failed to find threshold for S[27][7]
2025-05-02 17:14:19,273 - WARNING - No threshold delta found for M[0][0] in range [0, 4096]
2025-05-02 17:14:19,273 - WARNING - Worker failed to find threshold for S[28][0]
2025-05-02 17:14:19,571 - WARNING - No threshold delta found for M[2][2] in range [0, 4096]
2025-05-02 17:14:19,571 - WARNING - Worker failed to find threshold for S[28][2]
2025-05-02 17:14:19,793 - WARNING - No threshold delta found for M[0][0] in range [0, 4096]
2025-05-02 17:14:19,793 - WARNING - Worker failed to find threshold for S[29][0]
2025-05-02 17:14:20,013 - WARNING - No threshold delta found for M[4][4] in range [0, 4096]
2025-05-02 17:14:20,013 - WARNING - Worker failed to find threshold for S[29][4]
2025-05-02 17:14:20,217 - WARNING - No threshold delta found for M[6][6] in range [0, 4096]
2025-05-02 17:14:20,217 - WARNING - Worker failed to find threshold for S[29][6]
2025-05-02 17:14:20,221 - WARNING - No threshold delta found for M[0][0] in range [0, 4096]
2025-05-02 17:14:20,221 - WARNING - Worker failed to find threshold for S[30][0]
2025-05-02 17:14:20,227 - WARNING - No threshold delta found for M[1][1] in range [0, 4096]
2025-05-02 17:14:20,227 - WARNING - Worker failed to find threshold for S[30][1]
2025-05-02 17:14:20,230 - WARNING - No threshold delta found for M[7][7] in range [0, 4096]
2025-05-02 17:14:20,230 - WARNING - Worker failed to find threshold for S[29][7]
2025-05-02 17:14:20,590 - WARNING - No threshold delta found for M[2][2] in range [0, 4096]
2025-05-02 17:14:20,590 - WARNING - Worker failed to find threshold for S[30][2]
2025-05-02 17:14:20,600 - WARNING - No threshold delta found for M[3][3] in range [0, 4096]
2025-05-02 17:14:20,600 - WARNING - Worker failed to find threshold for S[30][3]
2025-05-02 17:14:20,602 - WARNING - No threshold delta found for M[4][4] in range [0, 4096]
2025-05-02 17:14:20,603 - WARNING - Worker failed to find threshold for S[30][4]
2025-05-02 17:14:20,676 - WARNING - No threshold delta found for M[5][5] in range [0, 4096]
2025-05-02 17:14:20,677 - WARNING - Worker failed to find threshold for S[30][5]
2025-05-02 17:14:21,021 - WARNING - No threshold delta found for M[3][3] in range [0, 4096]
2025-05-02 17:14:21,021 - WARNING - Worker failed to find threshold for S[31][3]
2025-05-02 17:14:21,060 - WARNING - No threshold delta found for M[4][4] in range [0, 4096]
2025-05-02 17:14:21,060 - WARNING - Worker failed to find threshold for S[31][4]
2025-05-02 17:14:21,701 - WARNING - No threshold delta found for M[7][7] in range [0, 4096]
2025-05-02 17:14:21,701 - WARNING - Worker failed to find threshold for S[31][7]
2025-05-02 17:14:21,702 - INFO - Progress: 256/5120 (5.0%). Rate: 9.31 entries/s. ETA: 522.7s
2025-05-02 17:14:21,702 - ERROR -   Failed to recover approximation for S[31][7]
2025-05-02 17:14:22,515 - WARNING - No threshold delta found for M[0][0] in range [0, 4096]
2025-05-02 17:14:22,515 - WARNING - Worker failed to find threshold for S[32][0]
2025-05-02 17:14:22,785 - WARNING - No threshold delta found for M[2][2] in range [0, 4096]
2025-05-02 17:14:22,785 - WARNING - Worker failed to find threshold for S[32][2]
2025-05-02 17:14:22,849 - WARNING - No threshold delta found for M[4][4] in range [0, 4096]
2025-05-02 17:14:22,849 - WARNING - Worker failed to find threshold for S[32][4]
2025-05-02 17:14:23,091 - WARNING - No threshold delta found for M[6][6] in range [0, 4096]
2025-05-02 17:14:23,092 - WARNING - Worker failed to find threshold for S[32][6]
2025-05-02 17:14:23,203 - WARNING - No threshold delta found for M[3][3] in range [0, 4096]
2025-05-02 17:14:23,203 - WARNING - Worker failed to find threshold for S[33][3]
2025-05-02 17:14:23,401 - WARNING - No threshold delta found for M[5][5] in range [0, 4096]
2025-05-02 17:14:23,402 - WARNING - Worker failed to find threshold for S[33][5]
2025-05-02 17:14:23,531 - WARNING - No threshold delta found for M[1][1] in range [0, 4096]
2025-05-02 17:14:23,532 - WARNING - Worker failed to find threshold for S[34][1]
2025-05-02 17:14:23,989 - WARNING - No threshold delta found for M[7][7] in range [0, 4096]
2025-05-02 17:14:23,989 - WARNING - Worker failed to find threshold for S[34][7]
2025-05-02 17:14:24,054 - WARNING - No threshold delta found for M[2][2] in range [0, 4096]
2025-05-02 17:14:24,054 - WARNING - Worker failed to find threshold for S[34][2]
2025-05-02 17:14:24,088 - WARNING - No threshold delta found for M[5][5] in range [0, 4096]
2025-05-02 17:14:24,088 - WARNING - Worker failed to find threshold for S[34][5]
2025-05-02 17:14:24,100 - WARNING - No threshold delta found for M[6][6] in range [0, 4096]
2025-05-02 17:14:24,100 - WARNING - Worker failed to find threshold for S[34][6]
2025-05-02 17:14:24,142 - WARNING - No threshold delta found for M[1][1] in range [0, 4096]
2025-05-02 17:14:24,142 - WARNING - Worker failed to find threshold for S[35][1]
2025-05-02 17:14:24,217 - WARNING - No threshold delta found for M[0][0] in range [0, 4096]
2025-05-02 17:14:24,217 - WARNING - Worker failed to find threshold for S[35][0]
2025-05-02 17:14:24,505 - WARNING - No threshold delta found for M[4][4] in range [0, 4096]
2025-05-02 17:14:24,505 - WARNING - Worker failed to find threshold for S[35][4]
2025-05-02 17:14:24,703 - WARNING - No threshold delta found for M[5][5] in range [0, 4096]
2025-05-02 17:14:24,703 - WARNING - Worker failed to find threshold for S[35][5]
2025-05-02 17:14:25,126 - WARNING - No threshold delta found for M[7][7] in range [0, 4096]
2025-05-02 17:14:25,126 - WARNING - Worker failed to find threshold for S[35][7]
2025-05-02 17:14:26,098 - WARNING - No threshold delta found for M[4][4] in range [0, 4096]
2025-05-02 17:14:26,098 - WARNING - Worker failed to find threshold for S[36][4]
2025-05-02 17:14:26,123 - WARNING - No threshold delta found for M[3][3] in range [0, 4096]
2025-05-02 17:14:26,123 - WARNING - Worker failed to find threshold for S[36][3]
2025-05-02 17:14:26,124 - WARNING - No threshold delta found for M[2][2] in range [0, 4096]
2025-05-02 17:14:26,124 - WARNING - Worker failed to find threshold for S[36][2]
2025-05-02 17:14:26,161 - WARNING - No threshold delta found for M[6][6] in range [0, 4096]
2025-05-02 17:14:26,161 - WARNING - Worker failed to find threshold for S[36][6]
2025-05-02 17:14:26,279 - WARNING - No threshold delta found for M[7][7] in range [0, 4096]
2025-05-02 17:14:26,279 - WARNING - Worker failed to find threshold for S[36][7]
2025-05-02 17:14:26,450 - WARNING - No threshold delta found for M[3][3] in range [0, 4096]
2025-05-02 17:14:26,450 - WARNING - Worker failed to find threshold for S[37][3]
2025-05-02 17:14:26,814 - WARNING - No threshold delta found for M[6][6] in range [0, 4096]
2025-05-02 17:14:26,814 - WARNING - Worker failed to find threshold for S[37][6]
2025-05-02 17:14:26,886 - WARNING - No threshold delta found for M[1][1] in range [0, 4096]
2025-05-02 17:14:26,886 - WARNING - Worker failed to find threshold for S[38][1]
2025-05-02 17:14:27,288 - WARNING - No threshold delta found for M[2][2] in range [0, 4096]
2025-05-02 17:14:27,288 - WARNING - Worker failed to find threshold for S[38][2]
2025-05-02 17:14:27,517 - WARNING - No threshold delta found for M[7][7] in range [0, 4096]
2025-05-02 17:14:27,518 - WARNING - Worker failed to find threshold for S[38][7]
2025-05-02 17:14:27,536 - WARNING - No threshold delta found for M[5][5] in range [0, 4096]
2025-05-02 17:14:27,537 - WARNING - Worker failed to find threshold for S[38][5]
2025-05-02 17:14:27,604 - WARNING - No threshold delta found for M[1][1] in range [0, 4096]
2025-05-02 17:14:27,605 - WARNING - Worker failed to find threshold for S[39][1]
2025-05-02 17:14:29,103 - WARNING - No threshold delta found for M[1][1] in range [0, 4096]
2025-05-02 17:14:29,103 - WARNING - Worker failed to find threshold for S[40][1]
2025-05-02 17:14:29,411 - WARNING - No threshold delta found for M[3][3] in range [0, 4096]
2025-05-02 17:14:29,411 - WARNING - Worker failed to find threshold for S[40][3]
2025-05-02 17:14:29,479 - WARNING - No threshold delta found for M[4][4] in range [0, 4096]
2025-05-02 17:14:29,480 - WARNING - Worker failed to find threshold for S[40][4]
2025-05-02 17:14:29,603 - WARNING - No threshold delta found for M[6][6] in range [0, 4096]
2025-05-02 17:14:29,604 - WARNING - Worker failed to find threshold for S[40][6]
2025-05-02 17:14:29,729 - WARNING - No threshold delta found for M[4][4] in range [0, 4096]
2025-05-02 17:14:29,730 - WARNING - Worker failed to find threshold for S[41][4]
2025-05-02 17:14:29,792 - WARNING - No threshold delta found for M[3][3] in range [0, 4096]
2025-05-02 17:14:29,792 - WARNING - Worker failed to find threshold for S[41][3]
2025-05-02 17:14:30,257 - WARNING - No threshold delta found for M[0][0] in range [0, 4096]
2025-05-02 17:14:30,258 - WARNING - Worker failed to find threshold for S[42][0]
2025-05-02 17:14:30,708 - WARNING - No threshold delta found for M[4][4] in range [0, 4096]
2025-05-02 17:14:30,708 - WARNING - Worker failed to find threshold for S[42][4]
2025-05-02 17:14:31,156 - WARNING - No threshold delta found for M[4][4] in range [0, 4096]
2025-05-02 17:14:31,156 - WARNING - Worker failed to find threshold for S[43][4]
2025-05-02 17:14:31,620 - WARNING - No threshold delta found for M[6][6] in range [0, 4096]
2025-05-02 17:14:31,620 - WARNING - Worker failed to find threshold for S[43][6]
2025-05-02 17:14:31,940 - WARNING - No threshold delta found for M[0][0] in range [0, 4096]
2025-05-02 17:14:31,940 - WARNING - Worker failed to find threshold for S[44][0]
2025-05-02 17:14:32,511 - WARNING - No threshold delta found for M[1][1] in range [0, 4096]
2025-05-02 17:14:32,512 - WARNING - Worker failed to find threshold for S[44][1]
2025-05-02 17:14:32,657 - WARNING - No threshold delta found for M[4][4] in range [0, 4096]
2025-05-02 17:14:32,658 - WARNING - Worker failed to find threshold for S[44][4]
2025-05-02 17:14:32,890 - WARNING - No threshold delta found for M[7][7] in range [0, 4096]
2025-05-02 17:14:32,890 - WARNING - Worker failed to find threshold for S[44][7]
2025-05-02 17:14:32,926 - WARNING - No threshold delta found for M[5][5] in range [0, 4096]
2025-05-02 17:14:32,927 - WARNING - Worker failed to find threshold for S[45][5]
2025-05-02 17:14:33,184 - WARNING - No threshold delta found for M[7][7] in range [0, 4096]
2025-05-02 17:14:33,184 - WARNING - Worker failed to find threshold for S[45][7]
2025-05-02 17:14:33,429 - WARNING - No threshold delta found for M[0][0] in range [0, 4096]
2025-05-02 17:14:33,429 - WARNING - Worker failed to find threshold for S[46][0]
2025-05-02 17:14:33,601 - WARNING - No threshold delta found for M[2][2] in range [0, 4096]
2025-05-02 17:14:33,601 - WARNING - Worker failed to find threshold for S[46][2]
2025-05-02 17:14:33,670 - WARNING - No threshold delta found for M[3][3] in range [0, 4096]
2025-05-02 17:14:33,670 - WARNING - Worker failed to find threshold for S[46][3]
2025-05-02 17:14:34,146 - WARNING - No threshold delta found for M[6][6] in range [0, 4096]
2025-05-02 17:14:34,146 - WARNING - Worker failed to find threshold for S[46][6]
2025-05-02 17:14:34,185 - WARNING - No threshold delta found for M[0][0] in range [0, 4096]
2025-05-02 17:14:34,185 - WARNING - Worker failed to find threshold for S[47][0]
2025-05-02 17:14:35,232 - WARNING - No threshold delta found for M[0][0] in range [0, 4096]
2025-05-02 17:14:35,232 - WARNING - Worker failed to find threshold for S[48][0]
2025-05-02 17:14:35,958 - WARNING - No threshold delta found for M[3][3] in range [0, 4096]
2025-05-02 17:14:35,958 - WARNING - Worker failed to find threshold for S[48][3]
2025-05-02 17:14:35,971 - WARNING - No threshold delta found for M[4][4] in range [0, 4096]
2025-05-02 17:14:35,971 - WARNING - Worker failed to find threshold for S[48][4]
2025-05-02 17:14:36,040 - WARNING - No threshold delta found for M[0][0] in range [0, 4096]
2025-05-02 17:14:36,040 - WARNING - Worker failed to find threshold for S[49][0]
2025-05-02 17:14:36,128 - WARNING - No threshold delta found for M[1][1] in range [0, 4096]
2025-05-02 17:14:36,129 - WARNING - Worker failed to find threshold for S[49][1]
2025-05-02 17:14:36,218 - WARNING - No threshold delta found for M[6][6] in range [0, 4096]
2025-05-02 17:14:36,218 - WARNING - Worker failed to find threshold for S[49][6]
2025-05-02 17:14:36,322 - WARNING - No threshold delta found for M[4][4] in range [0, 4096]
2025-05-02 17:14:36,322 - WARNING - Worker failed to find threshold for S[49][4]
2025-05-02 17:14:36,839 - WARNING - No threshold delta found for M[0][0] in range [0, 4096]
2025-05-02 17:14:36,839 - WARNING - Worker failed to find threshold for S[50][0]
2025-05-02 17:14:37,087 - WARNING - No threshold delta found for M[3][3] in range [0, 4096]
2025-05-02 17:14:37,088 - WARNING - Worker failed to find threshold for S[50][3]
2025-05-02 17:14:37,587 - WARNING - No threshold delta found for M[0][0] in range [0, 4096]
2025-05-02 17:14:37,587 - WARNING - Worker failed to find threshold for S[51][0]
2025-05-02 17:14:37,714 - WARNING - No threshold delta found for M[2][2] in range [0, 4096]
2025-05-02 17:14:37,714 - WARNING - Worker failed to find threshold for S[51][2]
2025-05-02 17:14:38,136 - WARNING - No threshold delta found for M[6][6] in range [0, 4096]
2025-05-02 17:14:38,137 - WARNING - Worker failed to find threshold for S[51][6]
2025-05-02 17:14:38,528 - WARNING - No threshold delta found for M[0][0] in range [0, 4096]
2025-05-02 17:14:38,529 - WARNING - Worker failed to find threshold for S[52][0]
2025-05-02 17:14:38,950 - WARNING - No threshold delta found for M[2][2] in range [0, 4096]
2025-05-02 17:14:38,950 - WARNING - Worker failed to find threshold for S[52][2]
2025-05-02 17:14:39,124 - WARNING - No threshold delta found for M[4][4] in range [0, 4096]
2025-05-02 17:14:39,124 - WARNING - Worker failed to find threshold for S[52][4]
2025-05-02 17:14:39,124 - WARNING - No threshold delta found for M[3][3] in range [0, 4096]
2025-05-02 17:14:39,125 - WARNING - Worker failed to find threshold for S[52][3]
2025-05-02 17:14:39,417 - WARNING - No threshold delta found for M[7][7] in range [0, 4096]
2025-05-02 17:14:39,418 - WARNING - Worker failed to find threshold for S[52][7]
2025-05-02 17:14:39,771 - WARNING - No threshold delta found for M[6][6] in range [0, 4096]
2025-05-02 17:14:39,771 - WARNING - Worker failed to find threshold for S[53][6]
2025-05-02 17:14:40,065 - WARNING - No threshold delta found for M[1][1] in range [0, 4096]
2025-05-02 17:14:40,065 - WARNING - Worker failed to find threshold for S[54][1]
2025-05-02 17:14:40,576 - WARNING - No threshold delta found for M[4][4] in range [0, 4096]
2025-05-02 17:14:40,577 - WARNING - Worker failed to find threshold for S[54][4]
2025-05-02 17:14:40,834 - WARNING - No threshold delta found for M[7][7] in range [0, 4096]
2025-05-02 17:14:40,835 - WARNING - Worker failed to find threshold for S[54][7]
2025-05-02 17:14:40,988 - WARNING - No threshold delta found for M[1][1] in range [0, 4096]
2025-05-02 17:14:40,988 - WARNING - Worker failed to find threshold for S[55][1]
2025-05-02 17:14:41,095 - WARNING - No threshold delta found for M[5][5] in range [0, 4096]
2025-05-02 17:14:41,095 - WARNING - Worker failed to find threshold for S[55][5]
2025-05-02 17:14:41,554 - WARNING - No threshold delta found for M[7][7] in range [0, 4096]
2025-05-02 17:14:41,554 - WARNING - Worker failed to find threshold for S[55][7]
2025-05-02 17:14:42,558 - WARNING - No threshold delta found for M[5][5] in range [0, 4096]
2025-05-02 17:14:42,558 - WARNING - Worker failed to find threshold for S[56][5]
2025-05-02 17:14:42,632 - WARNING - No threshold delta found for M[7][7] in range [0, 4096]
2025-05-02 17:14:42,632 - WARNING - Worker failed to find threshold for S[56][7]
2025-05-02 17:14:42,687 - WARNING - No threshold delta found for M[1][1] in range [0, 4096]
2025-05-02 17:14:42,688 - WARNING - Worker failed to find threshold for S[57][1]
2025-05-02 17:14:42,795 - WARNING - No threshold delta found for M[3][3] in range [0, 4096]
2025-05-02 17:14:42,795 - WARNING - Worker failed to find threshold for S[57][3]
2025-05-02 17:14:42,813 - WARNING - No threshold delta found for M[4][4] in range [0, 4096]
2025-05-02 17:14:42,813 - WARNING - Worker failed to find threshold for S[57][4]
2025-05-02 17:14:43,233 - WARNING - No threshold delta found for M[7][7] in range [0, 4096]
2025-05-02 17:14:43,233 - WARNING - Worker failed to find threshold for S[57][7]
2025-05-02 17:14:43,276 - WARNING - No threshold delta found for M[0][0] in range [0, 4096]
2025-05-02 17:14:43,276 - WARNING - Worker failed to find threshold for S[58][0]
2025-05-02 17:14:43,971 - WARNING - No threshold delta found for M[5][5] in range [0, 4096]
2025-05-02 17:14:43,971 - WARNING - Worker failed to find threshold for S[58][5]
2025-05-02 17:14:44,354 - WARNING - No threshold delta found for M[0][0] in range [0, 4096]
2025-05-02 17:14:44,354 - WARNING - Worker failed to find threshold for S[59][0]
2025-05-02 17:14:44,376 - WARNING - No threshold delta found for M[3][3] in range [0, 4096]
2025-05-02 17:14:44,376 - WARNING - Worker failed to find threshold for S[59][3]
2025-05-02 17:14:44,789 - WARNING - No threshold delta found for M[7][7] in range [0, 4096]
2025-05-02 17:14:44,790 - WARNING - Worker failed to find threshold for S[59][7]
2025-05-02 17:14:45,128 - WARNING - No threshold delta found for M[1][1] in range [0, 4096]
2025-05-02 17:14:45,128 - WARNING - Worker failed to find threshold for S[60][1]
2025-05-02 17:14:45,977 - WARNING - No threshold delta found for M[0][0] in range [0, 4096]
2025-05-02 17:14:45,977 - WARNING - Worker failed to find threshold for S[61][0]
2025-05-02 17:14:46,139 - WARNING - No threshold delta found for M[2][2] in range [0, 4096]
2025-05-02 17:14:46,139 - WARNING - Worker failed to find threshold for S[61][2]
2025-05-02 17:14:46,165 - WARNING - No threshold delta found for M[3][3] in range [0, 4096]
2025-05-02 17:14:46,165 - WARNING - Worker failed to find threshold for S[61][3]
2025-05-02 17:14:46,223 - WARNING - No threshold delta found for M[6][6] in range [0, 4096]
2025-05-02 17:14:46,224 - WARNING - Worker failed to find threshold for S[61][6]
2025-05-02 17:14:46,704 - WARNING - No threshold delta found for M[7][7] in range [0, 4096]
2025-05-02 17:14:46,704 - WARNING - Worker failed to find threshold for S[61][7]
2025-05-02 17:14:47,240 - WARNING - No threshold delta found for M[4][4] in range [0, 4096]
2025-05-02 17:14:47,240 - WARNING - Worker failed to find threshold for S[62][4]
2025-05-02 17:14:47,609 - WARNING - No threshold delta found for M[1][1] in range [0, 4096]
2025-05-02 17:14:47,610 - WARNING - Worker failed to find threshold for S[63][1]
2025-05-02 17:14:47,643 - WARNING - No threshold delta found for M[0][0] in range [0, 4096]
2025-05-02 17:14:47,643 - WARNING - Worker failed to find threshold for S[63][0]
2025-05-02 17:14:47,832 - WARNING - No threshold delta found for M[3][3] in range [0, 4096]
2025-05-02 17:14:47,832 - WARNING - Worker failed to find threshold for S[63][3]
2025-05-02 17:14:48,052 - WARNING - No threshold delta found for M[6][6] in range [0, 4096]
2025-05-02 17:14:48,052 - WARNING - Worker failed to find threshold for S[63][6]
2025-05-02 17:14:48,153 - WARNING - No threshold delta found for M[7][7] in range [0, 4096]
2025-05-02 17:14:48,154 - WARNING - Worker failed to find threshold for S[63][7]
2025-05-02 17:14:48,158 - INFO - Progress: 512/5120 (10.0%). Rate: 9.49 entries/s. ETA: 485.7s
2025-05-02 17:14:48,158 - ERROR -   Failed to recover approximation for S[63][7]
2025-05-02 17:14:48,623 - WARNING - No threshold delta found for M[2][2] in range [0, 4096]
2025-05-02 17:14:48,624 - WARNING - Worker failed to find threshold for S[64][2]
2025-05-02 17:14:48,942 - WARNING - No threshold delta found for M[4][4] in range [0, 4096]
2025-05-02 17:14:48,942 - WARNING - Worker failed to find threshold for S[64][4]
2025-05-02 17:14:49,102 - WARNING - No threshold delta found for M[7][7] in range [0, 4096]
2025-05-02 17:14:49,103 - WARNING - Worker failed to find threshold for S[64][7]
2025-05-02 17:14:49,394 - WARNING - No threshold delta found for M[1][1] in range [0, 4096]
2025-05-02 17:14:49,394 - WARNING - Worker failed to find threshold for S[65][1]
2025-05-02 17:14:49,522 - WARNING - No threshold delta found for M[4][4] in range [0, 4096]
2025-05-02 17:14:49,522 - WARNING - Worker failed to find threshold for S[65][4]
2025-05-02 17:14:49,550 - WARNING - No threshold delta found for M[5][5] in range [0, 4096]
2025-05-02 17:14:49,550 - WARNING - Worker failed to find threshold for S[65][5]
2025-05-02 17:14:49,609 - WARNING - No threshold delta found for M[3][3] in range [0, 4096]
2025-05-02 17:14:49,609 - WARNING - Worker failed to find threshold for S[65][3]
2025-05-02 17:14:50,068 - WARNING - No threshold delta found for M[1][1] in range [0, 4096]
2025-05-02 17:14:50,068 - WARNING - Worker failed to find threshold for S[66][1]
2025-05-02 17:14:50,388 - WARNING - No threshold delta found for M[4][4] in range [0, 4096]
2025-05-02 17:14:50,388 - WARNING - Worker failed to find threshold for S[66][4]
2025-05-02 17:14:50,941 - WARNING - No threshold delta found for M[7][7] in range [0, 4096]
2025-05-02 17:14:50,942 - WARNING - Worker failed to find threshold for S[66][7]
2025-05-02 17:14:50,950 - WARNING - No threshold delta found for M[0][0] in range [0, 4096]
2025-05-02 17:14:50,950 - WARNING - Worker failed to find threshold for S[67][0]
2025-05-02 17:14:51,036 - WARNING - No threshold delta found for M[2][2] in range [0, 4096]
2025-05-02 17:14:51,036 - WARNING - Worker failed to find threshold for S[67][2]
2025-05-02 17:14:51,061 - WARNING - No threshold delta found for M[4][4] in range [0, 4096]
2025-05-02 17:14:51,061 - WARNING - Worker failed to find threshold for S[67][4]
2025-05-02 17:14:51,858 - WARNING - No threshold delta found for M[2][2] in range [0, 4096]
2025-05-02 17:14:51,858 - WARNING - Worker failed to find threshold for S[68][2]
2025-05-02 17:14:52,096 - WARNING - No threshold delta found for M[4][4] in range [0, 4096]
2025-05-02 17:14:52,096 - WARNING - Worker failed to find threshold for S[68][4]
2025-05-02 17:14:52,414 - WARNING - No threshold delta found for M[5][5] in range [0, 4096]
2025-05-02 17:14:52,414 - WARNING - Worker failed to find threshold for S[68][5]
2025-05-02 17:14:52,502 - WARNING - No threshold delta found for M[0][0] in range [0, 4096]
2025-05-02 17:14:52,502 - WARNING - Worker failed to find threshold for S[69][0]
2025-05-02 17:14:52,525 - WARNING - No threshold delta found for M[6][6] in range [0, 4096]
2025-05-02 17:14:52,525 - WARNING - Worker failed to find threshold for S[68][6]
2025-05-02 17:14:52,988 - WARNING - No threshold delta found for M[3][3] in range [0, 4096]
2025-05-02 17:14:52,989 - WARNING - Worker failed to find threshold for S[69][3]
2025-05-02 17:14:53,083 - WARNING - No threshold delta found for M[7][7] in range [0, 4096]
2025-05-02 17:14:53,083 - WARNING - Worker failed to find threshold for S[69][7]
2025-05-02 17:14:53,113 - WARNING - No threshold delta found for M[0][0] in range [0, 4096]
2025-05-02 17:14:53,114 - WARNING - Worker failed to find threshold for S[70][0]
2025-05-02 17:14:53,507 - WARNING - No threshold delta found for M[3][3] in range [0, 4096]
2025-05-02 17:14:53,507 - WARNING - Worker failed to find threshold for S[70][3]
2025-05-02 17:14:54,202 - WARNING - No threshold delta found for M[6][6] in range [0, 4096]
2025-05-02 17:14:54,203 - WARNING - Worker failed to find threshold for S[70][6]
2025-05-02 17:14:54,324 - WARNING - No threshold delta found for M[1][1] in range [0, 4096]
2025-05-02 17:14:54,324 - WARNING - Worker failed to find threshold for S[71][1]
2025-05-02 17:14:54,412 - WARNING - No threshold delta found for M[0][0] in range [0, 4096]
2025-05-02 17:14:54,412 - WARNING - Worker failed to find threshold for S[71][0]
2025-05-02 17:14:54,448 - WARNING - No threshold delta found for M[2][2] in range [0, 4096]
2025-05-02 17:14:54,448 - WARNING - Worker failed to find threshold for S[71][2]
2025-05-02 17:14:54,483 - WARNING - No threshold delta found for M[5][5] in range [0, 4096]
2025-05-02 17:14:54,483 - WARNING - Worker failed to find threshold for S[71][5]
2025-05-02 17:14:54,615 - WARNING - No threshold delta found for M[6][6] in range [0, 4096]
2025-05-02 17:14:54,616 - WARNING - Worker failed to find threshold for S[71][6]
2025-05-02 17:14:54,759 - WARNING - No threshold delta found for M[1][1] in range [0, 4096]
2025-05-02 17:14:54,759 - WARNING - Worker failed to find threshold for S[72][1]
2025-05-02 17:14:55,182 - WARNING - No threshold delta found for M[3][3] in range [0, 4096]
2025-05-02 17:14:55,182 - WARNING - Worker failed to find threshold for S[72][3]
2025-05-02 17:14:55,524 - WARNING - No threshold delta found for M[4][4] in range [0, 4096]
2025-05-02 17:14:55,524 - WARNING - Worker failed to find threshold for S[72][4]
2025-05-02 17:14:55,777 - WARNING - No threshold delta found for M[5][5] in range [0, 4096]
2025-05-02 17:14:55,777 - WARNING - Worker failed to find threshold for S[72][5]
2025-05-02 17:14:55,881 - WARNING - No threshold delta found for M[7][7] in range [0, 4096]
2025-05-02 17:14:55,881 - WARNING - Worker failed to find threshold for S[72][7]
2025-05-02 17:14:55,884 - WARNING - No threshold delta found for M[6][6] in range [0, 4096]
2025-05-02 17:14:55,884 - WARNING - Worker failed to find threshold for S[72][6]
2025-05-02 17:14:56,283 - WARNING - No threshold delta found for M[3][3] in range [0, 4096]
2025-05-02 17:14:56,284 - WARNING - Worker failed to find threshold for S[73][3]
2025-05-02 17:14:56,514 - WARNING - No threshold delta found for M[7][7] in range [0, 4096]
2025-05-02 17:14:56,515 - WARNING - Worker failed to find threshold for S[73][7]
2025-05-02 17:14:56,521 - WARNING - No threshold delta found for M[0][0] in range [0, 4096]
2025-05-02 17:14:56,522 - WARNING - Worker failed to find threshold for S[74][0]
2025-05-02 17:14:56,693 - WARNING - No threshold delta found for M[2][2] in range [0, 4096]
2025-05-02 17:14:56,693 - WARNING - Worker failed to find threshold for S[74][2]
2025-05-02 17:14:56,947 - WARNING - No threshold delta found for M[3][3] in range [0, 4096]
2025-05-02 17:14:56,947 - WARNING - Worker failed to find threshold for S[74][3]
2025-05-02 17:14:57,030 - WARNING - No threshold delta found for M[4][4] in range [0, 4096]
2025-05-02 17:14:57,030 - WARNING - Worker failed to find threshold for S[74][4]
2025-05-02 17:14:57,677 - WARNING - No threshold delta found for M[1][1] in range [0, 4096]
2025-05-02 17:14:57,677 - WARNING - Worker failed to find threshold for S[75][1]
2025-05-02 17:14:57,873 - WARNING - No threshold delta found for M[3][3] in range [0, 4096]
2025-05-02 17:14:57,873 - WARNING - Worker failed to find threshold for S[75][3]
2025-05-02 17:14:58,207 - WARNING - No threshold delta found for M[0][0] in range [0, 4096]
2025-05-02 17:14:58,208 - WARNING - Worker failed to find threshold for S[76][0]
2025-05-02 17:14:58,971 - WARNING - No threshold delta found for M[5][5] in range [0, 4096]
2025-05-02 17:14:58,971 - WARNING - Worker failed to find threshold for S[76][5]
2025-05-02 17:14:58,989 - WARNING - No threshold delta found for M[4][4] in range [0, 4096]
2025-05-02 17:14:58,989 - WARNING - Worker failed to find threshold for S[76][4]
2025-05-02 17:14:59,729 - WARNING - No threshold delta found for M[6][6] in range [0, 4096]
2025-05-02 17:14:59,729 - WARNING - Worker failed to find threshold for S[77][6]
2025-05-02 17:15:00,170 - WARNING - No threshold delta found for M[2][2] in range [0, 4096]
2025-05-02 17:15:00,170 - WARNING - Worker failed to find threshold for S[78][2]
2025-05-02 17:15:00,410 - WARNING - No threshold delta found for M[5][5] in range [0, 4096]
2025-05-02 17:15:00,410 - WARNING - Worker failed to find threshold for S[78][5]
2025-05-02 17:15:00,452 - WARNING - No threshold delta found for M[4][4] in range [0, 4096]
2025-05-02 17:15:00,452 - WARNING - Worker failed to find threshold for S[78][4]
2025-05-02 17:15:00,764 - WARNING - No threshold delta found for M[0][0] in range [0, 4096]
2025-05-02 17:15:00,765 - WARNING - Worker failed to find threshold for S[79][0]
2025-05-02 17:15:00,886 - WARNING - No threshold delta found for M[1][1] in range [0, 4096]
2025-05-02 17:15:00,887 - WARNING - Worker failed to find threshold for S[79][1]
2025-05-02 17:15:01,116 - WARNING - No threshold delta found for M[2][2] in range [0, 4096]
2025-05-02 17:15:01,116 - WARNING - Worker failed to find threshold for S[79][2]
2025-05-02 17:15:01,155 - WARNING - No threshold delta found for M[3][3] in range [0, 4096]
2025-05-02 17:15:01,155 - WARNING - Worker failed to find threshold for S[79][3]
2025-05-02 17:15:01,329 - WARNING - No threshold delta found for M[7][7] in range [0, 4096]
2025-05-02 17:15:01,330 - WARNING - Worker failed to find threshold for S[79][7]
2025-05-02 17:15:01,536 - WARNING - No threshold delta found for M[0][0] in range [0, 4096]
2025-05-02 17:15:01,536 - WARNING - Worker failed to find threshold for S[80][0]
2025-05-02 17:15:02,446 - WARNING - No threshold delta found for M[0][0] in range [0, 4096]
2025-05-02 17:15:02,446 - WARNING - Worker failed to find threshold for S[81][0]
2025-05-02 17:15:02,480 - WARNING - No threshold delta found for M[6][6] in range [0, 4096]
2025-05-02 17:15:02,481 - WARNING - Worker failed to find threshold for S[80][6]
2025-05-02 17:15:02,760 - WARNING - No threshold delta found for M[3][3] in range [0, 4096]
2025-05-02 17:15:02,760 - WARNING - Worker failed to find threshold for S[81][3]
2025-05-02 17:15:02,915 - WARNING - No threshold delta found for M[4][4] in range [0, 4096]
2025-05-02 17:15:02,915 - WARNING - Worker failed to find threshold for S[81][4]
2025-05-02 17:15:02,992 - WARNING - No threshold delta found for M[5][5] in range [0, 4096]
2025-05-02 17:15:02,992 - WARNING - Worker failed to find threshold for S[81][5]
2025-05-02 17:15:03,214 - WARNING - No threshold delta found for M[7][7] in range [0, 4096]
2025-05-02 17:15:03,215 - WARNING - Worker failed to find threshold for S[81][7]
2025-05-02 17:15:04,572 - WARNING - No threshold delta found for M[4][4] in range [0, 4096]
2025-05-02 17:15:04,572 - WARNING - Worker failed to find threshold for S[83][4]
2025-05-02 17:15:04,746 - WARNING - No threshold delta found for M[6][6] in range [0, 4096]
2025-05-02 17:15:04,746 - WARNING - Worker failed to find threshold for S[83][6]
2025-05-02 17:15:04,933 - WARNING - No threshold delta found for M[2][2] in range [0, 4096]
2025-05-02 17:15:04,933 - WARNING - Worker failed to find threshold for S[84][2]
2025-05-02 17:15:04,985 - WARNING - No threshold delta found for M[1][1] in range [0, 4096]
2025-05-02 17:15:04,985 - WARNING - Worker failed to find threshold for S[84][1]
2025-05-02 17:15:05,556 - WARNING - No threshold delta found for M[4][4] in range [0, 4096]
2025-05-02 17:15:05,556 - WARNING - Worker failed to find threshold for S[84][4]
2025-05-02 17:15:05,760 - WARNING - No threshold delta found for M[6][6] in range [0, 4096]
2025-05-02 17:15:05,760 - WARNING - Worker failed to find threshold for S[84][6]
2025-05-02 17:15:05,805 - WARNING - No threshold delta found for M[7][7] in range [0, 4096]
2025-05-02 17:15:05,805 - WARNING - Worker failed to find threshold for S[84][7]
2025-05-02 17:15:05,897 - WARNING - No threshold delta found for M[0][0] in range [0, 4096]
2025-05-02 17:15:05,897 - WARNING - Worker failed to find threshold for S[85][0]
2025-05-02 17:15:05,903 - WARNING - No threshold delta found for M[1][1] in range [0, 4096]
2025-05-02 17:15:05,903 - WARNING - Worker failed to find threshold for S[85][1]
2025-05-02 17:15:06,464 - WARNING - No threshold delta found for M[6][6] in range [0, 4096]
2025-05-02 17:15:06,464 - WARNING - Worker failed to find threshold for S[85][6]
2025-05-02 17:15:06,480 - WARNING - No threshold delta found for M[5][5] in range [0, 4096]
2025-05-02 17:15:06,480 - WARNING - Worker failed to find threshold for S[85][5]
2025-05-02 17:15:06,707 - WARNING - No threshold delta found for M[7][7] in range [0, 4096]
2025-05-02 17:15:06,707 - WARNING - Worker failed to find threshold for S[85][7]
2025-05-02 17:15:06,839 - WARNING - No threshold delta found for M[3][3] in range [0, 4096]
2025-05-02 17:15:06,839 - WARNING - Worker failed to find threshold for S[86][3]
2025-05-02 17:15:06,870 - WARNING - No threshold delta found for M[1][1] in range [0, 4096]
2025-05-02 17:15:06,870 - WARNING - Worker failed to find threshold for S[86][1]
2025-05-02 17:15:06,885 - WARNING - No threshold delta found for M[2][2] in range [0, 4096]
2025-05-02 17:15:06,886 - WARNING - Worker failed to find threshold for S[86][2]
2025-05-02 17:15:07,152 - WARNING - No threshold delta found for M[5][5] in range [0, 4096]
2025-05-02 17:15:07,153 - WARNING - Worker failed to find threshold for S[86][5]
2025-05-02 17:15:07,206 - WARNING - No threshold delta found for M[6][6] in range [0, 4096]
2025-05-02 17:15:07,206 - WARNING - Worker failed to find threshold for S[86][6]
2025-05-02 17:15:07,471 - WARNING - No threshold delta found for M[2][2] in range [0, 4096]
2025-05-02 17:15:07,472 - WARNING - Worker failed to find threshold for S[87][2]
2025-05-02 17:15:08,027 - WARNING - No threshold delta found for M[5][5] in range [0, 4096]
2025-05-02 17:15:08,027 - WARNING - Worker failed to find threshold for S[87][5]
2025-05-02 17:15:08,267 - WARNING - No threshold delta found for M[1][1] in range [0, 4096]
2025-05-02 17:15:08,268 - WARNING - Worker failed to find threshold for S[88][1]
2025-05-02 17:15:08,309 - WARNING - No threshold delta found for M[2][2] in range [0, 4096]
2025-05-02 17:15:08,309 - WARNING - Worker failed to find threshold for S[88][2]
2025-05-02 17:15:08,429 - WARNING - No threshold delta found for M[3][3] in range [0, 4096]
2025-05-02 17:15:08,429 - WARNING - Worker failed to find threshold for S[88][3]
2025-05-02 17:15:08,894 - WARNING - No threshold delta found for M[4][4] in range [0, 4096]
2025-05-02 17:15:08,894 - WARNING - Worker failed to find threshold for S[88][4]
2025-05-02 17:15:09,278 - WARNING - No threshold delta found for M[7][7] in range [0, 4096]
2025-05-02 17:15:09,278 - WARNING - Worker failed to find threshold for S[88][7]
2025-05-02 17:15:09,281 - WARNING - No threshold delta found for M[6][6] in range [0, 4096]
2025-05-02 17:15:09,282 - WARNING - Worker failed to find threshold for S[88][6]
2025-05-02 17:15:09,402 - WARNING - No threshold delta found for M[2][2] in range [0, 4096]
2025-05-02 17:15:09,403 - WARNING - Worker failed to find threshold for S[89][2]
2025-05-02 17:15:09,418 - WARNING - No threshold delta found for M[1][1] in range [0, 4096]
2025-05-02 17:15:09,418 - WARNING - Worker failed to find threshold for S[89][1]
2025-05-02 17:15:09,489 - WARNING - No threshold delta found for M[3][3] in range [0, 4096]
2025-05-02 17:15:09,489 - WARNING - Worker failed to find threshold for S[89][3]
2025-05-02 17:15:09,940 - WARNING - No threshold delta found for M[5][5] in range [0, 4096]
2025-05-02 17:15:09,940 - WARNING - Worker failed to find threshold for S[89][5]
2025-05-02 17:15:09,970 - WARNING - No threshold delta found for M[6][6] in range [0, 4096]
2025-05-02 17:15:09,970 - WARNING - Worker failed to find threshold for S[89][6]
2025-05-02 17:15:09,987 - WARNING - No threshold delta found for M[7][7] in range [0, 4096]
2025-05-02 17:15:09,987 - WARNING - Worker failed to find threshold for S[89][7]
2025-05-02 17:15:10,307 - WARNING - No threshold delta found for M[5][5] in range [0, 4096]
2025-05-02 17:15:10,307 - WARNING - Worker failed to find threshold for S[90][5]
2025-05-02 17:15:10,335 - WARNING - No threshold delta found for M[3][3] in range [0, 4096]
2025-05-02 17:15:10,336 - WARNING - Worker failed to find threshold for S[90][3]
2025-05-02 17:15:10,351 - WARNING - No threshold delta found for M[4][4] in range [0, 4096]
2025-05-02 17:15:10,351 - WARNING - Worker failed to find threshold for S[90][4]
2025-05-02 17:15:10,644 - WARNING - No threshold delta found for M[6][6] in range [0, 4096]
2025-05-02 17:15:10,644 - WARNING - Worker failed to find threshold for S[90][6]
2025-05-02 17:15:11,103 - WARNING - No threshold delta found for M[2][2] in range [0, 4096]
2025-05-02 17:15:11,103 - WARNING - Worker failed to find threshold for S[91][2]
2025-05-02 17:15:11,365 - WARNING - No threshold delta found for M[4][4] in range [0, 4096]
2025-05-02 17:15:11,365 - WARNING - Worker failed to find threshold for S[91][4]
2025-05-02 17:15:11,875 - WARNING - No threshold delta found for M[3][3] in range [0, 4096]
2025-05-02 17:15:11,875 - WARNING - Worker failed to find threshold for S[92][3]
2025-05-02 17:15:12,753 - WARNING - No threshold delta found for M[6][6] in range [0, 4096]
2025-05-02 17:15:12,753 - WARNING - Worker failed to find threshold for S[92][6]
2025-05-02 17:15:12,762 - WARNING - No threshold delta found for M[7][7] in range [0, 4096]
2025-05-02 17:15:12,762 - WARNING - Worker failed to find threshold for S[92][7]
2025-05-02 17:15:12,782 - WARNING - No threshold delta found for M[0][0] in range [0, 4096]
2025-05-02 17:15:12,782 - WARNING - Worker failed to find threshold for S[93][0]
2025-05-02 17:15:13,046 - WARNING - No threshold delta found for M[4][4] in range [0, 4096]
2025-05-02 17:15:13,046 - WARNING - Worker failed to find threshold for S[93][4]
2025-05-02 17:15:13,287 - WARNING - No threshold delta found for M[6][6] in range [0, 4096]
2025-05-02 17:15:13,287 - WARNING - Worker failed to find threshold for S[93][6]
2025-05-02 17:15:13,498 - WARNING - No threshold delta found for M[1][1] in range [0, 4096]
2025-05-02 17:15:13,498 - WARNING - Worker failed to find threshold for S[94][1]
2025-05-02 17:15:13,636 - WARNING - No threshold delta found for M[3][3] in range [0, 4096]
2025-05-02 17:15:13,636 - WARNING - Worker failed to find threshold for S[94][3]
2025-05-02 17:15:13,830 - WARNING - No threshold delta found for M[4][4] in range [0, 4096]
2025-05-02 17:15:13,830 - WARNING - Worker failed to find threshold for S[94][4]
2025-05-02 17:15:13,897 - WARNING - No threshold delta found for M[6][6] in range [0, 4096]
2025-05-02 17:15:13,897 - WARNING - Worker failed to find threshold for S[94][6]
2025-05-02 17:15:13,935 - WARNING - No threshold delta found for M[7][7] in range [0, 4096]
2025-05-02 17:15:13,936 - WARNING - Worker failed to find threshold for S[94][7]
2025-05-02 17:15:14,098 - WARNING - No threshold delta found for M[0][0] in range [0, 4096]
2025-05-02 17:15:14,098 - WARNING - Worker failed to find threshold for S[95][0]
2025-05-02 17:15:14,584 - WARNING - No threshold delta found for M[3][3] in range [0, 4096]
2025-05-02 17:15:14,585 - WARNING - Worker failed to find threshold for S[95][3]
2025-05-02 17:15:14,637 - WARNING - No threshold delta found for M[5][5] in range [0, 4096]
2025-05-02 17:15:14,637 - WARNING - Worker failed to find threshold for S[95][5]
2025-05-02 17:15:14,798 - WARNING - No threshold delta found for M[7][7] in range [0, 4096]
2025-05-02 17:15:14,798 - WARNING - Worker failed to find threshold for S[95][7]
2025-05-02 17:15:14,842 - WARNING - No threshold delta found for M[6][6] in range [0, 4096]
2025-05-02 17:15:14,842 - WARNING - Worker failed to find threshold for S[95][6]
2025-05-02 17:15:14,843 - INFO - Progress: 768/5120 (15.0%). Rate: 9.52 entries/s. ETA: 457.0s
2025-05-02 17:15:14,843 - ERROR -   Failed to recover approximation for S[95][7]
2025-05-02 17:15:14,865 - WARNING - No threshold delta found for M[0][0] in range [0, 4096]
2025-05-02 17:15:14,865 - WARNING - Worker failed to find threshold for S[96][0]
2025-05-02 17:15:15,019 - WARNING - No threshold delta found for M[2][2] in range [0, 4096]
2025-05-02 17:15:15,019 - WARNING - Worker failed to find threshold for S[96][2]
2025-05-02 17:15:15,342 - WARNING - No threshold delta found for M[3][3] in range [0, 4096]
2025-05-02 17:15:15,342 - WARNING - Worker failed to find threshold for S[96][3]
2025-05-02 17:15:15,563 - WARNING - No threshold delta found for M[4][4] in range [0, 4096]
2025-05-02 17:15:15,564 - WARNING - Worker failed to find threshold for S[96][4]
2025-05-02 17:15:16,230 - WARNING - No threshold delta found for M[7][7] in range [0, 4096]
2025-05-02 17:15:16,230 - WARNING - Worker failed to find threshold for S[96][7]
2025-05-02 17:15:16,764 - WARNING - No threshold delta found for M[6][6] in range [0, 4096]
2025-05-02 17:15:16,764 - WARNING - Worker failed to find threshold for S[97][6]
2025-05-02 17:15:16,935 - WARNING - No threshold delta found for M[0][0] in range [0, 4096]
2025-05-02 17:15:16,935 - WARNING - Worker failed to find threshold for S[98][0]
2025-05-02 17:15:16,969 - WARNING - No threshold delta found for M[2][2] in range [0, 4096]
2025-05-02 17:15:16,970 - WARNING - Worker failed to find threshold for S[98][2]
2025-05-02 17:15:17,070 - WARNING - No threshold delta found for M[3][3] in range [0, 4096]
2025-05-02 17:15:17,071 - WARNING - Worker failed to find threshold for S[98][3]
2025-05-02 17:15:17,327 - WARNING - No threshold delta found for M[5][5] in range [0, 4096]
2025-05-02 17:15:17,328 - WARNING - Worker failed to find threshold for S[98][5]
2025-05-02 17:15:17,361 - WARNING - No threshold delta found for M[6][6] in range [0, 4096]
2025-05-02 17:15:17,362 - WARNING - Worker failed to find threshold for S[98][6]
2025-05-02 17:15:17,419 - WARNING - No threshold delta found for M[7][7] in range [0, 4096]
2025-05-02 17:15:17,420 - WARNING - Worker failed to find threshold for S[98][7]
2025-05-02 17:15:18,052 - WARNING - No threshold delta found for M[3][3] in range [0, 4096]
2025-05-02 17:15:18,052 - WARNING - Worker failed to find threshold for S[99][3]
2025-05-02 17:15:18,078 - WARNING - No threshold delta found for M[5][5] in range [0, 4096]
2025-05-02 17:15:18,079 - WARNING - Worker failed to find threshold for S[99][5]
2025-05-02 17:15:18,321 - WARNING - No threshold delta found for M[0][0] in range [0, 4096]
2025-05-02 17:15:18,322 - WARNING - Worker failed to find threshold for S[100][0]
2025-05-02 17:15:18,792 - WARNING - No threshold delta found for M[3][3] in range [0, 4096]
2025-05-02 17:15:18,792 - WARNING - Worker failed to find threshold for S[100][3]
2025-05-02 17:15:19,020 - WARNING - No threshold delta found for M[5][5] in range [0, 4096]
2025-05-02 17:15:19,020 - WARNING - Worker failed to find threshold for S[100][5]
2025-05-02 17:15:19,230 - WARNING - No threshold delta found for M[6][6] in range [0, 4096]
2025-05-02 17:15:19,231 - WARNING - Worker failed to find threshold for S[100][6]
2025-05-02 17:15:19,395 - WARNING - No threshold delta found for M[0][0] in range [0, 4096]
2025-05-02 17:15:19,396 - WARNING - Worker failed to find threshold for S[101][0]
2025-05-02 17:15:19,719 - WARNING - No threshold delta found for M[4][4] in range [0, 4096]
2025-05-02 17:15:19,719 - WARNING - Worker failed to find threshold for S[101][4]
2025-05-02 17:15:19,720 - WARNING - No threshold delta found for M[3][3] in range [0, 4096]
2025-05-02 17:15:19,720 - WARNING - Worker failed to find threshold for S[101][3]
2025-05-02 17:15:19,733 - WARNING - No threshold delta found for M[5][5] in range [0, 4096]
2025-05-02 17:15:19,733 - WARNING - Worker failed to find threshold for S[101][5]
2025-05-02 17:15:20,261 - WARNING - No threshold delta found for M[0][0] in range [0, 4096]
2025-05-02 17:15:20,262 - WARNING - Worker failed to find threshold for S[102][0]
2025-05-02 17:15:20,794 - WARNING - No threshold delta found for M[5][5] in range [0, 4096]
2025-05-02 17:15:20,794 - WARNING - Worker failed to find threshold for S[102][5]
2025-05-02 17:15:20,894 - WARNING - No threshold delta found for M[7][7] in range [0, 4096]
2025-05-02 17:15:20,895 - WARNING - Worker failed to find threshold for S[102][7]
2025-05-02 17:15:20,906 - WARNING - No threshold delta found for M[0][0] in range [0, 4096]
2025-05-02 17:15:20,906 - WARNING - Worker failed to find threshold for S[103][0]
2025-05-02 17:15:20,955 - WARNING - No threshold delta found for M[2][2] in range [0, 4096]
2025-05-02 17:15:20,955 - WARNING - Worker failed to find threshold for S[103][2]
2025-05-02 17:15:21,032 - WARNING - No threshold delta found for M[1][1] in range [0, 4096]
2025-05-02 17:15:21,033 - WARNING - Worker failed to find threshold for S[103][1]
2025-05-02 17:15:21,485 - WARNING - No threshold delta found for M[0][0] in range [0, 4096]
2025-05-02 17:15:21,485 - WARNING - Worker failed to find threshold for S[104][0]
2025-05-02 17:15:22,084 - WARNING - No threshold delta found for M[3][3] in range [0, 4096]
2025-05-02 17:15:22,084 - WARNING - Worker failed to find threshold for S[104][3]
2025-05-02 17:15:22,239 - WARNING - No threshold delta found for M[4][4] in range [0, 4096]
2025-05-02 17:15:22,239 - WARNING - Worker failed to find threshold for S[104][4]
2025-05-02 17:15:22,483 - WARNING - No threshold delta found for M[5][5] in range [0, 4096]
2025-05-02 17:15:22,484 - WARNING - Worker failed to find threshold for S[104][5]
2025-05-02 17:15:22,705 - WARNING - No threshold delta found for M[7][7] in range [0, 4096]
2025-05-02 17:15:22,705 - WARNING - Worker failed to find threshold for S[104][7]
2025-05-02 17:15:22,813 - WARNING - No threshold delta found for M[1][1] in range [0, 4096]
2025-05-02 17:15:22,813 - WARNING - Worker failed to find threshold for S[105][1]
2025-05-02 17:15:22,914 - WARNING - No threshold delta found for M[2][2] in range [0, 4096]
2025-05-02 17:15:22,914 - WARNING - Worker failed to find threshold for S[105][2]
2025-05-02 17:15:23,071 - WARNING - No threshold delta found for M[6][6] in range [0, 4096]
2025-05-02 17:15:23,071 - WARNING - Worker failed to find threshold for S[105][6]
2025-05-02 17:15:23,188 - WARNING - No threshold delta found for M[4][4] in range [0, 4096]
2025-05-02 17:15:23,189 - WARNING - Worker failed to find threshold for S[105][4]
2025-05-02 17:15:23,223 - WARNING - No threshold delta found for M[3][3] in range [0, 4096]
2025-05-02 17:15:23,224 - WARNING - Worker failed to find threshold for S[105][3]
2025-05-02 17:15:23,228 - WARNING - No threshold delta found for M[5][5] in range [0, 4096]
2025-05-02 17:15:23,228 - WARNING - Worker failed to find threshold for S[105][5]
2025-05-02 17:15:23,717 - WARNING - No threshold delta found for M[1][1] in range [0, 4096]
2025-05-02 17:15:23,717 - WARNING - Worker failed to find threshold for S[106][1]
2025-05-02 17:15:24,389 - WARNING - No threshold delta found for M[7][7] in range [0, 4096]
2025-05-02 17:15:24,389 - WARNING - Worker failed to find threshold for S[106][7]
2025-05-02 17:15:24,728 - WARNING - No threshold delta found for M[3][3] in range [0, 4096]
2025-05-02 17:15:24,728 - WARNING - Worker failed to find threshold for S[107][3]
2025-05-02 17:15:24,884 - WARNING - No threshold delta found for M[4][4] in range [0, 4096]
2025-05-02 17:15:24,885 - WARNING - Worker failed to find threshold for S[107][4]
2025-05-02 17:15:24,960 - WARNING - No threshold delta found for M[0][0] in range [0, 4096]
2025-05-02 17:15:24,960 - WARNING - Worker failed to find threshold for S[108][0]
2025-05-02 17:15:25,914 - WARNING - No threshold delta found for M[5][5] in range [0, 4096]
2025-05-02 17:15:25,914 - WARNING - Worker failed to find threshold for S[108][5]
2025-05-02 17:15:25,960 - WARNING - No threshold delta found for M[6][6] in range [0, 4096]
2025-05-02 17:15:25,960 - WARNING - Worker failed to find threshold for S[108][6]
2025-05-02 17:15:26,117 - WARNING - No threshold delta found for M[7][7] in range [0, 4096]
2025-05-02 17:15:26,117 - WARNING - Worker failed to find threshold for S[108][7]
2025-05-02 17:15:26,414 - WARNING - No threshold delta found for M[3][3] in range [0, 4096]
2025-05-02 17:15:26,414 - WARNING - Worker failed to find threshold for S[109][3]
2025-05-02 17:15:26,669 - WARNING - No threshold delta found for M[4][4] in range [0, 4096]
2025-05-02 17:15:26,670 - WARNING - Worker failed to find threshold for S[109][4]
2025-05-02 17:15:27,216 - WARNING - No threshold delta found for M[1][1] in range [0, 4096]
2025-05-02 17:15:27,216 - WARNING - Worker failed to find threshold for S[110][1]
2025-05-02 17:15:27,636 - WARNING - No threshold delta found for M[1][1] in range [0, 4096]
2025-05-02 17:15:27,636 - WARNING - Worker failed to find threshold for S[111][1]
2025-05-02 17:15:27,689 - WARNING - No threshold delta found for M[7][7] in range [0, 4096]
2025-05-02 17:15:27,689 - WARNING - Worker failed to find threshold for S[110][7]
2025-05-02 17:15:27,892 - WARNING - No threshold delta found for M[2][2] in range [0, 4096]
2025-05-02 17:15:27,892 - WARNING - Worker failed to find threshold for S[111][2]
2025-05-02 17:15:28,128 - WARNING - No threshold delta found for M[3][3] in range [0, 4096]
2025-05-02 17:15:28,128 - WARNING - Worker failed to find threshold for S[111][3]
2025-05-02 17:15:28,158 - WARNING - No threshold delta found for M[4][4] in range [0, 4096]
2025-05-02 17:15:28,158 - WARNING - Worker failed to find threshold for S[111][4]
2025-05-02 17:15:28,207 - WARNING - No threshold delta found for M[5][5] in range [0, 4096]
2025-05-02 17:15:28,207 - WARNING - Worker failed to find threshold for S[111][5]
2025-05-02 17:15:28,368 - WARNING - No threshold delta found for M[6][6] in range [0, 4096]
2025-05-02 17:15:28,368 - WARNING - Worker failed to find threshold for S[111][6]
2025-05-02 17:15:28,437 - WARNING - No threshold delta found for M[1][1] in range [0, 4096]
2025-05-02 17:15:28,438 - WARNING - Worker failed to find threshold for S[112][1]
2025-05-02 17:15:28,438 - WARNING - No threshold delta found for M[0][0] in range [0, 4096]
2025-05-02 17:15:28,438 - WARNING - Worker failed to find threshold for S[112][0]
2025-05-02 17:15:28,693 - WARNING - No threshold delta found for M[3][3] in range [0, 4096]
2025-05-02 17:15:28,693 - WARNING - Worker failed to find threshold for S[112][3]
2025-05-02 17:15:29,413 - WARNING - No threshold delta found for M[6][6] in range [0, 4096]
2025-05-02 17:15:29,413 - WARNING - Worker failed to find threshold for S[112][6]
2025-05-02 17:15:29,598 - WARNING - No threshold delta found for M[1][1] in range [0, 4096]
2025-05-02 17:15:29,598 - WARNING - Worker failed to find threshold for S[113][1]
2025-05-02 17:15:29,931 - WARNING - No threshold delta found for M[6][6] in range [0, 4096]
2025-05-02 17:15:29,931 - WARNING - Worker failed to find threshold for S[113][6]
2025-05-02 17:15:30,056 - WARNING - No threshold delta found for M[5][5] in range [0, 4096]
2025-05-02 17:15:30,056 - WARNING - Worker failed to find threshold for S[113][5]
2025-05-02 17:15:30,458 - WARNING - No threshold delta found for M[1][1] in range [0, 4096]
2025-05-02 17:15:30,458 - WARNING - Worker failed to find threshold for S[114][1]
2025-05-02 17:15:30,510 - WARNING - No threshold delta found for M[0][0] in range [0, 4096]
2025-05-02 17:15:30,511 - WARNING - Worker failed to find threshold for S[114][0]
2025-05-02 17:15:31,264 - WARNING - No threshold delta found for M[1][1] in range [0, 4096]
2025-05-02 17:15:31,264 - WARNING - Worker failed to find threshold for S[115][1]
2025-05-02 17:15:31,388 - WARNING - No threshold delta found for M[2][2] in range [0, 4096]
2025-05-02 17:15:31,389 - WARNING - Worker failed to find threshold for S[115][2]
2025-05-02 17:15:31,618 - WARNING - No threshold delta found for M[5][5] in range [0, 4096]
2025-05-02 17:15:31,618 - WARNING - Worker failed to find threshold for S[115][5]
2025-05-02 17:15:31,677 - WARNING - No threshold delta found for M[3][3] in range [0, 4096]
2025-05-02 17:15:31,678 - WARNING - Worker failed to find threshold for S[115][3]
2025-05-02 17:15:31,896 - WARNING - No threshold delta found for M[0][0] in range [0, 4096]
2025-05-02 17:15:31,897 - WARNING - Worker failed to find threshold for S[116][0]
2025-05-02 17:15:32,121 - WARNING - No threshold delta found for M[4][4] in range [0, 4096]
2025-05-02 17:15:32,121 - WARNING - Worker failed to find threshold for S[116][4]
2025-05-02 17:15:32,617 - WARNING - No threshold delta found for M[6][6] in range [0, 4096]
2025-05-02 17:15:32,617 - WARNING - Worker failed to find threshold for S[116][6]
2025-05-02 17:15:32,918 - WARNING - No threshold delta found for M[1][1] in range [0, 4096]
2025-05-02 17:15:32,919 - WARNING - Worker failed to find threshold for S[117][1]
2025-05-02 17:15:32,919 - WARNING - No threshold delta found for M[0][0] in range [0, 4096]
2025-05-02 17:15:32,919 - WARNING - Worker failed to find threshold for S[117][0]
2025-05-02 17:15:33,085 - WARNING - No threshold delta found for M[2][2] in range [0, 4096]
2025-05-02 17:15:33,086 - WARNING - Worker failed to find threshold for S[117][2]
2025-05-02 17:15:33,155 - WARNING - No threshold delta found for M[3][3] in range [0, 4096]
2025-05-02 17:15:33,156 - WARNING - Worker failed to find threshold for S[117][3]
2025-05-02 17:15:33,392 - WARNING - No threshold delta found for M[5][5] in range [0, 4096]
2025-05-02 17:15:33,392 - WARNING - Worker failed to find threshold for S[117][5]
2025-05-02 17:15:33,918 - WARNING - No threshold delta found for M[1][1] in range [0, 4096]
2025-05-02 17:15:33,918 - WARNING - Worker failed to find threshold for S[118][1]
2025-05-02 17:15:33,950 - WARNING - No threshold delta found for M[2][2] in range [0, 4096]
2025-05-02 17:15:33,950 - WARNING - Worker failed to find threshold for S[118][2]
2025-05-02 17:15:34,167 - WARNING - No threshold delta found for M[7][7] in range [0, 4096]
2025-05-02 17:15:34,167 - WARNING - Worker failed to find threshold for S[118][7]
2025-05-02 17:15:34,793 - WARNING - No threshold delta found for M[3][3] in range [0, 4096]
2025-05-02 17:15:34,793 - WARNING - Worker failed to find threshold for S[119][3]
2025-05-02 17:15:34,830 - WARNING - No threshold delta found for M[2][2] in range [0, 4096]
2025-05-02 17:15:34,830 - WARNING - Worker failed to find threshold for S[119][2]
2025-05-02 17:15:35,253 - WARNING - No threshold delta found for M[0][0] in range [0, 4096]
2025-05-02 17:15:35,253 - WARNING - Worker failed to find threshold for S[120][0]
2025-05-02 17:15:35,275 - WARNING - No threshold delta found for M[1][1] in range [0, 4096]
2025-05-02 17:15:35,275 - WARNING - Worker failed to find threshold for S[120][1]
2025-05-02 17:15:35,406 - WARNING - No threshold delta found for M[2][2] in range [0, 4096]
2025-05-02 17:15:35,406 - WARNING - Worker failed to find threshold for S[120][2]
2025-05-02 17:15:36,686 - WARNING - No threshold delta found for M[4][4] in range [0, 4096]
2025-05-02 17:15:36,687 - WARNING - Worker failed to find threshold for S[121][4]
2025-05-02 17:15:36,889 - WARNING - No threshold delta found for M[7][7] in range [0, 4096]
2025-05-02 17:15:36,889 - WARNING - Worker failed to find threshold for S[121][7]
2025-05-02 17:15:37,282 - WARNING - No threshold delta found for M[1][1] in range [0, 4096]
2025-05-02 17:15:37,282 - WARNING - Worker failed to find threshold for S[122][1]
2025-05-02 17:15:37,363 - WARNING - No threshold delta found for M[2][2] in range [0, 4096]
2025-05-02 17:15:37,363 - WARNING - Worker failed to find threshold for S[122][2]
2025-05-02 17:15:37,736 - WARNING - No threshold delta found for M[0][0] in range [0, 4096]
2025-05-02 17:15:37,736 - WARNING - Worker failed to find threshold for S[123][0]
2025-05-02 17:15:38,208 - WARNING - No threshold delta found for M[3][3] in range [0, 4096]
2025-05-02 17:15:38,208 - WARNING - Worker failed to find threshold for S[123][3]
2025-05-02 17:15:38,221 - WARNING - No threshold delta found for M[4][4] in range [0, 4096]
2025-05-02 17:15:38,221 - WARNING - Worker failed to find threshold for S[123][4]
2025-05-02 17:15:38,312 - WARNING - No threshold delta found for M[5][5] in range [0, 4096]
2025-05-02 17:15:38,312 - WARNING - Worker failed to find threshold for S[123][5]
2025-05-02 17:15:38,335 - WARNING - No threshold delta found for M[6][6] in range [0, 4096]
2025-05-02 17:15:38,335 - WARNING - Worker failed to find threshold for S[123][6]
2025-05-02 17:15:38,753 - WARNING - No threshold delta found for M[1][1] in range [0, 4096]
2025-05-02 17:15:38,753 - WARNING - Worker failed to find threshold for S[124][1]
