2025-05-06 16:00:25,224 - __main__ - INFO - Setting up server for UID: 119008041, Deterministic: False
2025-05-06 16:00:25,921 - __main__ - INFO - Received Public Key (PK): 85A40BAF16...F751E3F1D6
2025-05-06 16:00:25,996 - __main__ - INFO - Parsed seedA and unpacked b into matrix B (640x8)
2025-05-06 16:00:25,997 - __main__ - INFO - Starting fresh oracle recovery for S approximations (ignoring cached results)...
2025-05-06 16:00:25,997 - __main__ - INFO - Starting recovery using 32 workers... Salt length: 32
2025-05-06 16:00:25,997 - __main__ - INFO - Targeting entries up to k=639, l=7
Remote Server
Server is up and running!
Key pair generated and stored
2025-05-06 16:00:55,545 - __main__ - INFO - Progress: 256/5120 (5.0%). Rate: 8.66 entries/s. ETA: 561.4s
2025-05-06 16:00:55,545 - __main__ - INFO -   Recovered S[31][7] ≈ 4097 (mod 8192)
2025-05-06 16:01:24,216 - __main__ - INFO - Progress: 512/5120 (10.0%). Rate: 8.79 entries/s. ETA: 524.0s
2025-05-06 16:01:24,217 - __main__ - INFO -   Recovered S[63][7] ≈ 4098 (mod 8192)
2025-05-06 16:01:53,190 - __main__ - INFO - Progress: 768/5120 (15.0%). Rate: 8.81 entries/s. ETA: 494.1s
2025-05-06 16:01:53,191 - __main__ - INFO -   Recovered S[95][7] ≈ 4096 (mod 8192)
2025-05-06 16:02:22,292 - __main__ - INFO - Progress: 1024/5120 (20.0%). Rate: 8.81 entries/s. ETA: 465.2s
2025-05-06 16:02:22,292 - __main__ - INFO -   Recovered S[127][7] ≈ 4094 (mod 8192)
2025-05-06 16:02:52,284 - __main__ - INFO - Progress: 1280/5120 (25.0%). Rate: 8.75 entries/s. ETA: 438.9s
2025-05-06 16:02:52,284 - __main__ - INFO -   Recovered S[159][7] ≈ 4099 (mod 8192)
2025-05-06 16:03:22,310 - __main__ - INFO - Progress: 1536/5120 (30.0%). Rate: 8.71 entries/s. ETA: 411.4s
2025-05-06 16:03:22,310 - __main__ - INFO -   Recovered S[191][7] ≈ 4096 (mod 8192)
2025-05-06 16:03:52,455 - __main__ - INFO - Progress: 1792/5120 (35.0%). Rate: 8.68 entries/s. ETA: 383.4s
2025-05-06 16:03:52,455 - __main__ - INFO -   Recovered S[223][7] ≈ 4100 (mod 8192)
2025-05-06 16:04:23,076 - __main__ - INFO - Progress: 2048/5120 (40.0%). Rate: 8.64 entries/s. ETA: 355.6s
2025-05-06 16:04:23,077 - __main__ - INFO -   Recovered S[255][7] ≈ 4100 (mod 8192)
2025-05-06 16:04:53,899 - __main__ - INFO - Progress: 2304/5120 (45.0%). Rate: 8.60 entries/s. ETA: 327.4s
2025-05-06 16:04:53,900 - __main__ - INFO -   Recovered S[287][7] ≈ 4100 (mod 8192)
2025-05-06 16:05:25,679 - __main__ - INFO - Progress: 2560/5120 (50.0%). Rate: 8.54 entries/s. ETA: 299.7s
2025-05-06 16:05:25,679 - __main__ - INFO -   Recovered S[319][7] ≈ 4101 (mod 8192)
2025-05-06 16:05:57,347 - __main__ - INFO - Progress: 2816/5120 (55.0%). Rate: 8.50 entries/s. ETA: 271.1s
2025-05-06 16:05:57,348 - __main__ - INFO -   Recovered S[351][7] ≈ 4091 (mod 8192)
2025-05-06 16:06:29,680 - __main__ - INFO - Progress: 3072/5120 (60.0%). Rate: 8.45 entries/s. ETA: 242.5s
2025-05-06 16:06:29,680 - __main__ - INFO -   Recovered S[383][7] ≈ 4103 (mod 8192)
2025-05-06 16:07:02,121 - __main__ - INFO - Progress: 3328/5120 (65.0%). Rate: 8.40 entries/s. ETA: 213.3s
2025-05-06 16:07:02,122 - __main__ - INFO -   Recovered S[415][7] ≈ 4098 (mod 8192)
2025-05-06 16:07:35,368 - __main__ - INFO - Progress: 3584/5120 (70.0%). Rate: 8.35 entries/s. ETA: 184.0s
2025-05-06 16:07:35,368 - __main__ - INFO -   Recovered S[447][7] ≈ 4099 (mod 8192)
2025-05-06 16:08:09,024 - __main__ - INFO - Progress: 3840/5120 (75.0%). Rate: 8.29 entries/s. ETA: 154.3s
2025-05-06 16:08:09,024 - __main__ - INFO -   Recovered S[479][7] ≈ 4096 (mod 8192)
2025-05-06 16:08:42,519 - __main__ - INFO - Progress: 4096/5120 (80.0%). Rate: 8.25 entries/s. ETA: 124.1s
2025-05-06 16:08:42,519 - __main__ - INFO -   Recovered S[511][7] ≈ 4099 (mod 8192)
2025-05-06 16:09:16,622 - __main__ - INFO - Progress: 4352/5120 (85.0%). Rate: 8.20 entries/s. ETA: 93.6s
2025-05-06 16:09:16,622 - __main__ - INFO -   Recovered S[543][7] ≈ 4099 (mod 8192)
2025-05-06 16:09:50,882 - __main__ - INFO - Progress: 4608/5120 (90.0%). Rate: 8.16 entries/s. ETA: 62.8s
2025-05-06 16:09:50,882 - __main__ - INFO -   Recovered S[575][7] ≈ 4100 (mod 8192)
2025-05-06 16:10:26,011 - __main__ - INFO - Progress: 4864/5120 (95.0%). Rate: 8.11 entries/s. ETA: 31.6s
2025-05-06 16:10:26,011 - __main__ - INFO -   Recovered S[607][7] ≈ 4097 (mod 8192)
2025-05-06 16:11:00,117 - __main__ - INFO - Progress: 5120/5120 (100.0%). Rate: 8.07 entries/s. ETA: 0.0s
2025-05-06 16:11:00,117 - __main__ - INFO -   Recovered S[639][7] ≈ 4100 (mod 8192)
2025-05-06 16:11:00,227 - __main__ - INFO - Finished gathering 5120/5120 approximations in 634.23s
2025-05-06 16:11:00,229 - __main__ - INFO - --- Entering solve_system_from_approximations (PLACEHOLDER - SAVING INPUTS) ---
2025-05-06 16:11:00,229 - __main__ - INFO -   UID: 119008041
2025-05-06 16:11:00,229 - __main__ - INFO -   KEM Variant: FrodoKEM-640-SHAKE
2025-05-06 16:11:00,229 - __main__ - INFO -   seedA length: 16 bytes
2025-05-06 16:11:00,229 - __main__ - INFO -   B_matrix dimensions: 640x8
2025-05-06 16:11:00,229 - __main__ - INFO -   Number of approximations received: 5120
2025-05-06 16:11:00,229 - __main__ - INFO - Ensured solver input directory exists: solver_inputs/
2025-05-06 16:11:00,229 - __main__ - INFO - Attempting to read true S from student file for debugging...
2025-05-06 16:11:00,298 - __main__ - INFO - Successfully read and parsed true S matrix from student_files/119008041.txt
2025-05-06 16:11:00,299 - __main__ - INFO - Successfully saved solver inputs to solver_inputs/solver_inputs_119008041.pkl
2025-05-06 16:11:00,299 - Solver - INFO - Attempting to load solver data from: solver_inputs/solver_inputs_119008041.pkl
2025-05-06 16:11:00,300 - Solver - INFO - Successfully loaded data for UID: 119008041
2025-05-06 16:11:00,300 - Solver - INFO - Initializing KEM to generate Matrix A...
2025-05-06 16:11:00,300 - Solver - INFO - KEM Params: q=32768, n=640, nbar=8, Mod_Approx=8192
2025-05-06 16:11:00,300 - Solver - INFO - Generating matrix A (this might take a moment)...
2025-05-06 16:11:00,414 - Solver - INFO - Matrix A generated ((640, 640))
2025-05-06 16:11:00,414 - Solver - INFO - Matrix B loaded ((640, 8))
2025-05-06 16:11:00,414 - Solver - INFO - Constructing S_known matrix from approximations...
2025-05-06 16:11:00,419 - Solver - INFO - S_known_matrix (mod 8192) constructed. Processed: 5120, Missing: 0.
2025-05-06 16:11:00,419 - Solver - INFO - Comparing constructed S_known with loaded S_true...
2025-05-06 16:11:00,421 - Solver - INFO -   SUCCESS: S_known matches S_true (centered mod 8192) for all 5120 entries!
2025-05-06 16:11:00,424 - Solver - INFO - Attempting to solve 8 columns using 8 workers.
2025-05-06 16:11:00,424 - Solver - INFO - BKZ Parameters: Block Size = 80, Float Type = mp
2025-05-06 16:11:00,424 - Solver - INFO - Starting parallel lattice reduction...
2025-05-06 16:11:00,453 - Solver - INFO - [Worker 0] Starting...
2025-05-06 16:11:00,459 - Solver - INFO - [Worker 0] Constructing basis matrix (641x641)...
2025-05-06 16:11:00,461 - Solver - INFO - [Worker 1] Starting...
2025-05-06 16:11:00,467 - Solver - INFO - [Worker 1] Constructing basis matrix (641x641)...
2025-05-06 16:11:00,469 - Solver - INFO - [Worker 2] Starting...
2025-05-06 16:11:00,475 - Solver - INFO - [Worker 2] Constructing basis matrix (641x641)...
2025-05-06 16:11:00,477 - Solver - INFO - [Worker 3] Starting...
2025-05-06 16:11:00,484 - Solver - INFO - [Worker 3] Constructing basis matrix (641x641)...
2025-05-06 16:11:00,486 - Solver - INFO - [Worker 4] Starting...
2025-05-06 16:11:00,492 - Solver - INFO - [Worker 4] Constructing basis matrix (641x641)...
2025-05-06 16:11:00,493 - Solver - INFO - [Worker 5] Starting...
2025-05-06 16:11:00,499 - Solver - INFO - [Worker 5] Constructing basis matrix (641x641)...
2025-05-06 16:11:00,502 - Solver - INFO - [Worker 6] Starting...
2025-05-06 16:11:00,508 - Solver - INFO - [Worker 6] Constructing basis matrix (641x641)...
2025-05-06 16:11:00,510 - Solver - INFO - [Worker 7] Starting...
2025-05-06 16:11:00,516 - Solver - INFO - [Worker 7] Constructing basis matrix (641x641)...
2025-05-06 16:11:00,594 - Solver - INFO - [Worker 0] Basis matrix created.
2025-05-06 16:11:00,594 - Solver - INFO - [Worker 0] Starting BKZ reduction (block size 80)...
2025-05-06 16:11:00,602 - Solver - INFO - [Worker 1] Basis matrix created.
2025-05-06 16:11:00,602 - Solver - INFO - [Worker 1] Starting BKZ reduction (block size 80)...
2025-05-06 16:11:00,612 - Solver - INFO - [Worker 2] Basis matrix created.
2025-05-06 16:11:00,612 - Solver - INFO - [Worker 2] Starting BKZ reduction (block size 80)...
2025-05-06 16:11:00,618 - Solver - INFO - [Worker 3] Basis matrix created.
2025-05-06 16:11:00,618 - Solver - INFO - [Worker 3] Starting BKZ reduction (block size 80)...
2025-05-06 16:11:00,626 - Solver - INFO - [Worker 4] Basis matrix created.
2025-05-06 16:11:00,626 - Solver - INFO - [Worker 4] Starting BKZ reduction (block size 80)...
2025-05-06 16:11:00,634 - Solver - INFO - [Worker 5] Basis matrix created.
2025-05-06 16:11:00,634 - Solver - INFO - [Worker 5] Starting BKZ reduction (block size 80)...
2025-05-06 16:11:00,642 - Solver - INFO - [Worker 6] Basis matrix created.
2025-05-06 16:11:00,643 - Solver - INFO - [Worker 6] Starting BKZ reduction (block size 80)...
2025-05-06 16:11:00,651 - Solver - INFO - [Worker 7] Basis matrix created.
2025-05-06 16:11:00,651 - Solver - INFO - [Worker 7] Starting BKZ reduction (block size 80)...
2025-05-06 16:11:13,865 - Solver - INFO - [Worker 6] BKZ reduction finished in 13.22s.
2025-05-06 16:11:13,866 - Solver - INFO - [Worker 6] Analyzing ALL 641 vectors of reduced basis...
2025-05-06 16:11:13,867 - Solver - INFO - [Worker 6] Found candidate vector 7 with last coord -1 (non-zero s part).
2025-05-06 16:11:13,867 - Solver - INFO - [Worker 6] Candidate 7 check: Max absolute error = 9
2025-05-06 16:11:13,867 - Solver - INFO - [Worker 6] Candidate vector 7 verified (threshold q/8). Solution found.
2025-05-06 16:11:13,880 - Solver - INFO - Successfully processed column 6.
2025-05-06 16:11:13,889 - Solver - INFO - [Worker 1] BKZ reduction finished in 13.29s.
2025-05-06 16:11:13,889 - Solver - INFO - [Worker 1] Analyzing ALL 641 vectors of reduced basis...
2025-05-06 16:11:13,890 - Solver - INFO - [Worker 1] Found candidate vector 2 with last coord 1 (non-zero s part).
2025-05-06 16:11:13,890 - Solver - INFO - [Worker 1] Candidate 2 check: Max absolute error = 9
2025-05-06 16:11:13,890 - Solver - INFO - [Worker 1] Candidate vector 2 verified (threshold q/8). Solution found.
2025-05-06 16:11:13,902 - Solver - INFO - [Worker 2] BKZ reduction finished in 13.29s.
2025-05-06 16:11:13,902 - Solver - INFO - [Worker 2] Analyzing ALL 641 vectors of reduced basis...
2025-05-06 16:11:13,902 - Solver - INFO - Successfully processed column 1.
2025-05-06 16:11:13,902 - Solver - INFO - [Worker 2] Found candidate vector 1 with last coord 1 (non-zero s part).
2025-05-06 16:11:13,903 - Solver - INFO - [Worker 2] Candidate 1 check: Max absolute error = 9
2025-05-06 16:11:13,903 - Solver - INFO - [Worker 2] Candidate vector 1 verified (threshold q/8). Solution found.
2025-05-06 16:11:13,915 - Solver - INFO - Successfully processed column 2.
2025-05-06 16:11:13,918 - Solver - INFO - [Worker 7] BKZ reduction finished in 13.27s.
2025-05-06 16:11:13,918 - Solver - INFO - [Worker 7] Analyzing ALL 641 vectors of reduced basis...
2025-05-06 16:11:13,919 - Solver - INFO - [Worker 7] Found candidate vector 3 with last coord 1 (non-zero s part).
2025-05-06 16:11:13,919 - Solver - INFO - [Worker 7] Candidate 3 check: Max absolute error = 9
2025-05-06 16:11:13,919 - Solver - INFO - [Worker 7] Candidate vector 3 verified (threshold q/8). Solution found.
2025-05-06 16:11:13,931 - Solver - INFO - Successfully processed column 7.
2025-05-06 16:11:13,965 - Solver - INFO - [Worker 3] BKZ reduction finished in 13.35s.
2025-05-06 16:11:13,965 - Solver - INFO - [Worker 3] Analyzing ALL 641 vectors of reduced basis...
2025-05-06 16:11:13,965 - Solver - INFO - [Worker 3] Found candidate vector 3 with last coord 1 (non-zero s part).
2025-05-06 16:11:13,966 - Solver - INFO - [Worker 3] Candidate 3 check: Max absolute error = 9
2025-05-06 16:11:13,966 - Solver - INFO - [Worker 3] Candidate vector 3 verified (threshold q/8). Solution found.
2025-05-06 16:11:13,978 - Solver - INFO - Successfully processed column 3.
2025-05-06 16:11:14,016 - Solver - INFO - [Worker 5] BKZ reduction finished in 13.38s.
2025-05-06 16:11:14,016 - Solver - INFO - [Worker 5] Analyzing ALL 641 vectors of reduced basis...
2025-05-06 16:11:14,016 - Solver - INFO - [Worker 5] Found candidate vector 2 with last coord -1 (non-zero s part).
2025-05-06 16:11:14,017 - Solver - INFO - [Worker 5] Candidate 2 check: Max absolute error = 9
2025-05-06 16:11:14,017 - Solver - INFO - [Worker 5] Candidate vector 2 verified (threshold q/8). Solution found.
2025-05-06 16:11:14,017 - Solver - INFO - [Worker 0] BKZ reduction finished in 13.42s.
2025-05-06 16:11:14,017 - Solver - INFO - [Worker 0] Analyzing ALL 641 vectors of reduced basis...
2025-05-06 16:11:14,018 - Solver - INFO - [Worker 0] Found candidate vector 4 with last coord -1 (non-zero s part).
2025-05-06 16:11:14,019 - Solver - INFO - [Worker 0] Candidate 4 check: Max absolute error = 10
2025-05-06 16:11:14,019 - Solver - INFO - [Worker 0] Candidate vector 4 verified (threshold q/8). Solution found.
2025-05-06 16:11:14,029 - Solver - INFO - Successfully processed column 5.
2025-05-06 16:11:14,031 - Solver - INFO - Successfully processed column 0.
2025-05-06 16:11:14,044 - Solver - INFO - [Worker 4] BKZ reduction finished in 13.42s.
2025-05-06 16:11:14,045 - Solver - INFO - [Worker 4] Analyzing ALL 641 vectors of reduced basis...
2025-05-06 16:11:14,045 - Solver - INFO - [Worker 4] Found candidate vector 4 with last coord -1 (non-zero s part).
2025-05-06 16:11:14,046 - Solver - INFO - [Worker 4] Candidate 4 check: Max absolute error = 10
2025-05-06 16:11:14,046 - Solver - INFO - [Worker 4] Candidate vector 4 verified (threshold q/8). Solution found.
2025-05-06 16:11:14,058 - Solver - INFO - Successfully processed column 4.
2025-05-06 16:11:14,085 - Solver - INFO - Initial parallel solving finished in 13.66s.
2025-05-06 16:11:14,086 - Solver - INFO - All columns successfully processed (potentially after retries).
2025-05-06 16:11:14,086 - Solver - INFO - Reconstructing final S matrix (using s_unknown from worker)...
2025-05-06 16:11:14,086 - Solver - INFO - Reconstructed column 0.
2025-05-06 16:11:14,086 - Solver - INFO - Reconstructed column 1.
2025-05-06 16:11:14,087 - Solver - INFO - Reconstructed column 2.
2025-05-06 16:11:14,087 - Solver - INFO - Reconstructed column 3.
2025-05-06 16:11:14,087 - Solver - INFO - Reconstructed column 4.
2025-05-06 16:11:14,087 - Solver - INFO - Reconstructed column 5.
2025-05-06 16:11:14,088 - Solver - INFO - Reconstructed column 6.
2025-05-06 16:11:14,088 - Solver - INFO - Reconstructed column 7.
2025-05-06 16:11:14,088 - Solver - INFO - Successfully reconstructed all attempted columns of S.
2025-05-06 16:11:14,088 - Solver - INFO - Performing final verification: Check if || B - AS || is small...
2025-05-06 16:11:14,090 - Solver - INFO - Verification Check: Max Abs Error = 10, Mean Abs Error = 2.26
2025-05-06 16:11:14,091 - Solver - INFO - Recovered error matrix E seems small, S is likely correct.
2025-05-06 16:11:14,091 - Solver - INFO - Saved recovered S matrix (shape (640, 8)) to recovered_S_119008041.npy
2025-05-06 16:11:14,091 - Solver - INFO - Solver script finished.
2025-05-06 16:11:14,092 - __main__ - INFO - Attempting to verify recovery via server's third interface (checking pkh)...
2025-05-06 16:11:14,095 - __main__ - INFO - Built secret-key guess hex length 20512
2025-05-06 16:11:14,095 - __main__ - INFO - Calling third interface with secret-key guess…
2025-05-06 16:11:14,122 - __main__ - INFO - [92mSUCCESS: Found success message in third interface output.[0m

Recovered S matrix (first 5 rows, 8 columns):
[[ 4 -3  4  0  0  3 -1  1]
 [ 0 -2  0 -1 -2  2 -1 -1]
 [-2  0 -1 -3  2  3  5  0]
 [ 3 -1 -6  2  2  3 -7  1]
 [-6 -1  1  5 -1  3 -1  2]]
Starting small verify test...
And hast thou slain the Jabberwock?
Come to my arms, my beamish cryptographer!
O frabjous day! Callooh! Callay!
He chortled in his joy.
