2025-05-02 14:24:10,950 - Solver - INFO - Attempting to load solver data from: solver_inputs/solver_inputs_119008041.pkl
2025-05-02 14:24:10,951 - Solver - INFO - Successfully loaded data for UID: 119008041
2025-05-02 14:24:10,951 - Solver - INFO - Initializing KEM to generate Matrix A...
2025-05-02 14:24:10,951 - Solver - INFO - KEM Params: q=32768, n=640, nbar=8, Mod_Approx=8192
2025-05-02 14:24:10,951 - Solver - INFO - Generating matrix A (this might take a moment)...
2025-05-02 14:24:11,094 - Solver - INFO - Matrix A generated ((640, 640))
2025-05-02 14:24:11,094 - Solver - INFO - Matrix B loaded ((640, 8))
2025-05-02 14:24:11,094 - Solver - INFO - Constructing S_known matrix from approximations...
2025-05-02 14:24:11,096 - Solver - INFO - S_known_matrix (mod 8192) constructed. Processed: 5120, Missing: 0.
2025-05-02 14:24:11,096 - Solver - WARNING - Reminder: Conversion from delta_thresh to S_known is currently a PLACEHOLDER.
2025-05-02 14:24:11,099 - Solver - INFO - Attempting to solve first 8 columns using 8 workers.
2025-05-02 14:24:11,099 - Solver - INFO - BKZ Parameters: Block Size = 40, Float Type = mp
2025-05-02 14:24:11,099 - Solver - INFO - Starting parallel lattice reduction...
2025-05-02 14:24:11,123 - Solver - INFO - [Worker 0] Starting...
2025-05-02 14:24:11,128 - Solver - INFO - [Worker 0] Constructing basis matrix (641x641)...
2025-05-02 14:24:11,130 - Solver - INFO - [Worker 1] Starting...
2025-05-02 14:24:11,135 - Solver - INFO - [Worker 2] Starting...
2025-05-02 14:24:11,135 - Solver - INFO - [Worker 1] Constructing basis matrix (641x641)...
2025-05-02 14:24:11,140 - Solver - INFO - [Worker 3] Starting...
2025-05-02 14:24:11,140 - Solver - INFO - [Worker 2] Constructing basis matrix (641x641)...
2025-05-02 14:24:11,145 - Solver - INFO - [Worker 4] Starting...
2025-05-02 14:24:11,145 - Solver - INFO - [Worker 3] Constructing basis matrix (641x641)...
2025-05-02 14:24:11,150 - Solver - INFO - [Worker 5] Starting...
2025-05-02 14:24:11,150 - Solver - INFO - [Worker 4] Constructing basis matrix (641x641)...
2025-05-02 14:24:11,155 - Solver - INFO - [Worker 5] Constructing basis matrix (641x641)...
2025-05-02 14:24:11,155 - Solver - INFO - [Worker 6] Starting...
2025-05-02 14:24:11,160 - Solver - INFO - [Worker 7] Starting...
2025-05-02 14:24:11,161 - Solver - INFO - [Worker 6] Constructing basis matrix (641x641)...
2025-05-02 14:24:11,166 - Solver - INFO - [Worker 7] Constructing basis matrix (641x641)...
2025-05-02 14:24:11,260 - Solver - INFO - [Worker 0] Basis matrix created.
2025-05-02 14:24:11,260 - Solver - INFO - [Worker 0] Starting BKZ reduction (block size 40)...
2025-05-02 14:24:11,267 - Solver - INFO - [Worker 1] Basis matrix created.
2025-05-02 14:24:11,267 - Solver - INFO - [Worker 1] Starting BKZ reduction (block size 40)...
2025-05-02 14:24:11,272 - Solver - INFO - [Worker 2] Basis matrix created.
2025-05-02 14:24:11,272 - Solver - INFO - [Worker 2] Starting BKZ reduction (block size 40)...
2025-05-02 14:24:11,276 - Solver - INFO - [Worker 3] Basis matrix created.
2025-05-02 14:24:11,276 - Solver - INFO - [Worker 3] Starting BKZ reduction (block size 40)...
2025-05-02 14:24:11,282 - Solver - INFO - [Worker 4] Basis matrix created.
2025-05-02 14:24:11,282 - Solver - INFO - [Worker 4] Starting BKZ reduction (block size 40)...
2025-05-02 14:24:11,287 - Solver - INFO - [Worker 5] Basis matrix created.
2025-05-02 14:24:11,287 - Solver - INFO - [Worker 5] Starting BKZ reduction (block size 40)...
2025-05-02 14:24:11,292 - Solver - INFO - [Worker 6] Basis matrix created.
2025-05-02 14:24:11,292 - Solver - INFO - [Worker 6] Starting BKZ reduction (block size 40)...
2025-05-02 14:24:11,297 - Solver - INFO - [Worker 7] Basis matrix created.
2025-05-02 14:24:11,297 - Solver - INFO - [Worker 7] Starting BKZ reduction (block size 40)...
2025-05-02 14:25:09,186 - Solver - INFO - [Worker 2] BKZ reduction finished in 57.91s.
2025-05-02 14:25:09,186 - Solver - INFO - [Worker 2] Analyzing reduced basis...
2025-05-02 14:25:09,186 - Solver - WARNING - [Worker 2] First vector of reduced basis doesn't seem to be solution (last coord: 32768). Further analysis or higher BKZ block size might be needed.
2025-05-02 14:25:09,198 - Solver - ERROR - Failed to find solution for column 2.
2025-05-02 14:25:18,369 - Solver - INFO - [Worker 3] BKZ reduction finished in 67.09s.
2025-05-02 14:25:18,369 - Solver - INFO - [Worker 3] Analyzing reduced basis...
2025-05-02 14:25:18,369 - Solver - WARNING - [Worker 3] First vector of reduced basis doesn't seem to be solution (last coord: 32768). Further analysis or higher BKZ block size might be needed.
2025-05-02 14:25:18,381 - Solver - ERROR - Failed to find solution for column 3.
2025-05-02 14:25:19,451 - Solver - INFO - [Worker 0] BKZ reduction finished in 68.19s.
2025-05-02 14:25:19,451 - Solver - INFO - [Worker 0] Analyzing reduced basis...
2025-05-02 14:25:19,451 - Solver - WARNING - [Worker 0] First vector of reduced basis doesn't seem to be solution (last coord: 32768). Further analysis or higher BKZ block size might be needed.
2025-05-02 14:25:19,463 - Solver - ERROR - Failed to find solution for column 0.
2025-05-02 14:25:21,993 - Solver - INFO - [Worker 5] BKZ reduction finished in 70.71s.
2025-05-02 14:25:21,993 - Solver - INFO - [Worker 5] Analyzing reduced basis...
2025-05-02 14:25:21,993 - Solver - WARNING - [Worker 5] First vector of reduced basis doesn't seem to be solution (last coord: 32768). Further analysis or higher BKZ block size might be needed.
2025-05-02 14:25:22,005 - Solver - ERROR - Failed to find solution for column 5.
2025-05-02 14:25:25,152 - Solver - INFO - [Worker 7] BKZ reduction finished in 73.85s.
2025-05-02 14:25:25,152 - Solver - INFO - [Worker 7] Analyzing reduced basis...
2025-05-02 14:25:25,152 - Solver - WARNING - [Worker 7] First vector of reduced basis doesn't seem to be solution (last coord: 32768). Further analysis or higher BKZ block size might be needed.
2025-05-02 14:25:25,163 - Solver - ERROR - Failed to find solution for column 7.
2025-05-02 14:25:30,511 - Solver - INFO - [Worker 6] BKZ reduction finished in 79.22s.
2025-05-02 14:25:30,511 - Solver - INFO - [Worker 6] Analyzing reduced basis...
2025-05-02 14:25:30,512 - Solver - WARNING - [Worker 6] First vector of reduced basis doesn't seem to be solution (last coord: 32768). Further analysis or higher BKZ block size might be needed.
2025-05-02 14:25:30,523 - Solver - ERROR - Failed to find solution for column 6.
2025-05-02 14:25:43,913 - Solver - INFO - [Worker 4] BKZ reduction finished in 92.63s.
2025-05-02 14:25:43,913 - Solver - INFO - [Worker 4] Analyzing reduced basis...
2025-05-02 14:25:43,913 - Solver - WARNING - [Worker 4] First vector of reduced basis doesn't seem to be solution (last coord: 32768). Further analysis or higher BKZ block size might be needed.
2025-05-02 14:25:43,924 - Solver - ERROR - Failed to find solution for column 4.
2025-05-02 14:25:56,910 - Solver - INFO - [Worker 1] BKZ reduction finished in 105.64s.
2025-05-02 14:25:56,910 - Solver - INFO - [Worker 1] Analyzing reduced basis...
2025-05-02 14:25:56,910 - Solver - WARNING - [Worker 1] First vector of reduced basis doesn't seem to be solution (last coord: 32768). Further analysis or higher BKZ block size might be needed.
2025-05-02 14:25:56,922 - Solver - ERROR - Failed to find solution for column 1.
2025-05-02 14:25:56,944 - Solver - INFO - Parallel solving finished in 105.85s.
2025-05-02 14:25:56,944 - Solver - INFO - Reconstructing final S matrix...
2025-05-02 14:25:56,945 - Solver - ERROR - Column 0 data is missing. Final matrix will be incomplete.
2025-05-02 14:25:56,945 - Solver - ERROR - Column 1 data is missing. Final matrix will be incomplete.
2025-05-02 14:25:56,945 - Solver - ERROR - Column 2 data is missing. Final matrix will be incomplete.
2025-05-02 14:25:56,945 - Solver - ERROR - Column 3 data is missing. Final matrix will be incomplete.
2025-05-02 14:25:56,945 - Solver - ERROR - Column 4 data is missing. Final matrix will be incomplete.
2025-05-02 14:25:56,945 - Solver - ERROR - Column 5 data is missing. Final matrix will be incomplete.
2025-05-02 14:25:56,945 - Solver - ERROR - Column 6 data is missing. Final matrix will be incomplete.
2025-05-02 14:25:56,945 - Solver - ERROR - Column 7 data is missing. Final matrix will be incomplete.
2025-05-02 14:25:56,945 - Solver - ERROR - Failed to recover all attempted columns of S. Cannot verify.
2025-05-02 14:25:56,945 - Solver - INFO - Saved recovered S matrix (shape (640, 8)) to recovered_S_119008041.npy
2025-05-02 14:25:56,945 - Solver - INFO - Solver script finished.

Recovered S matrix (first 5 rows, 8 columns):
[[-999 -999 -999 -999 -999 -999 -999 -999]
 [-999 -999 -999 -999 -999 -999 -999 -999]
 [-999 -999 -999 -999 -999 -999 -999 -999]
 [-999 -999 -999 -999 -999 -999 -999 -999]
 [-999 -999 -999 -999 -999 -999 -999 -999]]
