2025-05-02 14:30:57,601 - Solver - INFO - Attempting to load solver data from: solver_inputs/solver_inputs_119008041.pkl
2025-05-02 14:30:57,603 - Solver - INFO - Successfully loaded data for UID: 119008041
2025-05-02 14:30:57,603 - Solver - INFO - Initializing KEM to generate Matrix A...
2025-05-02 14:30:57,603 - Solver - INFO - KEM Params: q=32768, n=640, nbar=8, Mod_Approx=8192
2025-05-02 14:30:57,603 - Solver - INFO - Generating matrix A (this might take a moment)...
2025-05-02 14:30:57,744 - Solver - INFO - Matrix A generated ((640, 640))
2025-05-02 14:30:57,744 - Solver - INFO - Matrix B loaded ((640, 8))
2025-05-02 14:30:57,744 - Solver - INFO - Constructing S_known matrix from approximations...
2025-05-02 14:30:57,746 - Solver - INFO - S_known_matrix (mod 8192) constructed. Processed: 5120, Missing: 0.
2025-05-02 14:30:57,746 - Solver - WARNING - Reminder: Conversion from delta_thresh to S_known is currently a PLACEHOLDER.
2025-05-02 14:30:57,748 - Solver - INFO - Attempting to solve first 8 columns using 8 workers.
2025-05-02 14:30:57,748 - Solver - INFO - BKZ Parameters: Block Size = 60, Float Type = mp
2025-05-02 14:30:57,748 - Solver - INFO - Starting parallel lattice reduction...
2025-05-02 14:30:57,773 - Solver - INFO - [Worker 0] Starting...
2025-05-02 14:30:57,778 - Solver - INFO - [Worker 0] Constructing basis matrix (641x641)...
2025-05-02 14:30:57,780 - Solver - INFO - [Worker 1] Starting...
2025-05-02 14:30:57,785 - Solver - INFO - [Worker 1] Constructing basis matrix (641x641)...
2025-05-02 14:30:57,785 - Solver - INFO - [Worker 2] Starting...
2025-05-02 14:30:57,790 - Solver - INFO - [Worker 3] Starting...
2025-05-02 14:30:57,790 - Solver - INFO - [Worker 2] Constructing basis matrix (641x641)...
2025-05-02 14:30:57,795 - Solver - INFO - [Worker 3] Constructing basis matrix (641x641)...
2025-05-02 14:30:57,795 - Solver - INFO - [Worker 4] Starting...
2025-05-02 14:30:57,801 - Solver - INFO - [Worker 5] Starting...
2025-05-02 14:30:57,801 - Solver - INFO - [Worker 4] Constructing basis matrix (641x641)...
2025-05-02 14:30:57,806 - Solver - INFO - [Worker 5] Constructing basis matrix (641x641)...
2025-05-02 14:30:57,806 - Solver - INFO - [Worker 6] Starting...
2025-05-02 14:30:57,811 - Solver - INFO - [Worker 6] Constructing basis matrix (641x641)...
2025-05-02 14:30:57,811 - Solver - INFO - [Worker 7] Starting...
2025-05-02 14:30:57,816 - Solver - INFO - [Worker 7] Constructing basis matrix (641x641)...
2025-05-02 14:30:57,910 - Solver - INFO - [Worker 0] Basis matrix created.
2025-05-02 14:30:57,910 - Solver - INFO - [Worker 0] Starting BKZ reduction (block size 60)...
2025-05-02 14:30:57,916 - Solver - INFO - [Worker 1] Basis matrix created.
2025-05-02 14:30:57,916 - Solver - INFO - [Worker 1] Starting BKZ reduction (block size 60)...
2025-05-02 14:30:57,921 - Solver - INFO - [Worker 2] Basis matrix created.
2025-05-02 14:30:57,922 - Solver - INFO - [Worker 2] Starting BKZ reduction (block size 60)...
2025-05-02 14:30:57,927 - Solver - INFO - [Worker 3] Basis matrix created.
2025-05-02 14:30:57,927 - Solver - INFO - [Worker 3] Starting BKZ reduction (block size 60)...
2025-05-02 14:30:57,933 - Solver - INFO - [Worker 4] Basis matrix created.
2025-05-02 14:30:57,933 - Solver - INFO - [Worker 4] Starting BKZ reduction (block size 60)...
2025-05-02 14:30:57,937 - Solver - INFO - [Worker 5] Basis matrix created.
2025-05-02 14:30:57,937 - Solver - INFO - [Worker 5] Starting BKZ reduction (block size 60)...
2025-05-02 14:30:57,942 - Solver - INFO - [Worker 6] Basis matrix created.
2025-05-02 14:30:57,942 - Solver - INFO - [Worker 6] Starting BKZ reduction (block size 60)...
2025-05-02 14:30:57,948 - Solver - INFO - [Worker 7] Basis matrix created.
2025-05-02 14:30:57,948 - Solver - INFO - [Worker 7] Starting BKZ reduction (block size 60)...
2025-05-02 14:32:12,047 - Solver - INFO - [Worker 5] BKZ reduction finished in 74.11s.
2025-05-02 14:32:12,047 - Solver - INFO - [Worker 5] Analyzing reduced basis...
2025-05-02 14:32:12,047 - Solver - WARNING - [Worker 5] First vector of reduced basis doesn't seem to be solution (last coord: 32768). Further analysis or higher BKZ block size might be needed.
2025-05-02 14:32:12,058 - Solver - ERROR - Failed to find solution for column 5.
2025-05-02 14:32:12,081 - Solver - INFO - [Worker 7] BKZ reduction finished in 74.13s.
2025-05-02 14:32:12,081 - Solver - INFO - [Worker 7] Analyzing reduced basis...
2025-05-02 14:32:12,081 - Solver - WARNING - [Worker 7] First vector of reduced basis doesn't seem to be solution (last coord: 32768). Further analysis or higher BKZ block size might be needed.
2025-05-02 14:32:12,092 - Solver - ERROR - Failed to find solution for column 7.
2025-05-02 14:32:17,102 - Solver - INFO - [Worker 2] BKZ reduction finished in 79.18s.
2025-05-02 14:32:17,102 - Solver - INFO - [Worker 2] Analyzing reduced basis...
2025-05-02 14:32:17,102 - Solver - WARNING - [Worker 2] First vector of reduced basis doesn't seem to be solution (last coord: 32768). Further analysis or higher BKZ block size might be needed.
2025-05-02 14:32:17,113 - Solver - ERROR - Failed to find solution for column 2.
2025-05-02 14:32:22,038 - Solver - INFO - [Worker 4] BKZ reduction finished in 84.11s.
2025-05-02 14:32:22,038 - Solver - INFO - [Worker 4] Analyzing reduced basis...
2025-05-02 14:32:22,038 - Solver - WARNING - [Worker 4] First vector of reduced basis doesn't seem to be solution (last coord: 32768). Further analysis or higher BKZ block size might be needed.
2025-05-02 14:32:22,050 - Solver - ERROR - Failed to find solution for column 4.
2025-05-02 14:32:24,246 - Solver - INFO - [Worker 0] BKZ reduction finished in 86.34s.
2025-05-02 14:32:24,246 - Solver - INFO - [Worker 0] Analyzing reduced basis...
2025-05-02 14:32:24,247 - Solver - WARNING - [Worker 0] First vector of reduced basis doesn't seem to be solution (last coord: 32768). Further analysis or higher BKZ block size might be needed.
2025-05-02 14:32:24,258 - Solver - ERROR - Failed to find solution for column 0.
2025-05-02 14:32:30,521 - Solver - INFO - [Worker 1] BKZ reduction finished in 92.60s.
2025-05-02 14:32:30,521 - Solver - INFO - [Worker 1] Analyzing reduced basis...
2025-05-02 14:32:30,521 - Solver - WARNING - [Worker 1] First vector of reduced basis doesn't seem to be solution (last coord: 32768). Further analysis or higher BKZ block size might be needed.
2025-05-02 14:32:30,532 - Solver - ERROR - Failed to find solution for column 1.
2025-05-02 14:32:40,896 - Solver - INFO - [Worker 6] BKZ reduction finished in 102.95s.
2025-05-02 14:32:40,897 - Solver - INFO - [Worker 6] Analyzing reduced basis...
2025-05-02 14:32:40,897 - Solver - WARNING - [Worker 6] First vector of reduced basis doesn't seem to be solution (last coord: 32768). Further analysis or higher BKZ block size might be needed.
2025-05-02 14:32:40,908 - Solver - ERROR - Failed to find solution for column 6.
2025-05-02 14:32:46,450 - Solver - INFO - [Worker 3] BKZ reduction finished in 108.52s.
2025-05-02 14:32:46,450 - Solver - INFO - [Worker 3] Analyzing reduced basis...
2025-05-02 14:32:46,450 - Solver - WARNING - [Worker 3] First vector of reduced basis doesn't seem to be solution (last coord: 32768). Further analysis or higher BKZ block size might be needed.
2025-05-02 14:32:46,461 - Solver - ERROR - Failed to find solution for column 3.
2025-05-02 14:32:46,486 - Solver - INFO - Parallel solving finished in 108.74s.
2025-05-02 14:32:46,486 - Solver - INFO - Reconstructing final S matrix...
2025-05-02 14:32:46,487 - Solver - ERROR - Column 0 data is missing. Final matrix will be incomplete.
2025-05-02 14:32:46,487 - Solver - ERROR - Column 1 data is missing. Final matrix will be incomplete.
2025-05-02 14:32:46,487 - Solver - ERROR - Column 2 data is missing. Final matrix will be incomplete.
2025-05-02 14:32:46,487 - Solver - ERROR - Column 3 data is missing. Final matrix will be incomplete.
2025-05-02 14:32:46,487 - Solver - ERROR - Column 4 data is missing. Final matrix will be incomplete.
2025-05-02 14:32:46,487 - Solver - ERROR - Column 5 data is missing. Final matrix will be incomplete.
2025-05-02 14:32:46,487 - Solver - ERROR - Column 6 data is missing. Final matrix will be incomplete.
2025-05-02 14:32:46,487 - Solver - ERROR - Column 7 data is missing. Final matrix will be incomplete.
2025-05-02 14:32:46,487 - Solver - ERROR - Failed to recover all attempted columns of S. Cannot verify.
2025-05-02 14:32:46,487 - Solver - INFO - Saved recovered S matrix (shape (640, 8)) to recovered_S_119008041.npy
2025-05-02 14:32:46,487 - Solver - INFO - Solver script finished.

Recovered S matrix (first 5 rows, 8 columns):
[[-999 -999 -999 -999 -999 -999 -999 -999]
 [-999 -999 -999 -999 -999 -999 -999 -999]
 [-999 -999 -999 -999 -999 -999 -999 -999]
 [-999 -999 -999 -999 -999 -999 -999 -999]
 [-999 -999 -999 -999 -999 -999 -999 -999]]
