2025-05-02 22:59:35,850 - Solver - INFO - Attempting to load solver data from: solver_inputs/solver_inputs_119008041.pkl
2025-05-02 22:59:35,851 - Solver - INFO - Successfully loaded data for UID: 119008041
2025-05-02 22:59:35,851 - Solver - INFO - Initializing KEM to generate Matrix A...
2025-05-02 22:59:35,851 - Solver - INFO - KEM Params: q=32768, n=640, nbar=8, Mod_Approx=8192
2025-05-02 22:59:35,851 - Solver - INFO - Generating matrix A (this might take a moment)...
2025-05-02 22:59:35,992 - Solver - INFO - Matrix A generated ((640, 640))
2025-05-02 22:59:35,992 - Solver - INFO - Matrix B loaded ((640, 8))
2025-05-02 22:59:35,993 - Solver - INFO - Constructing S_known matrix from approximations...
2025-05-02 22:59:35,997 - Solver - INFO - S_known_matrix (mod 8192) constructed. Processed: 5120, Missing: 0.
2025-05-02 22:59:35,999 - Solver - INFO - Attempting to solve 8 columns using 8 workers.
2025-05-02 22:59:35,999 - Solver - INFO - BKZ Parameters: Block Size = 20, Float Type = mp
2025-05-02 22:59:36,000 - Solver - INFO - Starting parallel lattice reduction...
2025-05-02 22:59:36,024 - Solver - INFO - [Worker 0] Starting...
2025-05-02 22:59:36,029 - Solver - INFO - [Worker 0] Constructing basis matrix (641x641)...
2025-05-02 22:59:36,031 - Solver - INFO - [Worker 1] Starting...
2025-05-02 22:59:36,036 - Solver - INFO - [Worker 1] Constructing basis matrix (641x641)...
2025-05-02 22:59:36,036 - Solver - INFO - [Worker 2] Starting...
2025-05-02 22:59:36,041 - Solver - INFO - [Worker 2] Constructing basis matrix (641x641)...
2025-05-02 22:59:36,042 - Solver - INFO - [Worker 3] Starting...
2025-05-02 22:59:36,047 - Solver - INFO - [Worker 3] Constructing basis matrix (641x641)...
2025-05-02 22:59:36,047 - Solver - INFO - [Worker 4] Starting...
2025-05-02 22:59:36,052 - Solver - INFO - [Worker 4] Constructing basis matrix (641x641)...
2025-05-02 22:59:36,053 - Solver - INFO - [Worker 5] Starting...
2025-05-02 22:59:36,058 - Solver - INFO - [Worker 5] Constructing basis matrix (641x641)...
2025-05-02 22:59:36,058 - Solver - INFO - [Worker 6] Starting...
2025-05-02 22:59:36,063 - Solver - INFO - [Worker 6] Constructing basis matrix (641x641)...
2025-05-02 22:59:36,063 - Solver - INFO - [Worker 7] Starting...
2025-05-02 22:59:36,069 - Solver - INFO - [Worker 7] Constructing basis matrix (641x641)...
2025-05-02 22:59:36,162 - Solver - INFO - [Worker 0] Basis matrix created.
2025-05-02 22:59:36,162 - Solver - INFO - [Worker 0] Starting BKZ reduction (block size 20)...
2025-05-02 22:59:36,169 - Solver - INFO - [Worker 1] Basis matrix created.
2025-05-02 22:59:36,169 - Solver - INFO - [Worker 1] Starting BKZ reduction (block size 20)...
2025-05-02 22:59:36,174 - Solver - INFO - [Worker 2] Basis matrix created.
2025-05-02 22:59:36,174 - Solver - INFO - [Worker 2] Starting BKZ reduction (block size 20)...
2025-05-02 22:59:36,180 - Solver - INFO - [Worker 3] Basis matrix created.
2025-05-02 22:59:36,180 - Solver - INFO - [Worker 3] Starting BKZ reduction (block size 20)...
2025-05-02 22:59:36,185 - Solver - INFO - [Worker 4] Basis matrix created.
2025-05-02 22:59:36,185 - Solver - INFO - [Worker 4] Starting BKZ reduction (block size 20)...
2025-05-02 22:59:36,191 - Solver - INFO - [Worker 5] Basis matrix created.
2025-05-02 22:59:36,191 - Solver - INFO - [Worker 5] Starting BKZ reduction (block size 20)...
2025-05-02 22:59:36,197 - Solver - INFO - [Worker 6] Basis matrix created.
2025-05-02 22:59:36,197 - Solver - INFO - [Worker 6] Starting BKZ reduction (block size 20)...
2025-05-02 22:59:36,201 - Solver - INFO - [Worker 7] Basis matrix created.
2025-05-02 22:59:36,201 - Solver - INFO - [Worker 7] Starting BKZ reduction (block size 20)...
2025-05-02 23:00:51,253 - Solver - INFO - [Worker 6] BKZ reduction finished in 75.06s.
2025-05-02 23:00:51,253 - Solver - INFO - [Worker 6] Analyzing first few vectors of reduced basis...
2025-05-02 23:00:51,253 - Solver - INFO - [Worker 6] Checking first 5 basis vectors (Block size: 20).
2025-05-02 23:00:51,254 - Solver - WARNING - [Worker 6] No suitable solution vector found in the first 5 basis vectors.
2025-05-02 23:00:51,265 - Solver - ERROR - Failed to find solution for column 6.
2025-05-02 23:01:01,053 - Solver - INFO - [Worker 5] BKZ reduction finished in 84.86s.
2025-05-02 23:01:01,053 - Solver - INFO - [Worker 5] Analyzing first few vectors of reduced basis...
2025-05-02 23:01:01,053 - Solver - INFO - [Worker 5] Checking first 5 basis vectors (Block size: 20).
2025-05-02 23:01:01,054 - Solver - INFO - [Worker 5] Found candidate vector 3 with last coord -1 (non-zero s part).
2025-05-02 23:01:01,055 - Solver - INFO - [Worker 5] Candidate 3 check: Max absolute error = 9
2025-05-02 23:01:01,055 - Solver - INFO - [Worker 5] Candidate vector 3 verified (error seems small). Solution found.
2025-05-02 23:01:01,066 - Solver - INFO - Successfully processed column 5.
2025-05-02 23:01:04,005 - Solver - INFO - [Worker 7] BKZ reduction finished in 87.80s.
2025-05-02 23:01:04,005 - Solver - INFO - [Worker 7] Analyzing first few vectors of reduced basis...
2025-05-02 23:01:04,005 - Solver - INFO - [Worker 7] Checking first 5 basis vectors (Block size: 20).
2025-05-02 23:01:04,005 - Solver - WARNING - [Worker 7] No suitable solution vector found in the first 5 basis vectors.
2025-05-02 23:01:04,017 - Solver - ERROR - Failed to find solution for column 7.
2025-05-02 23:01:06,677 - Solver - INFO - [Worker 3] BKZ reduction finished in 90.50s.
2025-05-02 23:01:06,677 - Solver - INFO - [Worker 3] Analyzing first few vectors of reduced basis...
2025-05-02 23:01:06,677 - Solver - INFO - [Worker 3] Checking first 5 basis vectors (Block size: 20).
2025-05-02 23:01:06,678 - Solver - INFO - [Worker 3] Found candidate vector 2 with last coord -1 (non-zero s part).
2025-05-02 23:01:06,678 - Solver - INFO - [Worker 3] Candidate 2 check: Max absolute error = 9
2025-05-02 23:01:06,678 - Solver - INFO - [Worker 3] Candidate vector 2 verified (error seems small). Solution found.
2025-05-02 23:01:06,689 - Solver - INFO - Successfully processed column 3.
2025-05-02 23:01:13,445 - Solver - INFO - [Worker 4] BKZ reduction finished in 97.26s.
2025-05-02 23:01:13,445 - Solver - INFO - [Worker 4] Analyzing first few vectors of reduced basis...
2025-05-02 23:01:13,445 - Solver - INFO - [Worker 4] Checking first 5 basis vectors (Block size: 20).
2025-05-02 23:01:13,446 - Solver - INFO - [Worker 4] Found candidate vector 2 with last coord -1 (non-zero s part).
2025-05-02 23:01:13,446 - Solver - INFO - [Worker 4] Candidate 2 check: Max absolute error = 9
2025-05-02 23:01:13,447 - Solver - INFO - [Worker 4] Candidate vector 2 verified (error seems small). Solution found.
2025-05-02 23:01:13,458 - Solver - INFO - Successfully processed column 4.
2025-05-02 23:01:13,959 - Solver - INFO - [Worker 2] BKZ reduction finished in 97.78s.
2025-05-02 23:01:13,959 - Solver - INFO - [Worker 2] Analyzing first few vectors of reduced basis...
2025-05-02 23:01:13,959 - Solver - INFO - [Worker 2] Checking first 5 basis vectors (Block size: 20).
2025-05-02 23:01:13,959 - Solver - INFO - [Worker 2] Found candidate vector 3 with last coord -1 (non-zero s part).
2025-05-02 23:01:13,960 - Solver - INFO - [Worker 2] Candidate 3 check: Max absolute error = 9
2025-05-02 23:01:13,960 - Solver - INFO - [Worker 2] Candidate vector 3 verified (error seems small). Solution found.
2025-05-02 23:01:13,971 - Solver - INFO - Successfully processed column 2.
2025-05-02 23:01:16,332 - Solver - INFO - [Worker 1] BKZ reduction finished in 100.16s.
2025-05-02 23:01:16,332 - Solver - INFO - [Worker 1] Analyzing first few vectors of reduced basis...
2025-05-02 23:01:16,332 - Solver - INFO - [Worker 1] Checking first 5 basis vectors (Block size: 20).
2025-05-02 23:01:16,333 - Solver - INFO - [Worker 1] Found candidate vector 4 with last coord 1 (non-zero s part).
2025-05-02 23:01:16,333 - Solver - INFO - [Worker 1] Candidate 4 check: Max absolute error = 10
2025-05-02 23:01:16,333 - Solver - INFO - [Worker 1] Candidate vector 4 verified (error seems small). Solution found.
2025-05-02 23:01:16,344 - Solver - INFO - Successfully processed column 1.
2025-05-02 23:01:19,385 - Solver - INFO - [Worker 0] BKZ reduction finished in 103.22s.
2025-05-02 23:01:19,385 - Solver - INFO - [Worker 0] Analyzing first few vectors of reduced basis...
2025-05-02 23:01:19,385 - Solver - INFO - [Worker 0] Checking first 5 basis vectors (Block size: 20).
2025-05-02 23:01:19,385 - Solver - INFO - [Worker 0] Found candidate vector 1 with last coord 1 (non-zero s part).
2025-05-02 23:01:19,386 - Solver - INFO - [Worker 0] Candidate 1 check: Max absolute error = 9
2025-05-02 23:01:19,386 - Solver - INFO - [Worker 0] Candidate vector 1 verified (error seems small). Solution found.
2025-05-02 23:01:19,397 - Solver - INFO - Successfully processed column 0.
2025-05-02 23:01:19,420 - Solver - INFO - Initial parallel solving finished in 103.42s.
2025-05-02 23:01:19,420 - Solver - INFO - --- Retrying 2 failed columns ([6, 7]) with BKZ block size 40 ---
2025-05-02 23:01:19,437 - Solver - INFO - [Worker 6] Starting...
2025-05-02 23:01:19,442 - Solver - INFO - [Worker 6] Constructing basis matrix (641x641)...
2025-05-02 23:01:19,442 - Solver - INFO - [Worker 7] Starting...
2025-05-02 23:01:19,447 - Solver - INFO - [Worker 7] Constructing basis matrix (641x641)...
2025-05-02 23:01:19,575 - Solver - INFO - [Worker 6] Basis matrix created.
2025-05-02 23:01:19,575 - Solver - INFO - [Worker 6] Starting BKZ reduction (block size 40)...
2025-05-02 23:01:19,583 - Solver - INFO - [Worker 7] Basis matrix created.
2025-05-02 23:01:19,583 - Solver - INFO - [Worker 7] Starting BKZ reduction (block size 40)...
2025-05-02 23:02:26,995 - Solver - INFO - [Worker 7] BKZ reduction finished in 67.41s.
2025-05-02 23:02:26,995 - Solver - INFO - [Worker 7] Analyzing first few vectors of reduced basis...
2025-05-02 23:02:26,995 - Solver - INFO - [Worker 7] Checking first 10 basis vectors (Block size: 40).
2025-05-02 23:02:26,996 - Solver - INFO - [Worker 7] Found candidate vector 8 with last coord -1 (non-zero s part).
2025-05-02 23:02:26,997 - Solver - INFO - [Worker 7] Candidate 8 check: Max absolute error = 9
2025-05-02 23:02:26,997 - Solver - INFO - [Worker 7] Candidate vector 8 verified (error seems small). Solution found.
2025-05-02 23:02:27,008 - Solver - INFO - Successfully processed column 7 on RETRY (BKZ 40).
2025-05-02 23:02:28,424 - Solver - INFO - [Worker 6] BKZ reduction finished in 68.85s.
2025-05-02 23:02:28,424 - Solver - INFO - [Worker 6] Analyzing first few vectors of reduced basis...
2025-05-02 23:02:28,424 - Solver - INFO - [Worker 6] Checking first 10 basis vectors (Block size: 40).
2025-05-02 23:02:28,425 - Solver - WARNING - [Worker 6] No suitable solution vector found in the first 10 basis vectors.
2025-05-02 23:02:28,436 - Solver - ERROR - Failed to find solution for column 6 on RETRY (BKZ 40).
2025-05-02 23:02:28,448 - Solver - INFO - Retry phase (BKZ 40) finished in 69.03s.
2025-05-02 23:02:28,448 - Solver - INFO - --- Retrying 1 failed columns ([6]) with BKZ block size 60 ---
2025-05-02 23:02:28,464 - Solver - INFO - [Worker 6] Starting...
2025-05-02 23:02:28,469 - Solver - INFO - [Worker 6] Constructing basis matrix (641x641)...
2025-05-02 23:02:28,602 - Solver - INFO - [Worker 6] Basis matrix created.
2025-05-02 23:02:28,602 - Solver - INFO - [Worker 6] Starting BKZ reduction (block size 60)...
2025-05-02 23:03:52,931 - Solver - INFO - [Worker 6] BKZ reduction finished in 84.33s.
2025-05-02 23:03:52,931 - Solver - INFO - [Worker 6] Analyzing first few vectors of reduced basis...
2025-05-02 23:03:52,932 - Solver - INFO - [Worker 6] Checking first 15 basis vectors (Block size: 60).
2025-05-02 23:03:52,933 - Solver - INFO - [Worker 6] Found candidate vector 8 with last coord -1 (non-zero s part).
2025-05-02 23:03:52,933 - Solver - INFO - [Worker 6] Candidate 8 check: Max absolute error = 8
2025-05-02 23:03:52,933 - Solver - INFO - [Worker 6] Candidate vector 8 verified (error seems small). Solution found.
2025-05-02 23:03:52,945 - Solver - INFO - Successfully processed column 6 on RETRY (BKZ 60).
2025-05-02 23:03:52,957 - Solver - INFO - Retry phase (BKZ 60) finished in 84.51s.
2025-05-02 23:03:52,957 - Solver - INFO - All columns successfully processed (potentially after retries).
2025-05-02 23:03:52,957 - Solver - INFO - Reconstructing final S matrix (using results from initial run and retries)...
2025-05-02 23:03:52,958 - Solver - INFO - Reconstructed column 0.
2025-05-02 23:03:52,958 - Solver - INFO - Reconstructed column 1.
2025-05-02 23:03:52,958 - Solver - INFO - Reconstructed column 2.
2025-05-02 23:03:52,959 - Solver - INFO - Reconstructed column 3.
2025-05-02 23:03:52,959 - Solver - INFO - Reconstructed column 4.
2025-05-02 23:03:52,959 - Solver - INFO - Reconstructed column 5.
2025-05-02 23:03:52,959 - Solver - INFO - Reconstructed column 6.
2025-05-02 23:03:52,959 - Solver - INFO - Reconstructed column 7.
2025-05-02 23:03:52,960 - Solver - INFO - Successfully reconstructed all attempted columns of S.
2025-05-02 23:03:52,960 - Solver - INFO - Performing final verification: Check if || B - AS || is small...
2025-05-02 23:03:52,962 - Solver - INFO - Verification Check: Max Abs Error = 10, Mean Abs Error = 2.21
2025-05-02 23:03:52,962 - Solver - INFO - Verification SUCCESS: Recovered error matrix E seems small, S is likely correct.
2025-05-02 23:03:52,962 - Solver - INFO - Saved recovered S matrix (shape (640, 8)) to recovered_S_119008041.npy
2025-05-02 23:03:52,963 - Solver - INFO - Solver script finished.

Recovered S matrix (first 5 rows, 8 columns):
[[ 1 -1 -4 -1  0  0 -2 -1]
 [-4 -3 -2  1 -2 -2 -6 -3]
 [-3 -1 -6 -2 -1  1 -3 -8]
 [-5  0  0 -2 -1 -4  0 -2]
 [ 1 -7  0  3 -7 -2 -2  1]]
