2025-05-02 18:37:50,732 - Solver - INFO - Attempting to load solver data from: solver_inputs/solver_inputs_119008041.pkl
2025-05-02 18:37:50,734 - Solver - INFO - Successfully loaded data for UID: 119008041
2025-05-02 18:37:50,734 - Solver - INFO - Initializing KEM to generate Matrix A...
2025-05-02 18:37:50,734 - Solver - INFO - KEM Params: q=32768, n=640, nbar=8, Mod_Approx=8192
2025-05-02 18:37:50,734 - Solver - INFO - Generating matrix A (this might take a moment)...
2025-05-02 18:37:50,877 - Solver - INFO - Matrix A generated ((640, 640))
2025-05-02 18:37:50,877 - Solver - INFO - Matrix B loaded ((640, 8))
2025-05-02 18:37:50,877 - Solver - INFO - Constructing S_known matrix from approximations...
2025-05-02 18:37:50,882 - Solver - INFO - S_known_matrix (mod 8192) constructed. Processed: 5120, Missing: 0.
2025-05-02 18:37:50,882 - Solver - WARNING - Reminder: Conversion from delta_thresh to S_known is currently a PLACEHOLDER.
2025-05-02 18:37:50,885 - Solver - INFO -   SUCCESS: S_known column matches S_true column (mod 8192)!
2025-05-02 18:37:50,885 - Solver - INFO - --- Single Column Mode: Targeting column j=3 ---
2025-05-02 18:37:50,885 - Solver - INFO - Attempting to solve 1 columns using 1 workers.
2025-05-02 18:37:50,885 - Solver - INFO - BKZ Parameters: Block Size = 80, Float Type = mp
2025-05-02 18:37:50,885 - Solver - INFO - Preparing task for column 3
2025-05-02 18:37:50,885 - Solver - INFO - Starting parallel lattice reduction...
2025-05-02 18:37:50,902 - Solver - INFO - [Worker 3] Starting...
2025-05-02 18:37:50,905 - Solver - INFO - [Worker 3] Constructing basis matrix (641x641)...
2025-05-02 18:37:51,042 - Solver - INFO - [Worker 3] Basis matrix created.
2025-05-02 18:37:51,042 - Solver - INFO - [Worker 3] Starting BKZ reduction (block size 80)...
2025-05-02 18:39:30,810 - Solver - INFO - [Worker 3] BKZ reduction finished in 99.77s.
2025-05-02 18:39:30,810 - Solver - INFO - [Worker 3] Analyzing first few vectors of reduced basis...
2025-05-02 18:39:30,811 - Solver - INFO - [Worker 3] Found candidate vector 2 with last coord 1 (non-zero s part).
2025-05-02 18:39:30,811 - Solver - INFO - [Worker 3] Candidate 2 check: Max absolute error = 16321
2025-05-02 18:39:30,811 - Solver - WARNING - [Worker 3] Candidate vector 2 failed verification (error too large: 16321).
2025-05-02 18:39:30,811 - Solver - INFO - [Worker 3] Found candidate vector 4 with last coord -1 (non-zero s part).
2025-05-02 18:39:30,812 - Solver - INFO - [Worker 3] Candidate 4 check: Max absolute error = 16369
2025-05-02 18:39:30,812 - Solver - WARNING - [Worker 3] Candidate vector 4 failed verification (error too large: 16369).
2025-05-02 18:39:30,812 - Solver - WARNING - [Worker 3] No suitable solution vector found in the first 5 basis vectors.
2025-05-02 18:39:30,823 - Solver - ERROR - Failed to find solution for column 3.
2025-05-02 18:39:30,832 - Solver - INFO - Parallel solving finished in 99.95s.
2025-05-02 18:39:30,832 - Solver - INFO - Reconstructing final S matrix...
2025-05-02 18:39:30,832 - Solver - ERROR - Column 3 data is missing. Final matrix will be incomplete.
2025-05-02 18:39:30,832 - Solver - ERROR - Failed to recover all attempted columns of S. Cannot verify full matrix.
2025-05-02 18:39:30,832 - Solver - INFO - Saved recovered S matrix (shape (640, 8)) to recovered_S_119008041.npy
2025-05-02 18:39:30,833 - Solver - INFO - Solver script finished.

Recovered S matrix (first 5 rows, 1 columns):
[[-999]
 [-999]
 [-999]
 [-999]
 [-999]]
