2025-05-02 14:40:04,263 - Solver - INFO - Attempting to load solver data from: solver_inputs/solver_inputs_119008041.pkl
2025-05-02 14:40:04,264 - Solver - INFO - Successfully loaded data for UID: 119008041
2025-05-02 14:40:04,265 - Solver - INFO - Initializing KEM to generate Matrix A...
2025-05-02 14:40:04,265 - Solver - INFO - KEM Params: q=32768, n=640, nbar=8, Mod_Approx=8192
2025-05-02 14:40:04,265 - Solver - INFO - Generating matrix A (this might take a moment)...
2025-05-02 14:40:04,405 - Solver - INFO - Matrix A generated ((640, 640))
2025-05-02 14:40:04,406 - Solver - INFO - Matrix B loaded ((640, 8))
2025-05-02 14:40:04,406 - Solver - INFO - Constructing S_known matrix from approximations...
2025-05-02 14:40:04,410 - Solver - INFO - S_known_matrix (mod 8192) constructed. Processed: 5120, Missing: 0.
2025-05-02 14:40:04,410 - Solver - WARNING - Reminder: Conversion from delta_thresh to S_known is currently a PLACEHOLDER.
2025-05-02 14:40:04,412 - Solver - INFO - Attempting to solve first 8 columns using 8 workers.
2025-05-02 14:40:04,412 - Solver - INFO - BKZ Parameters: Block Size = 60, Float Type = mp
2025-05-02 14:40:04,413 - Solver - INFO - Starting parallel lattice reduction...
2025-05-02 14:40:04,437 - Solver - INFO - [Worker 0] Starting...
2025-05-02 14:40:04,442 - Solver - INFO - [Worker 0] Constructing basis matrix (641x641)...
2025-05-02 14:40:04,443 - Solver - INFO - [Worker 1] Starting...
2025-05-02 14:40:04,448 - Solver - INFO - [Worker 1] Constructing basis matrix (641x641)...
2025-05-02 14:40:04,448 - Solver - INFO - [Worker 2] Starting...
2025-05-02 14:40:04,454 - Solver - INFO - [Worker 2] Constructing basis matrix (641x641)...
2025-05-02 14:40:04,454 - Solver - INFO - [Worker 3] Starting...
2025-05-02 14:40:04,459 - Solver - INFO - [Worker 4] Starting...
2025-05-02 14:40:04,459 - Solver - INFO - [Worker 3] Constructing basis matrix (641x641)...
2025-05-02 14:40:04,464 - Solver - INFO - [Worker 4] Constructing basis matrix (641x641)...
2025-05-02 14:40:04,464 - Solver - INFO - [Worker 5] Starting...
2025-05-02 14:40:04,469 - Solver - INFO - [Worker 5] Constructing basis matrix (641x641)...
2025-05-02 14:40:04,469 - Solver - INFO - [Worker 6] Starting...
2025-05-02 14:40:04,474 - Solver - INFO - [Worker 7] Starting...
2025-05-02 14:40:04,474 - Solver - INFO - [Worker 6] Constructing basis matrix (641x641)...
2025-05-02 14:40:04,479 - Solver - INFO - [Worker 7] Constructing basis matrix (641x641)...
2025-05-02 14:40:04,578 - Solver - INFO - [Worker 0] Basis matrix created.
2025-05-02 14:40:04,578 - Solver - INFO - [Worker 0] Starting BKZ reduction (block size 60)...
2025-05-02 14:40:04,586 - Solver - INFO - [Worker 1] Basis matrix created.
2025-05-02 14:40:04,586 - Solver - INFO - [Worker 1] Starting BKZ reduction (block size 60)...
2025-05-02 14:40:04,589 - Solver - INFO - [Worker 2] Basis matrix created.
2025-05-02 14:40:04,589 - Solver - INFO - [Worker 2] Starting BKZ reduction (block size 60)...
2025-05-02 14:40:04,594 - Solver - INFO - [Worker 3] Basis matrix created.
2025-05-02 14:40:04,594 - Solver - INFO - [Worker 3] Starting BKZ reduction (block size 60)...
2025-05-02 14:40:04,599 - Solver - INFO - [Worker 4] Basis matrix created.
2025-05-02 14:40:04,599 - Solver - INFO - [Worker 4] Starting BKZ reduction (block size 60)...
2025-05-02 14:40:04,605 - Solver - INFO - [Worker 5] Basis matrix created.
2025-05-02 14:40:04,605 - Solver - INFO - [Worker 5] Starting BKZ reduction (block size 60)...
2025-05-02 14:40:04,610 - Solver - INFO - [Worker 6] Basis matrix created.
2025-05-02 14:40:04,610 - Solver - INFO - [Worker 6] Starting BKZ reduction (block size 60)...
2025-05-02 14:40:04,614 - Solver - INFO - [Worker 7] Basis matrix created.
2025-05-02 14:40:04,615 - Solver - INFO - [Worker 7] Starting BKZ reduction (block size 60)...
2025-05-02 14:41:15,082 - Solver - INFO - [Worker 1] BKZ reduction finished in 70.50s.
2025-05-02 14:41:15,082 - Solver - INFO - [Worker 1] Analyzing first few vectors of reduced basis...
2025-05-02 14:41:15,082 - Solver - INFO - [Worker 1] Found candidate vector 1 with last coord -1.
2025-05-02 14:41:15,086 - Solver - INFO - [Worker 1] Candidate 1 check: Max absolute error = 16384
2025-05-02 14:41:15,086 - Solver - WARNING - [Worker 1] Candidate vector 1 failed verification (error too large: 16384).
2025-05-02 14:41:15,086 - Solver - WARNING - [Worker 1] No suitable solution vector found in the first 5 basis vectors.
2025-05-02 14:41:15,097 - Solver - ERROR - Failed to find solution for column 1.
2025-05-02 14:41:15,681 - Solver - INFO - [Worker 0] BKZ reduction finished in 71.10s.
2025-05-02 14:41:15,681 - Solver - INFO - [Worker 0] Analyzing first few vectors of reduced basis...
2025-05-02 14:41:15,681 - Solver - WARNING - [Worker 0] No suitable solution vector found in the first 5 basis vectors.
2025-05-02 14:41:15,692 - Solver - ERROR - Failed to find solution for column 0.
2025-05-02 14:41:23,376 - Solver - INFO - [Worker 3] BKZ reduction finished in 78.78s.
2025-05-02 14:41:23,376 - Solver - INFO - [Worker 3] Analyzing first few vectors of reduced basis...
2025-05-02 14:41:23,376 - Solver - WARNING - [Worker 3] No suitable solution vector found in the first 5 basis vectors.
2025-05-02 14:41:23,387 - Solver - ERROR - Failed to find solution for column 3.
2025-05-02 14:41:25,852 - Solver - INFO - [Worker 6] BKZ reduction finished in 81.24s.
2025-05-02 14:41:25,853 - Solver - INFO - [Worker 6] Analyzing first few vectors of reduced basis...
2025-05-02 14:41:25,853 - Solver - WARNING - [Worker 6] No suitable solution vector found in the first 5 basis vectors.
2025-05-02 14:41:25,864 - Solver - ERROR - Failed to find solution for column 6.
2025-05-02 14:41:31,824 - Solver - INFO - [Worker 2] BKZ reduction finished in 87.24s.
2025-05-02 14:41:31,824 - Solver - INFO - [Worker 2] Analyzing first few vectors of reduced basis...
2025-05-02 14:41:31,825 - Solver - WARNING - [Worker 2] No suitable solution vector found in the first 5 basis vectors.
2025-05-02 14:41:31,836 - Solver - ERROR - Failed to find solution for column 2.
2025-05-02 14:41:35,509 - Solver - INFO - [Worker 7] BKZ reduction finished in 90.89s.
2025-05-02 14:41:35,509 - Solver - INFO - [Worker 7] Analyzing first few vectors of reduced basis...
2025-05-02 14:41:35,510 - Solver - WARNING - [Worker 7] No suitable solution vector found in the first 5 basis vectors.
2025-05-02 14:41:35,521 - Solver - ERROR - Failed to find solution for column 7.
2025-05-02 14:41:37,067 - Solver - INFO - [Worker 5] BKZ reduction finished in 92.46s.
2025-05-02 14:41:37,067 - Solver - INFO - [Worker 5] Analyzing first few vectors of reduced basis...
2025-05-02 14:41:37,068 - Solver - INFO - [Worker 5] Found candidate vector 4 with last coord 1.
2025-05-02 14:41:37,069 - Solver - INFO - [Worker 5] Candidate 4 check: Max absolute error = 16384
2025-05-02 14:41:37,069 - Solver - WARNING - [Worker 5] Candidate vector 4 failed verification (error too large: 16384).
2025-05-02 14:41:37,069 - Solver - WARNING - [Worker 5] No suitable solution vector found in the first 5 basis vectors.
2025-05-02 14:41:37,080 - Solver - ERROR - Failed to find solution for column 5.
2025-05-02 14:41:41,591 - Solver - INFO - [Worker 4] BKZ reduction finished in 96.99s.
2025-05-02 14:41:41,591 - Solver - INFO - [Worker 4] Analyzing first few vectors of reduced basis...
2025-05-02 14:41:41,591 - Solver - WARNING - [Worker 4] No suitable solution vector found in the first 5 basis vectors.
2025-05-02 14:41:41,602 - Solver - ERROR - Failed to find solution for column 4.
2025-05-02 14:41:41,627 - Solver - INFO - Parallel solving finished in 97.21s.
2025-05-02 14:41:41,627 - Solver - INFO - Reconstructing final S matrix...
2025-05-02 14:41:41,627 - Solver - ERROR - Column 0 data is missing. Final matrix will be incomplete.
2025-05-02 14:41:41,627 - Solver - ERROR - Column 1 data is missing. Final matrix will be incomplete.
2025-05-02 14:41:41,627 - Solver - ERROR - Column 2 data is missing. Final matrix will be incomplete.
2025-05-02 14:41:41,627 - Solver - ERROR - Column 3 data is missing. Final matrix will be incomplete.
2025-05-02 14:41:41,627 - Solver - ERROR - Column 4 data is missing. Final matrix will be incomplete.
2025-05-02 14:41:41,627 - Solver - ERROR - Column 5 data is missing. Final matrix will be incomplete.
2025-05-02 14:41:41,627 - Solver - ERROR - Column 6 data is missing. Final matrix will be incomplete.
2025-05-02 14:41:41,627 - Solver - ERROR - Column 7 data is missing. Final matrix will be incomplete.
2025-05-02 14:41:41,628 - Solver - ERROR - Failed to recover all attempted columns of S. Cannot verify.
2025-05-02 14:41:41,628 - Solver - INFO - Saved recovered S matrix (shape (640, 8)) to recovered_S_119008041.npy
2025-05-02 14:41:41,628 - Solver - INFO - Solver script finished.

Recovered S matrix (first 5 rows, 8 columns):
[[-999 -999 -999 -999 -999 -999 -999 -999]
 [-999 -999 -999 -999 -999 -999 -999 -999]
 [-999 -999 -999 -999 -999 -999 -999 -999]
 [-999 -999 -999 -999 -999 -999 -999 -999]
 [-999 -999 -999 -999 -999 -999 -999 -999]]
