2025-05-02 22:01:38,661 - Solver - INFO - Attempting to load solver data from: solver_inputs/solver_inputs_119008041.pkl
2025-05-02 22:01:38,662 - Solver - INFO - Successfully loaded data for UID: 119008041
2025-05-02 22:01:38,662 - Solver - INFO - Initializing KEM to generate Matrix A...
2025-05-02 22:01:38,663 - Solver - INFO - KEM Params: q=32768, n=640, nbar=8, Mod_Approx=8192
2025-05-02 22:01:38,663 - Solver - INFO - Generating matrix A (this might take a moment)...
2025-05-02 22:01:38,806 - Solver - INFO - Matrix A generated ((640, 640))
2025-05-02 22:01:38,806 - Solver - INFO - Matrix B loaded ((640, 8))
2025-05-02 22:01:38,806 - Solver - INFO - Constructing S_known matrix from approximations...
2025-05-02 22:01:38,810 - Solver - INFO - S_known_matrix (mod 8192) constructed. Processed: 5120, Missing: 0.
2025-05-02 22:01:38,810 - Solver - WARNING - Reminder: Conversion from delta_thresh to S_known is currently a PLACEHOLDER.
2025-05-02 22:01:38,813 - Solver - INFO -   SUCCESS: S_known column matches S_true column (mod 8192)!
2025-05-02 22:01:38,813 - Solver - WARNING - !!! MOCKING SOLVER - Using S_true directly as recovered S !!!
2025-05-02 22:01:38,813 - Solver - INFO - Performing final verification: Check if || B - AS || is small...
2025-05-02 22:01:38,816 - Solver - INFO - Verification Check: Max Abs Error = 10, Mean Abs Error = 2.21
2025-05-02 22:01:38,816 - Solver - INFO - Verification SUCCESS: Recovered error matrix E seems small, S is likely correct.
2025-05-02 22:01:38,816 - Solver - INFO - Saved recovered S matrix (shape (640, 8)) to recovered_S_119008041.npy
2025-05-02 22:01:38,816 - Solver - INFO - Solver script finished.

Recovered S matrix (first 5 rows, 8 columns):
[[ 1 -1 -4 -1  0  0 -2 -1]
 [-4 -3 -2  1 -2 -2 -6 -3]
 [-3 -1 -6 -2 -1  1 -3 -8]
 [-5  0  0 -2 -1 -4  0 -2]
 [ 1 -7  0  3 -7 -2 -2  1]]
