2025-05-02 23:11:40,248 - Solver - INFO - Attempting to load solver data from: solver_inputs/solver_inputs_119008041.pkl
2025-05-02 23:11:40,249 - Solver - INFO - Successfully loaded data for UID: 119008041
2025-05-02 23:11:40,250 - Solver - INFO - Initializing KEM to generate Matrix A...
2025-05-02 23:11:40,250 - Solver - INFO - KEM Params: q=32768, n=640, nbar=8, Mod_Approx=8192
2025-05-02 23:11:40,250 - Solver - INFO - Generating matrix A (this might take a moment)...
2025-05-02 23:11:40,389 - Solver - INFO - Matrix A generated ((640, 640))
2025-05-02 23:11:40,389 - Solver - INFO - Matrix B loaded ((640, 8))
2025-05-02 23:11:40,389 - Solver - INFO - Constructing S_known matrix from approximations...
2025-05-02 23:11:40,394 - Solver - INFO - S_known_matrix (mod 8192) constructed. Processed: 5120, Missing: 0.
2025-05-02 23:11:40,396 - Solver - INFO - Attempting to solve 8 columns using 8 workers.
2025-05-02 23:11:40,396 - Solver - INFO - BKZ Parameters: Block Size = 20, Float Type = mp
2025-05-02 23:11:40,396 - Solver - INFO - Starting parallel lattice reduction...
2025-05-02 23:11:40,420 - Solver - INFO - [Worker 0] Starting...
2025-05-02 23:11:40,426 - Solver - INFO - [Worker 0] Constructing basis matrix (641x641)...
2025-05-02 23:11:40,427 - Solver - INFO - [Worker 1] Starting...
2025-05-02 23:11:40,432 - Solver - INFO - [Worker 2] Starting...
2025-05-02 23:11:40,432 - Solver - INFO - [Worker 1] Constructing basis matrix (641x641)...
2025-05-02 23:11:40,437 - Solver - INFO - [Worker 3] Starting...
2025-05-02 23:11:40,437 - Solver - INFO - [Worker 2] Constructing basis matrix (641x641)...
2025-05-02 23:11:40,442 - Solver - INFO - [Worker 4] Starting...
2025-05-02 23:11:40,442 - Solver - INFO - [Worker 3] Constructing basis matrix (641x641)...
2025-05-02 23:11:40,447 - Solver - INFO - [Worker 5] Starting...
2025-05-02 23:11:40,447 - Solver - INFO - [Worker 4] Constructing basis matrix (641x641)...
2025-05-02 23:11:40,452 - Solver - INFO - [Worker 6] Starting...
2025-05-02 23:11:40,453 - Solver - INFO - [Worker 5] Constructing basis matrix (641x641)...
2025-05-02 23:11:40,457 - Solver - INFO - [Worker 7] Starting...
2025-05-02 23:11:40,458 - Solver - INFO - [Worker 6] Constructing basis matrix (641x641)...
2025-05-02 23:11:40,463 - Solver - INFO - [Worker 7] Constructing basis matrix (641x641)...
2025-05-02 23:11:40,559 - Solver - INFO - [Worker 0] Basis matrix created.
2025-05-02 23:11:40,559 - Solver - INFO - [Worker 0] Starting BKZ reduction (block size 20)...
2025-05-02 23:11:40,566 - Solver - INFO - [Worker 1] Basis matrix created.
2025-05-02 23:11:40,566 - Solver - INFO - [Worker 1] Starting BKZ reduction (block size 20)...
2025-05-02 23:11:40,571 - Solver - INFO - [Worker 2] Basis matrix created.
2025-05-02 23:11:40,571 - Solver - INFO - [Worker 2] Starting BKZ reduction (block size 20)...
2025-05-02 23:11:40,576 - Solver - INFO - [Worker 3] Basis matrix created.
2025-05-02 23:11:40,576 - Solver - INFO - [Worker 3] Starting BKZ reduction (block size 20)...
2025-05-02 23:11:40,581 - Solver - INFO - [Worker 4] Basis matrix created.
2025-05-02 23:11:40,581 - Solver - INFO - [Worker 4] Starting BKZ reduction (block size 20)...
2025-05-02 23:11:40,586 - Solver - INFO - [Worker 5] Basis matrix created.
2025-05-02 23:11:40,586 - Solver - INFO - [Worker 5] Starting BKZ reduction (block size 20)...
2025-05-02 23:11:40,591 - Solver - INFO - [Worker 6] Basis matrix created.
2025-05-02 23:11:40,591 - Solver - INFO - [Worker 6] Starting BKZ reduction (block size 20)...
2025-05-02 23:11:40,596 - Solver - INFO - [Worker 7] Basis matrix created.
2025-05-02 23:11:40,596 - Solver - INFO - [Worker 7] Starting BKZ reduction (block size 20)...
2025-05-02 23:12:53,042 - Solver - INFO - [Worker 6] BKZ reduction finished in 72.45s.
2025-05-02 23:12:53,043 - Solver - INFO - [Worker 6] Analyzing first few vectors of reduced basis...
2025-05-02 23:12:53,043 - Solver - INFO - [Worker 6] Checking first 5 basis vectors (Block size: 20).
2025-05-02 23:12:53,043 - Solver - WARNING - [Worker 6] No suitable solution vector found in the first 5 basis vectors.
2025-05-02 23:12:53,055 - Solver - ERROR - Failed to find solution for column 6.
2025-05-02 23:13:02,624 - Solver - INFO - [Worker 5] BKZ reduction finished in 82.04s.
2025-05-02 23:13:02,624 - Solver - INFO - [Worker 5] Analyzing first few vectors of reduced basis...
2025-05-02 23:13:02,624 - Solver - INFO - [Worker 5] Checking first 5 basis vectors (Block size: 20).
2025-05-02 23:13:02,625 - Solver - INFO - [Worker 5] Found candidate vector 3 with last coord -1 (non-zero s part).
2025-05-02 23:13:02,625 - Solver - INFO - [Worker 5] Candidate 3 check: Max absolute error = 9
2025-05-02 23:13:02,625 - Solver - INFO - [Worker 5] Candidate vector 3 verified (error seems small). Solution found.
2025-05-02 23:13:02,637 - Solver - INFO - Successfully processed column 5.
2025-05-02 23:13:05,448 - Solver - INFO - [Worker 7] BKZ reduction finished in 84.85s.
2025-05-02 23:13:05,448 - Solver - INFO - [Worker 7] Analyzing first few vectors of reduced basis...
2025-05-02 23:13:05,448 - Solver - INFO - [Worker 7] Checking first 5 basis vectors (Block size: 20).
2025-05-02 23:13:05,449 - Solver - WARNING - [Worker 7] No suitable solution vector found in the first 5 basis vectors.
2025-05-02 23:13:05,460 - Solver - ERROR - Failed to find solution for column 7.
2025-05-02 23:13:08,046 - Solver - INFO - [Worker 3] BKZ reduction finished in 87.47s.
2025-05-02 23:13:08,046 - Solver - INFO - [Worker 3] Analyzing first few vectors of reduced basis...
2025-05-02 23:13:08,046 - Solver - INFO - [Worker 3] Checking first 5 basis vectors (Block size: 20).
2025-05-02 23:13:08,047 - Solver - INFO - [Worker 3] Found candidate vector 2 with last coord -1 (non-zero s part).
2025-05-02 23:13:08,047 - Solver - INFO - [Worker 3] Candidate 2 check: Max absolute error = 9
2025-05-02 23:13:08,047 - Solver - INFO - [Worker 3] Candidate vector 2 verified (error seems small). Solution found.
2025-05-02 23:13:08,059 - Solver - INFO - Successfully processed column 3.
2025-05-02 23:13:14,372 - Solver - INFO - [Worker 4] BKZ reduction finished in 93.79s.
2025-05-02 23:13:14,372 - Solver - INFO - [Worker 4] Analyzing first few vectors of reduced basis...
2025-05-02 23:13:14,372 - Solver - INFO - [Worker 4] Checking first 5 basis vectors (Block size: 20).
2025-05-02 23:13:14,373 - Solver - INFO - [Worker 4] Found candidate vector 2 with last coord -1 (non-zero s part).
2025-05-02 23:13:14,373 - Solver - INFO - [Worker 4] Candidate 2 check: Max absolute error = 9
2025-05-02 23:13:14,373 - Solver - INFO - [Worker 4] Candidate vector 2 verified (error seems small). Solution found.
2025-05-02 23:13:14,385 - Solver - INFO - Successfully processed column 4.
2025-05-02 23:13:15,266 - Solver - INFO - [Worker 2] BKZ reduction finished in 94.70s.
2025-05-02 23:13:15,266 - Solver - INFO - [Worker 2] Analyzing first few vectors of reduced basis...
2025-05-02 23:13:15,266 - Solver - INFO - [Worker 2] Checking first 5 basis vectors (Block size: 20).
2025-05-02 23:13:15,267 - Solver - INFO - [Worker 2] Found candidate vector 3 with last coord -1 (non-zero s part).
2025-05-02 23:13:15,267 - Solver - INFO - [Worker 2] Candidate 3 check: Max absolute error = 9
2025-05-02 23:13:15,267 - Solver - INFO - [Worker 2] Candidate vector 3 verified (error seems small). Solution found.
2025-05-02 23:13:15,278 - Solver - INFO - Successfully processed column 2.
2025-05-02 23:13:17,510 - Solver - INFO - [Worker 1] BKZ reduction finished in 96.94s.
2025-05-02 23:13:17,510 - Solver - INFO - [Worker 1] Analyzing first few vectors of reduced basis...
2025-05-02 23:13:17,510 - Solver - INFO - [Worker 1] Checking first 5 basis vectors (Block size: 20).
2025-05-02 23:13:17,511 - Solver - INFO - [Worker 1] Found candidate vector 4 with last coord 1 (non-zero s part).
2025-05-02 23:13:17,512 - Solver - INFO - [Worker 1] Candidate 4 check: Max absolute error = 10
2025-05-02 23:13:17,512 - Solver - INFO - [Worker 1] Candidate vector 4 verified (error seems small). Solution found.
2025-05-02 23:13:17,523 - Solver - INFO - Successfully processed column 1.
2025-05-02 23:13:20,323 - Solver - INFO - [Worker 0] BKZ reduction finished in 99.76s.
2025-05-02 23:13:20,323 - Solver - INFO - [Worker 0] Analyzing first few vectors of reduced basis...
2025-05-02 23:13:20,323 - Solver - INFO - [Worker 0] Checking first 5 basis vectors (Block size: 20).
2025-05-02 23:13:20,323 - Solver - INFO - [Worker 0] Found candidate vector 1 with last coord 1 (non-zero s part).
2025-05-02 23:13:20,324 - Solver - INFO - [Worker 0] Candidate 1 check: Max absolute error = 9
2025-05-02 23:13:20,324 - Solver - INFO - [Worker 0] Candidate vector 1 verified (error seems small). Solution found.
2025-05-02 23:13:20,335 - Solver - INFO - Successfully processed column 0.
2025-05-02 23:13:20,357 - Solver - INFO - Initial parallel solving finished in 99.96s.
2025-05-02 23:13:20,357 - Solver - INFO - --- Retrying 2 failed columns ([6, 7]) with BKZ block size 30 ---
2025-05-02 23:13:20,374 - Solver - INFO - [Worker 6] Starting...
2025-05-02 23:13:20,379 - Solver - INFO - [Worker 6] Constructing basis matrix (641x641)...
2025-05-02 23:13:20,379 - Solver - INFO - [Worker 7] Starting...
2025-05-02 23:13:20,384 - Solver - INFO - [Worker 7] Constructing basis matrix (641x641)...
2025-05-02 23:13:20,513 - Solver - INFO - [Worker 6] Basis matrix created.
2025-05-02 23:13:20,513 - Solver - INFO - [Worker 6] Starting BKZ reduction (block size 30)...
2025-05-02 23:13:20,518 - Solver - INFO - [Worker 7] Basis matrix created.
2025-05-02 23:13:20,518 - Solver - INFO - [Worker 7] Starting BKZ reduction (block size 30)...
2025-05-02 23:14:46,214 - Solver - INFO - [Worker 6] BKZ reduction finished in 85.70s.
2025-05-02 23:14:46,215 - Solver - INFO - [Worker 6] Analyzing first few vectors of reduced basis...
2025-05-02 23:14:46,215 - Solver - INFO - [Worker 6] Checking first 7 basis vectors (Block size: 30).
2025-05-02 23:14:46,216 - Solver - WARNING - [Worker 6] No suitable solution vector found in the first 7 basis vectors.
2025-05-02 23:14:46,227 - Solver - ERROR - Failed to find solution for column 6 on RETRY (BKZ 30).
2025-05-02 23:15:54,109 - Solver - INFO - [Worker 7] BKZ reduction finished in 153.59s.
2025-05-02 23:15:54,110 - Solver - INFO - [Worker 7] Analyzing first few vectors of reduced basis...
2025-05-02 23:15:54,110 - Solver - INFO - [Worker 7] Checking first 7 basis vectors (Block size: 30).
2025-05-02 23:15:54,111 - Solver - WARNING - [Worker 7] No suitable solution vector found in the first 7 basis vectors.
2025-05-02 23:15:54,122 - Solver - ERROR - Failed to find solution for column 7 on RETRY (BKZ 30).
2025-05-02 23:15:54,134 - Solver - INFO - Retry phase (BKZ 30) finished in 153.78s.
2025-05-02 23:15:54,134 - Solver - INFO - --- Retrying 2 failed columns ([6, 7]) with BKZ block size 40 ---
2025-05-02 23:15:54,151 - Solver - INFO - [Worker 6] Starting...
2025-05-02 23:15:54,156 - Solver - INFO - [Worker 6] Constructing basis matrix (641x641)...
2025-05-02 23:15:54,156 - Solver - INFO - [Worker 7] Starting...
2025-05-02 23:15:54,161 - Solver - INFO - [Worker 7] Constructing basis matrix (641x641)...
2025-05-02 23:15:54,289 - Solver - INFO - [Worker 6] Basis matrix created.
2025-05-02 23:15:54,289 - Solver - INFO - [Worker 6] Starting BKZ reduction (block size 40)...
2025-05-02 23:15:54,294 - Solver - INFO - [Worker 7] Basis matrix created.
2025-05-02 23:15:54,294 - Solver - INFO - [Worker 7] Starting BKZ reduction (block size 40)...
2025-05-02 23:16:59,980 - Solver - INFO - [Worker 7] BKZ reduction finished in 65.69s.
2025-05-02 23:16:59,980 - Solver - INFO - [Worker 7] Analyzing first few vectors of reduced basis...
2025-05-02 23:16:59,980 - Solver - INFO - [Worker 7] Checking first 9 basis vectors (Block size: 40).
2025-05-02 23:16:59,981 - Solver - INFO - [Worker 7] Found candidate vector 8 with last coord -1 (non-zero s part).
2025-05-02 23:16:59,982 - Solver - INFO - [Worker 7] Candidate 8 check: Max absolute error = 9
2025-05-02 23:16:59,982 - Solver - INFO - [Worker 7] Candidate vector 8 verified (error seems small). Solution found.
2025-05-02 23:16:59,993 - Solver - INFO - Successfully processed column 7 on RETRY (BKZ 40).
2025-05-02 23:17:01,166 - Solver - INFO - [Worker 6] BKZ reduction finished in 66.88s.
2025-05-02 23:17:01,166 - Solver - INFO - [Worker 6] Analyzing first few vectors of reduced basis...
2025-05-02 23:17:01,166 - Solver - INFO - [Worker 6] Checking first 9 basis vectors (Block size: 40).
2025-05-02 23:17:01,167 - Solver - WARNING - [Worker 6] No suitable solution vector found in the first 9 basis vectors.
2025-05-02 23:17:01,178 - Solver - ERROR - Failed to find solution for column 6 on RETRY (BKZ 40).
2025-05-02 23:17:01,190 - Solver - INFO - Retry phase (BKZ 40) finished in 67.06s.
2025-05-02 23:17:01,190 - Solver - INFO - --- Retrying 1 failed columns ([6]) with BKZ block size 50 ---
2025-05-02 23:17:01,206 - Solver - INFO - [Worker 6] Starting...
2025-05-02 23:17:01,211 - Solver - INFO - [Worker 6] Constructing basis matrix (641x641)...
2025-05-02 23:17:01,344 - Solver - INFO - [Worker 6] Basis matrix created.
2025-05-02 23:17:01,344 - Solver - INFO - [Worker 6] Starting BKZ reduction (block size 50)...
2025-05-02 23:18:18,120 - Solver - INFO - [Worker 6] BKZ reduction finished in 76.78s.
2025-05-02 23:18:18,120 - Solver - INFO - [Worker 6] Analyzing first few vectors of reduced basis...
2025-05-02 23:18:18,120 - Solver - INFO - [Worker 6] Checking first 11 basis vectors (Block size: 50).
2025-05-02 23:18:18,121 - Solver - INFO - [Worker 6] Found candidate vector 8 with last coord -1 (non-zero s part).
2025-05-02 23:18:18,122 - Solver - INFO - [Worker 6] Candidate 8 check: Max absolute error = 8
2025-05-02 23:18:18,122 - Solver - INFO - [Worker 6] Candidate vector 8 verified (error seems small). Solution found.
2025-05-02 23:18:18,133 - Solver - INFO - Successfully processed column 6 on RETRY (BKZ 50).
2025-05-02 23:18:18,143 - Solver - INFO - Retry phase (BKZ 50) finished in 76.95s.
2025-05-02 23:18:18,143 - Solver - INFO - All columns successfully processed (potentially after retries).
2025-05-02 23:18:18,143 - Solver - INFO - Reconstructing final S matrix (using results from initial run and retries)...
2025-05-02 23:18:18,143 - Solver - INFO - Reconstructed column 0.
2025-05-02 23:18:18,144 - Solver - INFO - Reconstructed column 1.
2025-05-02 23:18:18,144 - Solver - INFO - Reconstructed column 2.
2025-05-02 23:18:18,144 - Solver - INFO - Reconstructed column 3.
2025-05-02 23:18:18,144 - Solver - INFO - Reconstructed column 4.
2025-05-02 23:18:18,145 - Solver - INFO - Reconstructed column 5.
2025-05-02 23:18:18,145 - Solver - INFO - Reconstructed column 6.
2025-05-02 23:18:18,145 - Solver - INFO - Reconstructed column 7.
2025-05-02 23:18:18,145 - Solver - INFO - Successfully reconstructed all attempted columns of S.
2025-05-02 23:18:18,145 - Solver - INFO - Performing final verification: Check if || B - AS || is small...
2025-05-02 23:18:18,148 - Solver - INFO - Verification Check: Max Abs Error = 10, Mean Abs Error = 2.21
2025-05-02 23:18:18,148 - Solver - INFO - Verification SUCCESS: Recovered error matrix E seems small, S is likely correct.
2025-05-02 23:18:18,148 - Solver - INFO - Saved recovered S matrix (shape (640, 8)) to recovered_S_119008041.npy
2025-05-02 23:18:18,148 - Solver - INFO - Solver script finished.

Recovered S matrix (first 5 rows, 8 columns):
[[ 1 -1 -4 -1  0  0 -2 -1]
 [-4 -3 -2  1 -2 -2 -6 -3]
 [-3 -1 -6 -2 -1  1 -3 -8]
 [-5  0  0 -2 -1 -4  0 -2]
 [ 1 -7  0  3 -7 -2 -2  1]]
