2025-05-03 00:59:17,686 - Solver - INFO - Attempting to load solver data from: solver_inputs/solver_inputs_119008041.pkl
2025-05-03 00:59:17,688 - Solver - INFO - Successfully loaded data for UID: 119008041
2025-05-03 00:59:17,688 - Solver - INFO - Initializing KEM to generate Matrix A...
2025-05-03 00:59:17,688 - Solver - INFO - KEM Params: q=32768, n=640, nbar=8, Mod_Approx=8192
2025-05-03 00:59:17,688 - Solver - INFO - Generating matrix A (this might take a moment)...
2025-05-03 00:59:17,831 - Solver - INFO - Matrix A generated ((640, 640))
2025-05-03 00:59:17,831 - Solver - INFO - Matrix B loaded ((640, 8))
2025-05-03 00:59:17,831 - Solver - INFO - Constructing S_known matrix from approximations...
2025-05-03 00:59:17,836 - Solver - INFO - S_known_matrix (mod 8192) constructed. Processed: 5120, Missing: 0.
2025-05-03 00:59:17,838 - Solver - INFO - Attempting to solve 8 columns using 8 workers.
2025-05-03 00:59:17,838 - Solver - INFO - BKZ Parameters: Block Size = 20, Float Type = mp
2025-05-03 00:59:17,839 - Solver - INFO - Starting parallel lattice reduction...
2025-05-03 00:59:17,862 - Solver - INFO - [Worker 0] Starting...
2025-05-03 00:59:17,868 - Solver - INFO - [Worker 0] Constructing basis matrix (641x641)...
2025-05-03 00:59:17,869 - Solver - INFO - [Worker 1] Starting...
2025-05-03 00:59:17,874 - Solver - INFO - [Worker 2] Starting...
2025-05-03 00:59:17,875 - Solver - INFO - [Worker 1] Constructing basis matrix (641x641)...
2025-05-03 00:59:17,880 - Solver - INFO - [Worker 3] Starting...
2025-05-03 00:59:17,880 - Solver - INFO - [Worker 2] Constructing basis matrix (641x641)...
2025-05-03 00:59:17,885 - Solver - INFO - [Worker 4] Starting...
2025-05-03 00:59:17,885 - Solver - INFO - [Worker 3] Constructing basis matrix (641x641)...
2025-05-03 00:59:17,890 - Solver - INFO - [Worker 5] Starting...
2025-05-03 00:59:17,890 - Solver - INFO - [Worker 4] Constructing basis matrix (641x641)...
2025-05-03 00:59:17,895 - Solver - INFO - [Worker 6] Starting...
2025-05-03 00:59:17,896 - Solver - INFO - [Worker 5] Constructing basis matrix (641x641)...
2025-05-03 00:59:17,900 - Solver - INFO - [Worker 7] Starting...
2025-05-03 00:59:17,901 - Solver - INFO - [Worker 6] Constructing basis matrix (641x641)...
2025-05-03 00:59:17,906 - Solver - INFO - [Worker 7] Constructing basis matrix (641x641)...
2025-05-03 00:59:18,002 - Solver - INFO - [Worker 0] Basis matrix created.
2025-05-03 00:59:18,002 - Solver - INFO - [Worker 0] Starting BKZ reduction (block size 20)...
2025-05-03 00:59:18,009 - Solver - INFO - [Worker 1] Basis matrix created.
2025-05-03 00:59:18,009 - Solver - INFO - [Worker 1] Starting BKZ reduction (block size 20)...
2025-05-03 00:59:18,014 - Solver - INFO - [Worker 2] Basis matrix created.
2025-05-03 00:59:18,014 - Solver - INFO - [Worker 2] Starting BKZ reduction (block size 20)...
2025-05-03 00:59:18,020 - Solver - INFO - [Worker 3] Basis matrix created.
2025-05-03 00:59:18,020 - Solver - INFO - [Worker 3] Starting BKZ reduction (block size 20)...
2025-05-03 00:59:18,026 - Solver - INFO - [Worker 4] Basis matrix created.
2025-05-03 00:59:18,026 - Solver - INFO - [Worker 4] Starting BKZ reduction (block size 20)...
2025-05-03 00:59:18,030 - Solver - INFO - [Worker 5] Basis matrix created.
2025-05-03 00:59:18,030 - Solver - INFO - [Worker 5] Starting BKZ reduction (block size 20)...
2025-05-03 00:59:18,035 - Solver - INFO - [Worker 6] Basis matrix created.
2025-05-03 00:59:18,035 - Solver - INFO - [Worker 6] Starting BKZ reduction (block size 20)...
2025-05-03 00:59:18,040 - Solver - INFO - [Worker 7] Basis matrix created.
2025-05-03 00:59:18,040 - Solver - INFO - [Worker 7] Starting BKZ reduction (block size 20)...
2025-05-03 01:00:30,666 - Solver - INFO - [Worker 6] BKZ reduction finished in 72.63s.
2025-05-03 01:00:30,666 - Solver - INFO - [Worker 6] Analyzing first few vectors of reduced basis...
2025-05-03 01:00:30,666 - Solver - INFO - [Worker 6] Checking first 5 basis vectors (Block size: 20).
2025-05-03 01:00:30,666 - Solver - WARNING - [Worker 6] No suitable solution vector found in the first 5 basis vectors.
2025-05-03 01:00:30,679 - Solver - ERROR - Failed to find solution for column 6.
2025-05-03 01:00:40,267 - Solver - INFO - [Worker 5] BKZ reduction finished in 82.24s.
2025-05-03 01:00:40,267 - Solver - INFO - [Worker 5] Analyzing first few vectors of reduced basis...
2025-05-03 01:00:40,267 - Solver - INFO - [Worker 5] Checking first 5 basis vectors (Block size: 20).
2025-05-03 01:00:40,268 - Solver - INFO - [Worker 5] Found candidate vector 3 with last coord -1 (non-zero s part).
2025-05-03 01:00:40,268 - Solver - INFO - [Worker 5] Candidate 3 check: Max absolute error = 9
2025-05-03 01:00:40,268 - Solver - INFO - [Worker 5] Candidate vector 3 verified (error seems small). Solution found.
2025-05-03 01:00:40,280 - Solver - INFO - Successfully processed column 5.
2025-05-03 01:00:43,067 - Solver - INFO - [Worker 7] BKZ reduction finished in 85.03s.
2025-05-03 01:00:43,067 - Solver - INFO - [Worker 7] Analyzing first few vectors of reduced basis...
2025-05-03 01:00:43,067 - Solver - INFO - [Worker 7] Checking first 5 basis vectors (Block size: 20).
2025-05-03 01:00:43,068 - Solver - WARNING - [Worker 7] No suitable solution vector found in the first 5 basis vectors.
2025-05-03 01:00:43,080 - Solver - ERROR - Failed to find solution for column 7.
2025-05-03 01:00:45,693 - Solver - INFO - [Worker 3] BKZ reduction finished in 87.67s.
2025-05-03 01:00:45,693 - Solver - INFO - [Worker 3] Analyzing first few vectors of reduced basis...
2025-05-03 01:00:45,693 - Solver - INFO - [Worker 3] Checking first 5 basis vectors (Block size: 20).
2025-05-03 01:00:45,693 - Solver - INFO - [Worker 3] Found candidate vector 2 with last coord -1 (non-zero s part).
2025-05-03 01:00:45,694 - Solver - INFO - [Worker 3] Candidate 2 check: Max absolute error = 9
2025-05-03 01:00:45,694 - Solver - INFO - [Worker 3] Candidate vector 2 verified (error seems small). Solution found.
2025-05-03 01:00:45,705 - Solver - INFO - Successfully processed column 3.
2025-05-03 01:00:52,068 - Solver - INFO - [Worker 4] BKZ reduction finished in 94.04s.
2025-05-03 01:00:52,068 - Solver - INFO - [Worker 4] Analyzing first few vectors of reduced basis...
2025-05-03 01:00:52,068 - Solver - INFO - [Worker 4] Checking first 5 basis vectors (Block size: 20).
2025-05-03 01:00:52,068 - Solver - INFO - [Worker 4] Found candidate vector 2 with last coord -1 (non-zero s part).
2025-05-03 01:00:52,069 - Solver - INFO - [Worker 4] Candidate 2 check: Max absolute error = 9
2025-05-03 01:00:52,069 - Solver - INFO - [Worker 4] Candidate vector 2 verified (error seems small). Solution found.
2025-05-03 01:00:52,080 - Solver - INFO - Successfully processed column 4.
2025-05-03 01:00:52,621 - Solver - INFO - [Worker 2] BKZ reduction finished in 94.61s.
2025-05-03 01:00:52,621 - Solver - INFO - [Worker 2] Analyzing first few vectors of reduced basis...
2025-05-03 01:00:52,621 - Solver - INFO - [Worker 2] Checking first 5 basis vectors (Block size: 20).
2025-05-03 01:00:52,622 - Solver - INFO - [Worker 2] Found candidate vector 3 with last coord -1 (non-zero s part).
2025-05-03 01:00:52,623 - Solver - INFO - [Worker 2] Candidate 3 check: Max absolute error = 9
2025-05-03 01:00:52,623 - Solver - INFO - [Worker 2] Candidate vector 3 verified (error seems small). Solution found.
2025-05-03 01:00:52,634 - Solver - INFO - Successfully processed column 2.
2025-05-03 01:00:54,960 - Solver - INFO - [Worker 1] BKZ reduction finished in 96.95s.
2025-05-03 01:00:54,960 - Solver - INFO - [Worker 1] Analyzing first few vectors of reduced basis...
2025-05-03 01:00:54,960 - Solver - INFO - [Worker 1] Checking first 5 basis vectors (Block size: 20).
2025-05-03 01:00:54,961 - Solver - INFO - [Worker 1] Found candidate vector 4 with last coord 1 (non-zero s part).
2025-05-03 01:00:54,961 - Solver - INFO - [Worker 1] Candidate 4 check: Max absolute error = 10
2025-05-03 01:00:54,961 - Solver - INFO - [Worker 1] Candidate vector 4 verified (error seems small). Solution found.
2025-05-03 01:00:54,973 - Solver - INFO - Successfully processed column 1.
2025-05-03 01:00:57,842 - Solver - INFO - [Worker 0] BKZ reduction finished in 99.84s.
2025-05-03 01:00:57,842 - Solver - INFO - [Worker 0] Analyzing first few vectors of reduced basis...
2025-05-03 01:00:57,842 - Solver - INFO - [Worker 0] Checking first 5 basis vectors (Block size: 20).
2025-05-03 01:00:57,843 - Solver - INFO - [Worker 0] Found candidate vector 1 with last coord 1 (non-zero s part).
2025-05-03 01:00:57,843 - Solver - INFO - [Worker 0] Candidate 1 check: Max absolute error = 9
2025-05-03 01:00:57,843 - Solver - INFO - [Worker 0] Candidate vector 1 verified (error seems small). Solution found.
2025-05-03 01:00:57,855 - Solver - INFO - Successfully processed column 0.
2025-05-03 01:00:57,877 - Solver - INFO - Initial parallel solving finished in 100.04s.
2025-05-03 01:00:57,877 - Solver - INFO - --- Retrying 2 failed columns ([6, 7]) with DOUBLED BKZ block size 40 ---
2025-05-03 01:00:57,894 - Solver - INFO - [Worker 6] Starting...
2025-05-03 01:00:57,899 - Solver - INFO - [Worker 6] Constructing basis matrix (641x641)...
2025-05-03 01:00:57,899 - Solver - INFO - [Worker 7] Starting...
2025-05-03 01:00:57,904 - Solver - INFO - [Worker 7] Constructing basis matrix (641x641)...
2025-05-03 01:00:58,033 - Solver - INFO - [Worker 6] Basis matrix created.
2025-05-03 01:00:58,034 - Solver - INFO - [Worker 6] Starting BKZ reduction (block size 40)...
2025-05-03 01:00:58,038 - Solver - INFO - [Worker 7] Basis matrix created.
2025-05-03 01:00:58,038 - Solver - INFO - [Worker 7] Starting BKZ reduction (block size 40)...
2025-05-03 01:02:03,534 - Solver - INFO - [Worker 7] BKZ reduction finished in 65.50s.
2025-05-03 01:02:03,534 - Solver - INFO - [Worker 7] Analyzing first few vectors of reduced basis...
2025-05-03 01:02:03,535 - Solver - INFO - [Worker 7] Checking first 9 basis vectors (Block size: 40).
2025-05-03 01:02:03,536 - Solver - INFO - [Worker 7] Found candidate vector 8 with last coord -1 (non-zero s part).
2025-05-03 01:02:03,536 - Solver - INFO - [Worker 7] Candidate 8 check: Max absolute error = 9
2025-05-03 01:02:03,536 - Solver - INFO - [Worker 7] Candidate vector 8 verified (error seems small). Solution found.
2025-05-03 01:02:03,548 - Solver - INFO - Successfully processed column 7 on RETRY (BKZ 40).
2025-05-03 01:02:04,955 - Solver - INFO - [Worker 6] BKZ reduction finished in 66.92s.
2025-05-03 01:02:04,955 - Solver - INFO - [Worker 6] Analyzing first few vectors of reduced basis...
2025-05-03 01:02:04,955 - Solver - INFO - [Worker 6] Checking first 9 basis vectors (Block size: 40).
2025-05-03 01:02:04,956 - Solver - WARNING - [Worker 6] No suitable solution vector found in the first 9 basis vectors.
2025-05-03 01:02:04,967 - Solver - ERROR - Failed to find solution for column 6 on RETRY (BKZ 40).
2025-05-03 01:02:04,979 - Solver - INFO - Retry phase (BKZ 40) finished in 67.10s.
2025-05-03 01:02:04,979 - Solver - INFO - --- Retrying 1 failed columns ([6]) with DOUBLED BKZ block size 80 ---
2025-05-03 01:02:04,995 - Solver - INFO - [Worker 6] Starting...
2025-05-03 01:02:05,000 - Solver - INFO - [Worker 6] Constructing basis matrix (641x641)...
2025-05-03 01:02:05,134 - Solver - INFO - [Worker 6] Basis matrix created.
2025-05-03 01:02:05,134 - Solver - INFO - [Worker 6] Starting BKZ reduction (block size 80)...
2025-05-03 01:04:44,771 - Solver - INFO - [Worker 6] BKZ reduction finished in 159.64s.
2025-05-03 01:04:44,771 - Solver - INFO - [Worker 6] Analyzing first few vectors of reduced basis...
2025-05-03 01:04:44,771 - Solver - INFO - [Worker 6] Checking first 17 basis vectors (Block size: 80).
2025-05-03 01:04:44,773 - Solver - INFO - [Worker 6] Found candidate vector 8 with last coord -1 (non-zero s part).
2025-05-03 01:04:44,773 - Solver - INFO - [Worker 6] Candidate 8 check: Max absolute error = 8
2025-05-03 01:04:44,773 - Solver - INFO - [Worker 6] Candidate vector 8 verified (error seems small). Solution found.
2025-05-03 01:04:44,785 - Solver - INFO - Successfully processed column 6 on RETRY (BKZ 80).
2025-05-03 01:04:44,797 - Solver - INFO - Retry phase (BKZ 80) finished in 159.82s.
2025-05-03 01:04:44,797 - Solver - INFO - All columns successfully processed (potentially after retries).
2025-05-03 01:04:44,797 - Solver - INFO - Reconstructing final S matrix (using results from initial run and retries)...
2025-05-03 01:04:44,797 - Solver - INFO - Reconstructed column 0.
2025-05-03 01:04:44,798 - Solver - INFO - Reconstructed column 1.
2025-05-03 01:04:44,798 - Solver - INFO - Reconstructed column 2.
2025-05-03 01:04:44,798 - Solver - INFO - Reconstructed column 3.
2025-05-03 01:04:44,798 - Solver - INFO - Reconstructed column 4.
2025-05-03 01:04:44,798 - Solver - INFO - Reconstructed column 5.
2025-05-03 01:04:44,799 - Solver - INFO - Reconstructed column 6.
2025-05-03 01:04:44,799 - Solver - INFO - Reconstructed column 7.
2025-05-03 01:04:44,799 - Solver - INFO - Successfully reconstructed all attempted columns of S.
2025-05-03 01:04:44,799 - Solver - INFO - Performing final verification: Check if || B - AS || is small...
2025-05-03 01:04:44,802 - Solver - INFO - Verification Check: Max Abs Error = 10, Mean Abs Error = 2.21
2025-05-03 01:04:44,802 - Solver - INFO - Verification SUCCESS: Recovered error matrix E seems small, S is likely correct.
2025-05-03 01:04:44,802 - Solver - INFO - Saved recovered S matrix (shape (640, 8)) to recovered_S_119008041.npy
2025-05-03 01:04:44,802 - Solver - INFO - Solver script finished.

Recovered S matrix (first 5 rows, 8 columns):
[[ 1 -1 -4 -1  0  0 -2 -1]
 [-4 -3 -2  1 -2 -2 -6 -3]
 [-3 -1 -6 -2 -1  1 -3 -8]
 [-5  0  0 -2 -1 -4  0 -2]
 [ 1 -7  0  3 -7 -2 -2  1]]
