2025-05-02 22:37:59,074 - Solver - INFO - Attempting to load solver data from: solver_inputs/solver_inputs_119008041.pkl
2025-05-02 22:37:59,076 - Solver - INFO - Successfully loaded data for UID: 119008041
2025-05-02 22:37:59,076 - Solver - INFO - Initializing KEM to generate Matrix A...
2025-05-02 22:37:59,076 - Solver - INFO - KEM Params: q=32768, n=640, nbar=8, Mod_Approx=8192
2025-05-02 22:37:59,076 - Solver - INFO - Generating matrix A (this might take a moment)...
2025-05-02 22:37:59,214 - Solver - INFO - Matrix A generated ((640, 640))
2025-05-02 22:37:59,214 - Solver - INFO - Matrix B loaded ((640, 8))
2025-05-02 22:37:59,214 - Solver - INFO - Constructing S_known matrix from approximations...
2025-05-02 22:37:59,219 - Solver - INFO - S_known_matrix (mod 8192) constructed. Processed: 5120, Missing: 0.
2025-05-02 22:37:59,221 - Solver - INFO - Attempting to solve 8 columns using 8 workers.
2025-05-02 22:37:59,221 - Solver - INFO - BKZ Parameters: Block Size = 20, Float Type = mp
2025-05-02 22:37:59,221 - Solver - INFO - Starting parallel lattice reduction...
2025-05-02 22:37:59,245 - Solver - INFO - [Worker 0] Starting...
2025-05-02 22:37:59,250 - Solver - INFO - [Worker 0] Constructing basis matrix (641x641)...
2025-05-02 22:37:59,252 - Solver - INFO - [Worker 1] Starting...
2025-05-02 22:37:59,257 - Solver - INFO - [Worker 2] Starting...
2025-05-02 22:37:59,257 - Solver - INFO - [Worker 1] Constructing basis matrix (641x641)...
2025-05-02 22:37:59,263 - Solver - INFO - [Worker 2] Constructing basis matrix (641x641)...
2025-05-02 22:37:59,263 - Solver - INFO - [Worker 3] Starting...
2025-05-02 22:37:59,268 - Solver - INFO - [Worker 3] Constructing basis matrix (641x641)...
2025-05-02 22:37:59,268 - Solver - INFO - [Worker 4] Starting...
2025-05-02 22:37:59,273 - Solver - INFO - [Worker 4] Constructing basis matrix (641x641)...
2025-05-02 22:37:59,273 - Solver - INFO - [Worker 5] Starting...
2025-05-02 22:37:59,279 - Solver - INFO - [Worker 5] Constructing basis matrix (641x641)...
2025-05-02 22:37:59,279 - Solver - INFO - [Worker 6] Starting...
2025-05-02 22:37:59,284 - Solver - INFO - [Worker 6] Constructing basis matrix (641x641)...
2025-05-02 22:37:59,284 - Solver - INFO - [Worker 7] Starting...
2025-05-02 22:37:59,289 - Solver - INFO - [Worker 7] Constructing basis matrix (641x641)...
2025-05-02 22:37:59,384 - Solver - INFO - [Worker 0] Basis matrix created.
2025-05-02 22:37:59,384 - Solver - INFO - [Worker 0] Starting BKZ reduction (block size 20)...
2025-05-02 22:37:59,392 - Solver - INFO - [Worker 1] Basis matrix created.
2025-05-02 22:37:59,392 - Solver - INFO - [Worker 1] Starting BKZ reduction (block size 20)...
2025-05-02 22:37:59,396 - Solver - INFO - [Worker 2] Basis matrix created.
2025-05-02 22:37:59,396 - Solver - INFO - [Worker 2] Starting BKZ reduction (block size 20)...
2025-05-02 22:37:59,401 - Solver - INFO - [Worker 3] Basis matrix created.
2025-05-02 22:37:59,401 - Solver - INFO - [Worker 3] Starting BKZ reduction (block size 20)...
2025-05-02 22:37:59,407 - Solver - INFO - [Worker 4] Basis matrix created.
2025-05-02 22:37:59,407 - Solver - INFO - [Worker 4] Starting BKZ reduction (block size 20)...
2025-05-02 22:37:59,412 - Solver - INFO - [Worker 5] Basis matrix created.
2025-05-02 22:37:59,412 - Solver - INFO - [Worker 5] Starting BKZ reduction (block size 20)...
2025-05-02 22:37:59,418 - Solver - INFO - [Worker 6] Basis matrix created.
2025-05-02 22:37:59,418 - Solver - INFO - [Worker 6] Starting BKZ reduction (block size 20)...
2025-05-02 22:37:59,422 - Solver - INFO - [Worker 7] Basis matrix created.
2025-05-02 22:37:59,423 - Solver - INFO - [Worker 7] Starting BKZ reduction (block size 20)...
2025-05-02 22:39:12,180 - Solver - INFO - [Worker 6] BKZ reduction finished in 72.76s.
2025-05-02 22:39:12,180 - Solver - INFO - [Worker 6] Analyzing first few vectors of reduced basis...
2025-05-02 22:39:12,181 - Solver - WARNING - [Worker 6] No suitable solution vector found in the first 5 basis vectors.
2025-05-02 22:39:12,192 - Solver - ERROR - Failed to find solution for column 6.
2025-05-02 22:39:21,490 - Solver - INFO - [Worker 5] BKZ reduction finished in 82.08s.
2025-05-02 22:39:21,490 - Solver - INFO - [Worker 5] Analyzing first few vectors of reduced basis...
2025-05-02 22:39:21,491 - Solver - INFO - [Worker 5] Found candidate vector 3 with last coord -1 (non-zero s part).
2025-05-02 22:39:21,491 - Solver - INFO - [Worker 5] Candidate 3 check: Max absolute error = 9
2025-05-02 22:39:21,492 - Solver - INFO - [Worker 5] Candidate vector 3 verified (error seems small). Solution found.
2025-05-02 22:39:21,503 - Solver - INFO - Successfully processed column 5.
2025-05-02 22:39:24,400 - Solver - INFO - [Worker 7] BKZ reduction finished in 84.98s.
2025-05-02 22:39:24,400 - Solver - INFO - [Worker 7] Analyzing first few vectors of reduced basis...
2025-05-02 22:39:24,401 - Solver - WARNING - [Worker 7] No suitable solution vector found in the first 5 basis vectors.
2025-05-02 22:39:24,412 - Solver - ERROR - Failed to find solution for column 7.
2025-05-02 22:39:27,072 - Solver - INFO - [Worker 3] BKZ reduction finished in 87.67s.
2025-05-02 22:39:27,072 - Solver - INFO - [Worker 3] Analyzing first few vectors of reduced basis...
2025-05-02 22:39:27,073 - Solver - INFO - [Worker 3] Found candidate vector 2 with last coord -1 (non-zero s part).
2025-05-02 22:39:27,073 - Solver - INFO - [Worker 3] Candidate 2 check: Max absolute error = 9
2025-05-02 22:39:27,073 - Solver - INFO - [Worker 3] Candidate vector 2 verified (error seems small). Solution found.
2025-05-02 22:39:27,084 - Solver - INFO - Successfully processed column 3.
2025-05-02 22:39:33,673 - Solver - INFO - [Worker 4] BKZ reduction finished in 94.27s.
2025-05-02 22:39:33,673 - Solver - INFO - [Worker 4] Analyzing first few vectors of reduced basis...
2025-05-02 22:39:33,674 - Solver - INFO - [Worker 4] Found candidate vector 2 with last coord -1 (non-zero s part).
2025-05-02 22:39:33,674 - Solver - INFO - [Worker 4] Candidate 2 check: Max absolute error = 9
2025-05-02 22:39:33,674 - Solver - INFO - [Worker 4] Candidate vector 2 verified (error seems small). Solution found.
2025-05-02 22:39:33,685 - Solver - INFO - Successfully processed column 4.
2025-05-02 22:39:34,175 - Solver - INFO - [Worker 2] BKZ reduction finished in 94.78s.
2025-05-02 22:39:34,175 - Solver - INFO - [Worker 2] Analyzing first few vectors of reduced basis...
2025-05-02 22:39:34,176 - Solver - INFO - [Worker 2] Found candidate vector 3 with last coord -1 (non-zero s part).
2025-05-02 22:39:34,176 - Solver - INFO - [Worker 2] Candidate 3 check: Max absolute error = 9
2025-05-02 22:39:34,176 - Solver - INFO - [Worker 2] Candidate vector 3 verified (error seems small). Solution found.
2025-05-02 22:39:34,187 - Solver - INFO - Successfully processed column 2.
2025-05-02 22:39:36,735 - Solver - INFO - [Worker 1] BKZ reduction finished in 97.34s.
2025-05-02 22:39:36,735 - Solver - INFO - [Worker 1] Analyzing first few vectors of reduced basis...
2025-05-02 22:39:36,736 - Solver - INFO - [Worker 1] Found candidate vector 4 with last coord 1 (non-zero s part).
2025-05-02 22:39:36,737 - Solver - INFO - [Worker 1] Candidate 4 check: Max absolute error = 10
2025-05-02 22:39:36,737 - Solver - INFO - [Worker 1] Candidate vector 4 verified (error seems small). Solution found.
2025-05-02 22:39:36,748 - Solver - INFO - Successfully processed column 1.
2025-05-02 22:39:39,425 - Solver - INFO - [Worker 0] BKZ reduction finished in 100.04s.
2025-05-02 22:39:39,425 - Solver - INFO - [Worker 0] Analyzing first few vectors of reduced basis...
2025-05-02 22:39:39,426 - Solver - INFO - [Worker 0] Found candidate vector 1 with last coord 1 (non-zero s part).
2025-05-02 22:39:39,426 - Solver - INFO - [Worker 0] Candidate 1 check: Max absolute error = 9
2025-05-02 22:39:39,426 - Solver - INFO - [Worker 0] Candidate vector 1 verified (error seems small). Solution found.
2025-05-02 22:39:39,437 - Solver - INFO - Successfully processed column 0.
2025-05-02 22:39:39,460 - Solver - INFO - Parallel solving finished in 100.24s.
2025-05-02 22:39:39,460 - Solver - INFO - Reconstructing final S matrix...
2025-05-02 22:39:39,460 - Solver - INFO - Reconstructed column 0.
2025-05-02 22:39:39,461 - Solver - INFO - Reconstructed column 1.
2025-05-02 22:39:39,461 - Solver - INFO - Reconstructed column 2.
2025-05-02 22:39:39,461 - Solver - INFO - Reconstructed column 3.
2025-05-02 22:39:39,461 - Solver - INFO - Reconstructed column 4.
2025-05-02 22:39:39,462 - Solver - INFO - Reconstructed column 5.
2025-05-02 22:39:39,462 - Solver - ERROR - Column 6 data is missing. Final matrix will be incomplete.
2025-05-02 22:39:39,462 - Solver - ERROR - Column 7 data is missing. Final matrix will be incomplete.
2025-05-02 22:39:39,462 - Solver - ERROR - Failed to recover all attempted columns of S. Cannot verify full matrix.
2025-05-02 22:39:39,462 - Solver - INFO - Saved recovered S matrix (shape (640, 8)) to recovered_S_119008041.npy
2025-05-02 22:39:39,462 - Solver - INFO - Solver script finished.

Recovered S matrix (first 5 rows, 8 columns):
[[   1   -1   -4   -1    0    0 -999 -999]
 [  -4   -3   -2    1   -2   -2 -999 -999]
 [  -3   -1   -6   -2   -1    1 -999 -999]
 [  -5    0    0   -2   -1   -4 -999 -999]
 [   1   -7    0    3   -7   -2 -999 -999]]
